#
# A fatal error has been detected by the Java Runtime Environment:
#
#  SIGILL (0x4) at pc=0xb6d82e10, pid=8746, tid=3065244480
#
# JRE version: Java(TM) SE Runtime Environment (7.0_40-b43) (build 1.7.0_40-b43)
# Java VM: Java HotSpot(TM) Client VM (24.0-b56 mixed mode linux-x86 )
# Problematic frame:
# V  [libjvm.so+0x200e10]  Events::log_exception(Thread*, char const*, ...)+0x20
#
# Failed to write core dump. Core dumps have been disabled. To enable core dumping, try "ulimit -c unlimited" before starting Java again
#
# If you would like to submit a bug report, please visit:
#   http://bugreport.sun.com/bugreport/crash.jsp
#

---------------  T H R E A D  ---------------

Current thread (0xb690cc00):  JavaThread "main" [_thread_in_vm, id=8750, stack(0xb6aee000,0xb6b3f000)]

siginfo:si_signo=SIGILL: si_errno=0, si_code=2 (ILL_ILLOPN), si_addr=0xb6d82e10

Registers:
EAX=0x00000000, EBX=0xb7116868, ECX=0xb6908120, EDX=0x00000000
ESP=0xb6b3d1c0, EBP=0xb6b3d1e8, ESI=0xb6908120, EDI=0xb69083c8
EIP=0xb6d82e10, EFLAGS=0x00010286, CR2=0xb76fa100

Top of Stack: (sp=0xb6b3d1c0)
0xb6b3d1c0:   b690cc00 00000000 74a3400b 3ffbdfe9
0xb6b3d1d0:   a0510f58 b6908120 b70da474 b7116868
0xb6b3d1e0:   00000000 b069bdb8 b6b3d4e8 b6eac80b
0xb6b3d1f0:   b690cc00 b70c7507 a09d4d80 b70da474
0xb6b3d200:   000004dc b6b3d42c b690d370 b690d370
0xb6b3d210:   52490aa4 b6b3d238 b690cc00 b690d364
0xb6b3d220:   00000000 00000000 b690d368 b75c0ec5
0xb6b3d230:   001a9500 b690f2f8 b6b3d54c b470341a 

Instructions: (pc=0xb6d82e10)
0xb6d82df0:   55 89 e5 57 56 53 83 ec 1c e8 00 00 00 00 5b 81
0xb6d82e00:   c3 6a 3a 39 00 8b 83 10 f2 ff ff 80 38 00 75 08
0xb6d82e10:   8d 65 f4 5b 5e 5f 5d c3 8b 83 d4 fa ff ff 8d 7d
0xb6d82e20:   10 8b 30 8b 83 3c ea ff ff 8b 00 85 c0 75 e1 e8 

Register to memory mapping:

EAX=0x00000000 is an unknown value
EBX=0xb7116868: <offset 0x594868> in /usr/local/java/jdk1.7.0_40/jre/lib/i386/client/libjvm.so at 0xb6b82000
ECX=0xb6908120 is an unknown value
EDX=0x00000000 is an unknown value
ESP=0xb6b3d1c0 is pointing into the stack for thread: 0xb690cc00
EBP=0xb6b3d1e8 is pointing into the stack for thread: 0xb690cc00
ESI=0xb6908120 is an unknown value
EDI=0xb69083c8 is an unknown value


Stack: [0xb6aee000,0xb6b3f000],  sp=0xb6b3d1c0,  free space=316k
Native frames: (J=compiled Java code, j=interpreted, Vv=VM code, C=native code)
V  [libjvm.so+0x200e10]  Events::log_exception(Thread*, char const*, ...)+0x20
V  [libjvm.so+0x32a80b]  JVM_DoPrivileged+0x4eb
C  [libjava.so+0x9a4a]  Java_java_security_AccessController_doPrivileged__Ljava_security_PrivilegedExceptionAction_2Ljava_security_AccessControlContext_2+0x3a
j  java.security.AccessController.doPrivileged(Ljava/security/PrivilegedExceptionAction;Ljava/security/AccessControlContext;)Ljava/lang/Object;+0
j  java.net.URLClassLoader.findClass(Ljava/lang/String;)Ljava/lang/Class;+13
J  java.lang.ClassLoader.loadClass(Ljava/lang/String;Z)Ljava/lang/Class;
j  java.lang.ClassLoader.loadClass(Ljava/lang/String;)Ljava/lang/Class;+3
v  ~StubRoutines::call_stub
V  [libjvm.so+0x2a7875]  JavaCalls::call_helper(JavaValue*, methodHandle*, JavaCallArguments*, Thread*)+0x315
V  [libjvm.so+0x3fa1e9]  os::os_exception_wrapper(void (*)(JavaValue*, methodHandle*, JavaCallArguments*, Thread*), JavaValue*, methodHandle*, JavaCallArguments*, Thread*)+0x19
V  [libjvm.so+0x2a64ef]  JavaCalls::call(JavaValue*, methodHandle, JavaCallArguments*, Thread*)+0x2f
V  [libjvm.so+0x2a672a]  JavaCalls::call_virtual(JavaValue*, KlassHandle, Symbol*, Symbol*, JavaCallArguments*, Thread*)+0x10a
V  [libjvm.so+0x2a67f5]  JavaCalls::call_virtual(JavaValue*, Handle, KlassHandle, Symbol*, Symbol*, Handle, Thread*)+0x55
V  [libjvm.so+0x49e559]  SystemDictionary::load_instance_class(Symbol*, Handle, Thread*)+0x489
V  [libjvm.so+0x49cc52]  SystemDictionary::resolve_instance_class_or_null(Symbol*, Handle, Handle, Thread*)+0x742
V  [libjvm.so+0x49d0b9]  SystemDictionary::resolve_or_null(Symbol*, Handle, Handle, Thread*)+0x49
V  [libjvm.so+0x49e5d0]  SystemDictionary::resolve_or_fail(Symbol*, Handle, Handle, bool, Thread*)+0x30
V  [libjvm.so+0x1d5cfb]  constantPoolOopDesc::klass_at_impl(constantPoolHandle, int, Thread*)+0x1cb
V  [libjvm.so+0x29fdb7]  InterpreterRuntime::_new(JavaThread*, constantPoolOopDesc*, int)+0x67
j  org.glassfish.jersey.server.internal.routing.MultipleMethodAcceptor.addAllCombinations(Ljava/util/List;Lorg/glassfish/jersey/internal/util/collection/Pair;)V+360
j  org.glassfish.jersey.server.internal.routing.MultipleMethodAcceptor.<init>(Lorg/glassfish/hk2/inject/Injector;Lorg/glassfish/jersey/message/MessageBodyWorkers;Ljava/util/List;)V+120
j  org.glassfish.jersey.server.internal.routing.RuntimeModelProviderBase.getRuntimeModel()Lorg/glassfish/jersey/process/internal/TreeAcceptor;+108
j  org.glassfish.jersey.server.ApplicationBuilder.build()Lorg/glassfish/jersey/server/Application;+116
j  com.mycompany.sdb1web.Server.main([Ljava/lang/String;)V+75
v  ~StubRoutines::call_stub
V  [libjvm.so+0x2a7875]  JavaCalls::call_helper(JavaValue*, methodHandle*, JavaCallArguments*, Thread*)+0x315
V  [libjvm.so+0x3fa1e9]  os::os_exception_wrapper(void (*)(JavaValue*, methodHandle*, JavaCallArguments*, Thread*), JavaValue*, methodHandle*, JavaCallArguments*, Thread*)+0x19
V  [libjvm.so+0x2a64ef]  JavaCalls::call(JavaValue*, methodHandle, JavaCallArguments*, Thread*)+0x2f
V  [libjvm.so+0x2e28b2]  jni_invoke_static(JNIEnv_*, JavaValue*, _jobject*, JNICallType, _jmethodID*, JNI_ArgumentPusher*, Thread*)+0x242
V  [libjvm.so+0x2f8ada]  jni_CallStaticVoidMethod+0xca
C  [libjli.so+0x2e8d]  JavaMain+0x8bd
C  [libpthread.so.0+0x6d78]  start_thread+0xd8

Java frames: (J=compiled Java code, j=interpreted, Vv=VM code)
j  java.security.AccessController.doPrivileged(Ljava/security/PrivilegedExceptionAction;Ljava/security/AccessControlContext;)Ljava/lang/Object;+0
j  java.net.URLClassLoader.findClass(Ljava/lang/String;)Ljava/lang/Class;+13
J  java.lang.ClassLoader.loadClass(Ljava/lang/String;Z)Ljava/lang/Class;
J  java.lang.ClassLoader.loadClass(Ljava/lang/String;Z)Ljava/lang/Class;
j  sun.misc.Launcher$AppClassLoader.loadClass(Ljava/lang/String;Z)Ljava/lang/Class;+36
j  java.lang.ClassLoader.loadClass(Ljava/lang/String;)Ljava/lang/Class;+3
v  ~StubRoutines::call_stub
j  org.glassfish.jersey.server.internal.routing.MultipleMethodAcceptor.addAllCombinations(Ljava/util/List;Lorg/glassfish/jersey/internal/util/collection/Pair;)V+360
j  org.glassfish.jersey.server.internal.routing.MultipleMethodAcceptor.<init>(Lorg/glassfish/hk2/inject/Injector;Lorg/glassfish/jersey/message/MessageBodyWorkers;Ljava/util/List;)V+120
j  org.glassfish.jersey.server.internal.routing.RuntimeModelProviderBase.getRuntimeModel()Lorg/glassfish/jersey/process/internal/TreeAcceptor;+108
j  org.glassfish.jersey.server.ApplicationBuilder.build()Lorg/glassfish/jersey/server/Application;+116
j  com.mycompany.sdb1web.Server.main([Ljava/lang/String;)V+75
v  ~StubRoutines::call_stub

---------------  P R O C E S S  ---------------

Java Threads: ( => current thread )
  0xb6985400 JavaThread "Service Thread" daemon [_thread_blocked, id=8762, stack(0x9fd8c000,0x9fddd000)]
  0xb6983800 JavaThread "C1 CompilerThread0" daemon [_thread_blocked, id=8761, stack(0x9fddd000,0x9fe5e000)]
  0xa0100800 JavaThread "JDWP Command Reader" daemon [_thread_in_native, id=8759, stack(0x9fe5e000,0x9feaf000)]
  0xb697cc00 JavaThread "JDWP Event Helper Thread" daemon [_thread_blocked, id=8758, stack(0x9feaf000,0x9ff00000)]
  0xb697a400 JavaThread "JDWP Transport Listener: dt_socket" daemon [_thread_blocked, id=8757, stack(0xa000d000,0xa005e000)]
  0xb6970000 JavaThread "Signal Dispatcher" daemon [_thread_blocked, id=8754, stack(0xa005e000,0xa00af000)]
  0xb6960c00 JavaThread "Finalizer" daemon [_thread_blocked, id=8753, stack(0xa00af000,0xa0100000)]
  0xb695e400 JavaThread "Reference Handler" daemon [_thread_blocked, id=8752, stack(0xa0233000,0xa0284000)]
=>0xb690cc00 JavaThread "main" [_thread_in_vm, id=8750, stack(0xb6aee000,0xb6b3f000)]

Other Threads:
  0xb695cc00 VMThread [stack: 0xa0284000,0xa0305000] [id=8751]
  0xb6987c00 WatcherThread [stack: 0x9fd0b000,0x9fd8c000] [id=8763]

VM state:not at safepoint (normal execution)

VM Mutex/Monitor currently owned by a thread: None

Heap
 def new generation   total 4928K, used 3937K [0xa0680000, 0xa0bd0000, 0xa5bd0000)
  eden space 4416K,  77% used [0xa0680000, 0xa09d87a0, 0xa0ad0000)
  from space 512K, 100% used [0xa0b50000, 0xa0bd0000, 0xa0bd0000)
  to   space 512K,   0% used [0xa0ad0000, 0xa0ad0000, 0xa0b50000)
 tenured generation   total 10944K, used 2541K [0xa5bd0000, 0xa6680000, 0xb0680000)
   the space 10944K,  23% used [0xa5bd0000, 0xa5e4b4e8, 0xa5e4b600, 0xa6680000)
 compacting perm gen  total 12288K, used 4784K [0xb0680000, 0xb1280000, 0xb4680000)
   the space 12288K,  38% used [0xb0680000, 0xb0b2c038, 0xb0b2c200, 0xb1280000)
No shared spaces configured.

Card table byte_map: [0xa05df000,0xa0680000] byte_map_base: 0xa00dbc00

Polling page: 0xb773e000

Code Cache  [0xb4700000, 0xb4810000, 0xb6700000)
 total_blobs=480 nmethods=345 adapters=80 free_code_cache=31711Kb largest_free_block=32471744

Compilation events (10 events):
Event: 1,730 Thread 0xb6983800  343             java.util.regex.Pattern::next (33 bytes)
Event: 1,730 Thread 0xb6983800 nmethod 343 0xb4807388 code [0xb4807490, 0xb480756c]
Event: 1,731 Thread 0xb6983800  344             java.lang.Class::checkMemberAccess (67 bytes)
Event: 1,731 Thread 0xb6983800 nmethod 344 0xb4807648 code [0xb48077a0, 0xb48079b8]
Event: 1,732 Thread 0xb6983800  345             java.util.LinkedHashMap::addEntry (38 bytes)
Event: 1,732 Thread 0xb6983800 nmethod 345 0xb4807c88 code [0xb4807da0, 0xb4807eb4]
Event: 1,733 Thread 0xb6983800  346             java.util.Collections::unmodifiableMap (9 bytes)
Event: 1,733 Thread 0xb6983800 nmethod 346 0xb4807fc8 code [0xb48080d0, 0xb48081ac]
Event: 1,733 Thread 0xb6983800  347             java.util.Collections$UnmodifiableMap::<init> (37 bytes)
Event: 1,733 Thread 0xb6983800 nmethod 347 0xb4808248 code [0xb4808360, 0xb480849c]

GC Heap History (10 events):
Event: 0,513 GC heap before
{Heap before GC invocations=0 (full 0):
 def new generation   total 4928K, used 4416K [0xa0680000, 0xa0bd0000, 0xa5bd0000)
  eden space 4416K, 100% used [0xa0680000, 0xa0ad0000, 0xa0ad0000)
  from space 512K,   0% used [0xa0ad0000, 0xa0ad0000, 0xa0b50000)
  to   space 512K,   0% used [0xa0b50000, 0xa0b50000, 0xa0bd0000)
 tenured generation   total 10944K, used 0K [0xa5bd0000, 0xa6680000, 0xb0680000)
   the space 10944K,   0% used [0xa5bd0000, 0xa5bd0000, 0xa5bd0200, 0xa6680000)
 compacting perm gen  total 12288K, used 2378K [0xb0680000, 0xb1280000, 0xb4680000)
   the space 12288K,  19% used [0xb0680000, 0xb08d2890, 0xb08d2a00, 0xb1280000)
No shared spaces configured.
Event: 0,522 GC heap after
Heap after GC invocations=1 (full 0):
 def new generation   total 4928K, used 512K [0xa0680000, 0xa0bd0000, 0xa5bd0000)
  eden space 4416K,   0% used [0xa0680000, 0xa0680000, 0xa0ad0000)
  from space 512K, 100% used [0xa0b50000, 0xa0bd0000, 0xa0bd0000)
  to   space 512K,   0% used [0xa0ad0000, 0xa0ad0000, 0xa0b50000)
 tenured generation   total 10944K, used 628K [0xa5bd0000, 0xa6680000, 0xb0680000)
   the space 10944K,   5% used [0xa5bd0000, 0xa5c6d348, 0xa5c6d400, 0xa6680000)
 compacting perm gen  total 12288K, used 2378K [0xb0680000, 0xb1280000, 0xb4680000)
   the space 12288K,  19% used [0xb0680000, 0xb08d2890, 0xb08d2a00, 0xb1280000)
No shared spaces configured.
}
Event: 0,748 GC heap before
{Heap before GC invocations=1 (full 0):
 def new generation   total 4928K, used 4928K [0xa0680000, 0xa0bd0000, 0xa5bd0000)
  eden space 4416K, 100% used [0xa0680000, 0xa0ad0000, 0xa0ad0000)
  from space 512K, 100% used [0xa0b50000, 0xa0bd0000, 0xa0bd0000)
  to   space 512K,   0% used [0xa0ad0000, 0xa0ad0000, 0xa0b50000)
 tenured generation   total 10944K, used 628K [0xa5bd0000, 0xa6680000, 0xb0680000)
   the space 10944K,   5% used [0xa5bd0000, 0xa5c6d348, 0xa5c6d400, 0xa6680000)
 compacting perm gen  total 12288K, used 2985K [0xb0680000, 0xb1280000, 0xb4680000)
   the space 12288K,  24% used [0xb0680000, 0xb096a778, 0xb096a800, 0xb1280000)
No shared spaces configured.
Event: 0,756 GC heap after
Heap after GC invocations=2 (full 0):
 def new generation   total 4928K, used 511K [0xa0680000, 0xa0bd0000, 0xa5bd0000)
  eden space 4416K,   0% used [0xa0680000, 0xa0680000, 0xa0ad0000)
  from space 512K,  99% used [0xa0ad0000, 0xa0b4fff8, 0xa0b50000)
  to   space 512K,   0% used [0xa0b50000, 0xa0b50000, 0xa0bd0000)
 tenured generation   total 10944K, used 1409K [0xa5bd0000, 0xa6680000, 0xb0680000)
   the space 10944K,  12% used [0xa5bd0000, 0xa5d30768, 0xa5d30800, 0xa6680000)
 compacting perm gen  total 12288K, used 2985K [0xb0680000, 0xb1280000, 0xb4680000)
   the space 12288K,  24% used [0xb0680000, 0xb096a778, 0xb096a800, 0xb1280000)
No shared spaces configured.
}
Event: 0,912 GC heap before
{Heap before GC invocations=2 (full 0):
 def new generation   total 4928K, used 4927K [0xa0680000, 0xa0bd0000, 0xa5bd0000)
  eden space 4416K, 100% used [0xa0680000, 0xa0ad0000, 0xa0ad0000)
  from space 512K,  99% used [0xa0ad0000, 0xa0b4fff8, 0xa0b50000)
  to   space 512K,   0% used [0xa0b50000, 0xa0b50000, 0xa0bd0000)
 tenured generation   total 10944K, used 1409K [0xa5bd0000, 0xa6680000, 0xb0680000)
   the space 10944K,  12% used [0xa5bd0000, 0xa5d30768, 0xa5d30800, 0xa6680000)
 compacting perm gen  total 12288K, used 3391K [0xb0680000, 0xb1280000, 0xb4680000)
   the space 12288K,  27% used [0xb0680000, 0xb09cfc18, 0xb09cfe00, 0xb1280000)
No shared spaces configured.
Event: 0,918 GC heap after
Heap after GC invocations=3 (full 0):
 def new generation   total 4928K, used 512K [0xa0680000, 0xa0bd0000, 0xa5bd0000)
  eden space 4416K,   0% used [0xa0680000, 0xa0680000, 0xa0ad0000)
  from space 512K, 100% used [0xa0b50000, 0xa0bd0000, 0xa0bd0000)
  to   space 512K,   0% used [0xa0ad0000, 0xa0ad0000, 0xa0b50000)
 tenured generation   total 10944K, used 1646K [0xa5bd0000, 0xa6680000, 0xb0680000)
   the space 10944K,  15% used [0xa5bd0000, 0xa5d6bb38, 0xa5d6bc00, 0xa6680000)
 compacting perm gen  total 12288K, used 3391K [0xb0680000, 0xb1280000, 0xb4680000)
   the space 12288K,  27% used [0xb0680000, 0xb09cfc18, 0xb09cfe00, 0xb1280000)
No shared spaces configured.
}
Event: 1,210 GC heap before
{Heap before GC invocations=3 (full 0):
 def new generation   total 4928K, used 4928K [0xa0680000, 0xa0bd0000, 0xa5bd0000)
  eden space 4416K, 100% used [0xa0680000, 0xa0ad0000, 0xa0ad0000)
  from space 512K, 100% used [0xa0b50000, 0xa0bd0000, 0xa0bd0000)
  to   space 512K,   0% used [0xa0ad0000, 0xa0ad0000, 0xa0b50000)
 tenured generation   total 10944K, used 1646K [0xa5bd0000, 0xa6680000, 0xb0680000)
   the space 10944K,  15% used [0xa5bd0000, 0xa5d6bb38, 0xa5d6bc00, 0xa6680000)
 compacting perm gen  total 12288K, used 3797K [0xb0680000, 0xb1280000, 0xb4680000)
   the space 12288K,  30% used [0xb0680000, 0xb0a35420, 0xb0a35600, 0xb1280000)
No shared spaces configured.
Event: 1,216 GC heap after
Heap after GC invocations=4 (full 0):
 def new generation   total 4928K, used 512K [0xa0680000, 0xa0bd0000, 0xa5bd0000)
  eden space 4416K,   0% used [0xa0680000, 0xa0680000, 0xa0ad0000)
  from space 512K, 100% used [0xa0ad0000, 0xa0b50000, 0xa0b50000)
  to   space 512K,   0% used [0xa0b50000, 0xa0b50000, 0xa0bd0000)
 tenured generation   total 10944K, used 1958K [0xa5bd0000, 0xa6680000, 0xb0680000)
   the space 10944K,  17% used [0xa5bd0000, 0xa5db9920, 0xa5db9a00, 0xa6680000)
 compacting perm gen  total 12288K, used 3797K [0xb0680000, 0xb1280000, 0xb4680000)
   the space 12288K,  30% used [0xb0680000, 0xb0a35420, 0xb0a35600, 0xb1280000)
No shared spaces configured.
}
Event: 1,506 GC heap before
{Heap before GC invocations=4 (full 0):
 def new generation   total 4928K, used 4928K [0xa0680000, 0xa0bd0000, 0xa5bd0000)
  eden space 4416K, 100% used [0xa0680000, 0xa0ad0000, 0xa0ad0000)
  from space 512K, 100% used [0xa0ad0000, 0xa0b50000, 0xa0b50000)
  to   space 512K,   0% used [0xa0b50000, 0xa0b50000, 0xa0bd0000)
 tenured generation   total 10944K, used 1958K [0xa5bd0000, 0xa6680000, 0xb0680000)
   the space 10944K,  17% used [0xa5bd0000, 0xa5db9920, 0xa5db9a00, 0xa6680000)
 compacting perm gen  total 12288K, used 4178K [0xb0680000, 0xb1280000, 0xb4680000)
   the space 12288K,  34% used [0xb0680000, 0xb0a94bb0, 0xb0a94c00, 0xb1280000)
No shared spaces configured.
Event: 1,514 GC heap after
Heap after GC invocations=5 (full 0):
 def new generation   total 4928K, used 512K [0xa0680000, 0xa0bd0000, 0xa5bd0000)
  eden space 4416K,   0% used [0xa0680000, 0xa0680000, 0xa0ad0000)
  from space 512K, 100% used [0xa0b50000, 0xa0bd0000, 0xa0bd0000)
  to   space 512K,   0% used [0xa0ad0000, 0xa0ad0000, 0xa0b50000)
 tenured generation   total 10944K, used 2541K [0xa5bd0000, 0xa6680000, 0xb0680000)
   the space 10944K,  23% used [0xa5bd0000, 0xa5e4b4e8, 0xa5e4b600, 0xa6680000)
 compacting perm gen  total 12288K, used 4178K [0xb0680000, 0xb1280000, 0xb4680000)
   the space 12288K,  34% used [0xb0680000, 0xb0a94bb0, 0xb0a94c00, 0xb1280000)
No shared spaces configured.
}

Deoptimization events (0 events):
No events

Internal exceptions (10 events):
Event: 1,721 Thread 0xb690cc00 Threw 0xa096fed0 at /HUDSON/workspace/jdk7u40-2-build-linux-i586-product/jdk7u40/hotspot/src/share/vm/prims/jvm.cpp:1244
Event: 1,724 Thread 0xb690cc00 Threw 0xa0973e98 at /HUDSON/workspace/jdk7u40-2-build-linux-i586-product/jdk7u40/hotspot/src/share/vm/prims/jvm.cpp:1244
Event: 1,724 Thread 0xb690cc00 Threw 0xa097b1b0 at /HUDSON/workspace/jdk7u40-2-build-linux-i586-product/jdk7u40/hotspot/src/share/vm/prims/jvm.cpp:1244
Event: 1,726 Thread 0xb690cc00 Threw 0xa0982a18 at /HUDSON/workspace/jdk7u40-2-build-linux-i586-product/jdk7u40/hotspot/src/share/vm/prims/jvm.cpp:1244
Event: 1,727 Thread 0xb690cc00 Threw 0xa0989408 at /HUDSON/workspace/jdk7u40-2-build-linux-i586-product/jdk7u40/hotspot/src/share/vm/prims/jvm.cpp:1244
Event: 1,728 Thread 0xb690cc00 Threw 0xa0990678 at /HUDSON/workspace/jdk7u40-2-build-linux-i586-product/jdk7u40/hotspot/src/share/vm/prims/jvm.cpp:1244
Event: 1,737 Thread 0xb690cc00 Threw 0xa09ae7a0 at /HUDSON/workspace/jdk7u40-2-build-linux-i586-product/jdk7u40/hotspot/src/share/vm/prims/jvm.cpp:1244
Event: 1,737 Thread 0xb690cc00 Threw 0xa09b57a0 at /HUDSON/workspace/jdk7u40-2-build-linux-i586-product/jdk7u40/hotspot/src/share/vm/prims/jvm.cpp:1244
Event: 1,740 Thread 0xb690cc00 Threw 0xa09bf010 at /HUDSON/workspace/jdk7u40-2-build-linux-i586-product/jdk7u40/hotspot/src/share/vm/prims/jvm.cpp:1244
Event: 1,742 Thread 0xb690cc00 Threw 0xa09d4d80 at /HUDSON/workspace/jdk7u40-2-build-linux-i586-product/jdk7u40/hotspot/src/share/vm/prims/jvm.cpp:1244

Events (10 events):
Event: 1,737 Thread 0xb690cc00 DEOPT PACKING pc=0xb47ea710 sp=0xb6b3c1e0
Event: 1,737 Thread 0xb690cc00 DEOPT UNPACKING pc=0xb472e137 sp=0xb6b3c11c mode 1
Event: 1,740 loading class 0x9f807948
Event: 1,740 loading class 0x9f807948 done
Event: 1,740 Thread 0xb690cc00 DEOPT PACKING pc=0xb47ea7ac sp=0xb6b3d630
Event: 1,740 Thread 0xb690cc00 DEOPT UNPACKING pc=0xb472e137 sp=0xb6b3d560 mode 1
Event: 1,740 Thread 0xb690cc00 DEOPT PACKING pc=0xb47ea710 sp=0xb6b3d720
Event: 1,740 Thread 0xb690cc00 DEOPT UNPACKING pc=0xb472e137 sp=0xb6b3d65c mode 1
Event: 1,742 loading class 0x9f8b4680
Event: 1,742 loading class 0x9f8b4680 done


Dynamic libraries:
08048000-08049000 r-xp 00000000 08:04 1717000    /usr/local/java/jdk1.7.0_40/bin/java
08049000-0804a000 rw-p 00000000 08:04 1717000    /usr/local/java/jdk1.7.0_40/bin/java
096d9000-096fa000 rw-p 00000000 00:00 0          [heap]
9f600000-9f682000 rw-p 00000000 00:00 0 
9f682000-9f700000 ---p 00000000 00:00 0 
9f800000-9f900000 rw-p 00000000 00:00 0 
9f918000-9fa00000 rw-p 00000000 00:00 0 
9fa00000-9fb00000 rw-p 00000000 00:00 0 
9fb27000-9fb2a000 rw-p 00000000 00:00 0 
9fb2a000-9fb3e000 r-xp 00000000 08:04 1717553    /usr/local/java/jdk1.7.0_40/jre/lib/i386/libnet.so
9fb3e000-9fb3f000 rw-p 00014000 08:04 1717553    /usr/local/java/jdk1.7.0_40/jre/lib/i386/libnet.so
9fb3f000-9fb4d000 r-xp 00000000 08:04 1717562    /usr/local/java/jdk1.7.0_40/jre/lib/i386/libnio.so
9fb4d000-9fb4e000 rw-p 0000e000 08:04 1717562    /usr/local/java/jdk1.7.0_40/jre/lib/i386/libnio.so
9fb4e000-9fb52000 r--s 000f7000 08:04 1717506    /usr/local/java/jdk1.7.0_40/jre/lib/ext/localedata.jar
9fb52000-9fb55000 r--s 0001b000 08:04 4982890    /home/guilherme/.m2/repository/junit/junit/3.8.1/junit-3.8.1.jar
9fb55000-9fb58000 r--s 0001a000 08:04 5643337    /home/guilherme/.m2/repository/com/jcraft/jsch/0.1.23/jsch-0.1.23.jar
9fb58000-9fb5a000 r--s 00007000 08:04 5643375    /home/guilherme/.m2/repository/org/apache/maven/wagon/wagon-ssh/1.0-alpha-5/wagon-ssh-1.0-alpha-5.jar
9fb5a000-9fb5b000 r--s 00001000 08:04 5645070    /home/guilherme/.m2/repository/org/apache/maven/maven-monitor/2.0/maven-monitor-2.0.jar
9fb5b000-9fb5d000 r--s 00002000 08:04 5380014    /home/guilherme/.m2/repository/org/codehaus/plexus/plexus-interactivity-api/1.0-alpha-4/plexus-interactivity-api-1.0-alpha-4.jar
9fb5d000-9fb5f000 r--s 00007000 08:04 5645055    /home/guilherme/.m2/repository/org/apache/maven/maven-plugin-descriptor/2.0/maven-plugin-descriptor-2.0.jar
9fb5f000-9fb61000 r--s 00006000 08:04 5380013    /home/guilherme/.m2/repository/commons-cli/commons-cli/1.0/commons-cli-1.0.jar
9fb61000-9fb63000 r--s 00005000 08:04 5645038    /home/guilherme/.m2/repository/org/apache/maven/maven-plugin-registry/2.0/maven-plugin-registry-2.0.jar
9fb63000-9fb64000 r--s 00002000 08:04 5645035    /home/guilherme/.m2/repository/org/apache/maven/maven-error-diagnostics/2.0/maven-error-diagnostics-2.0.jar
9fb64000-9fb66000 r--s 00000000 08:04 5643353    /home/guilherme/.m2/repository/doxia/doxia-sink-api/1.0-alpha-4/doxia-sink-api-1.0-alpha-4.jar
9fb66000-9fb67000 r--s 00001000 08:04 5643339    /home/guilherme/.m2/repository/org/apache/maven/reporting/maven-reporting-api/2.0/maven-reporting-api-2.0.jar
9fb67000-9fb68000 r--s 00001000 08:04 5643369    /home/guilherme/.m2/repository/org/apache/maven/wagon/wagon-http-lightweight/1.0-alpha-5/wagon-http-lightweight-1.0-alpha-5.jar
9fb68000-9fb6a000 r--s 00003000 08:04 5645032    /home/guilherme/.m2/repository/org/apache/maven/maven-plugin-parameter-documenter/2.0/maven-plugin-parameter-documenter-2.0.jar
9fb6a000-9fb6b000 r--s 00001000 08:04 5643349    /home/guilherme/.m2/repository/org/apache/maven/wagon/wagon-file/1.0-alpha-5/wagon-file-1.0-alpha-5.jar
9fb6b000-9fb6f000 r--s 0001e000 08:04 5643386    /home/guilherme/.m2/repository/org/apache/maven/maven-core/2.0/maven-core-2.0.jar
9fb6f000-9fb70000 r--s 00007000 08:04 5643376    /home/guilherme/.m2/repository/org/apache/maven/shared/maven-plugin-testing-harness/1.1/maven-plugin-testing-harness-1.1.jar
9fb70000-9fb72000 r--s 00005000 08:04 5769033    /home/guilherme/.m2/repository/org/apache/maven/shared/maven-common-artifact-filters/1.0/maven-common-artifact-filters-1.0.jar
9fb72000-9fb73000 r--s 00005000 08:04 5643351    /home/guilherme/.m2/repository/org/apache/maven/shared/maven-repository-builder/1.0-alpha-2/maven-repository-builder-1.0-alpha-2.jar
9fb73000-9fb75000 r--s 00012000 08:04 5381163    /home/guilherme/.m2/repository/org/apache/maven/maven-model/2.0.4/maven-model-2.0.4.jar
9fb75000-9fb78000 r--s 00011000 08:04 5643355    /home/guilherme/.m2/repository/org/apache/maven/maven-artifact/2.0.4/maven-artifact-2.0.4.jar
9fb78000-9fb7c000 r--s 00030000 08:04 5769029    /home/guilherme/.m2/repository/org/codehaus/plexus/plexus-utils/1.5.1/plexus-utils-1.5.1.jar
9fb7c000-9fb7e000 r--s 00008000 08:04 4603583    /home/guilherme/.m2/repository/classworlds/classworlds/1.1-alpha-2/classworlds-1.1-alpha-2.jar
9fb7e000-9fb85000 r--s 00029000 08:04 4603586    /home/guilherme/.m2/repository/org/codehaus/plexus/plexus-container-default/1.0-alpha-9-stable-1/plexus-container-default-1.0-alpha-9-stable-1.jar
9fb85000-9fb86000 r--s 00002000 08:04 4602128    /home/guilherme/.m2/repository/org/apache/maven/maven-archiver/2.2/maven-archiver-2.2.jar
9fb86000-9fb88000 r--s 00006000 08:04 5515098    /home/guilherme/.m2/repository/org/apache/maven/maven-profile/2.0.4/maven-profile-2.0.4.jar
9fb88000-9fb8a000 r--s 00009000 08:04 5252442    /home/guilherme/.m2/repository/org/apache/maven/maven-settings/2.0.4/maven-settings-2.0.4.jar
9fb8a000-9fb8d000 r--s 00018000 08:04 5252407    /home/guilherme/.m2/repository/org/apache/maven/maven-project/2.0.4/maven-project-2.0.4.jar
9fb8d000-9fb8f000 r--s 00001000 08:04 4339221    /home/guilherme/.m2/repository/org/apache/maven/maven-plugin-api/2.0.4/maven-plugin-api-2.0.4.jar
9fb8f000-9fb91000 r--s 00006000 08:04 5381160    /home/guilherme/.m2/repository/org/codehaus/plexus/plexus-io/1.0-alpha-2/plexus-io-1.0-alpha-2.jar
9fb91000-9fb93000 r--s 00004000 08:04 4729740    /home/guilherme/.m2/repository/org/codehaus/plexus/plexus-active-collections/1.0-beta-2/plexus-active-collections-1.0-beta-2.jar
9fb93000-9fb95000 r--s 00009000 08:04 5381154    /home/guilherme/.m2/repository/org/apache/maven/wagon/wagon-provider-api/1.0-alpha-6/wagon-provider-api-1.0-alpha-6.jar
9fb95000-9fb96000 r--s 00004000 08:04 4729737    /home/guilherme/.m2/repository/org/apache/maven/maven-repository-metadata/2.0.2/maven-repository-metadata-2.0.2.jar
9fb96000-9fb99000 r--s 0000a000 08:04 5381157    /home/guilherme/.m2/repository/org/apache/maven/maven-artifact-manager/2.0.2/maven-artifact-manager-2.0.2.jar
9fb99000-9fb9b000 r--s 00008000 08:04 5250126    /home/guilherme/.m2/repository/org/apache/maven/shared/maven-shared-io/1.1/maven-shared-io-1.1.jar
9fb9b000-9fb9d000 r--s 00006000 08:04 4993795    /home/guilherme/.m2/repository/org/apache/maven/shared/file-management/1.1/file-management-1.1.jar
9fb9d000-9fba1000 r--s 00027000 08:04 4472124    /home/guilherme/.m2/repository/org/codehaus/plexus/plexus-archiver/1.0-alpha-10/plexus-archiver-1.0-alpha-10.jar
9fba1000-9fba6000 r--s 00018000 08:04 4339220    /home/guilherme/.m2/repository/aspectj/aspectjrt/1.5.3/aspectjrt-1.5.3.jar
9fba6000-9fbaa000 r--s 0002b000 08:04 4338688    /home/guilherme/.m2/repository/org/apache/maven/plugins/maven-assembly-plugin/2.2-beta-2/maven-assembly-plugin-2.2-beta-2.jar
9fbaa000-9fbac000 r--s 0000a000 08:04 5642959    /home/guilherme/.m2/repository/javax/ws/rs/jsr311-api/1.1.1/jsr311-api-1.1.1.jar
9fbac000-9fbb0000 r--s 0002a000 08:04 4339230    /home/guilherme/.m2/repository/commons-io/commons-io/2.4/commons-io-2.4.jar
9fbb0000-9fbb4000 r--s 0002f000 08:04 5778338    /home/guilherme/.m2/repository/com/fasterxml/jackson/core/jackson-core/2.1.3/jackson-core-2.1.3.jar
9fbb4000-9fbb6000 r--s 00007000 08:04 5778333    /home/guilherme/.m2/repository/com/fasterxml/jackson/core/jackson-annotations/2.1.2/jackson-annotations-2.1.2.jar
9fbb6000-9fbc6000 r--s 000d2000 08:04 5769112    /home/guilherme/.m2/repository/com/fasterxml/jackson/core/jackson-databind/2.1.3/jackson-databind-2.1.3.jar
9fbc6000-9fbc9000 r--s 00018000 08:04 4207654    /home/guilherme/.m2/repository/org/mongojack/mongojack/2.0.0-RC5/mongojack-2.0.0-RC5.jar
9fbc9000-9fbcb000 r--s 0000a000 08:04 4196690    /home/guilherme/.m2/repository/org/json/json/20090211/json-20090211.jar
9fbcb000-9fbce000 r--s 0000b000 08:04 4196718    /home/guilherme/.m2/repository/javax/persistence/persistence-api/1.0.2/persistence-api-1.0.2.jar
9fbce000-9fbd0000 r--s 0000c000 08:04 4196713    /home/guilherme/.m2/repository/de/undercouch/bson4jackson/1.3.0/bson4jackson-1.3.0.jar
9fbd0000-9fbd5000 r--s 00043000 08:04 4196674    /home/guilherme/.m2/repository/org/mongodb/mongo-java-driver/2.7.2/mongo-java-driver-2.7.2.jar
9fbd5000-9fbd8000 r--s 00014000 08:04 4196701    /home/guilherme/.m2/repository/net/vz/mongodb/jackson/mongo-jackson-mapper/1.4.1/mongo-jackson-mapper-1.4.1.jar
9fbd8000-9fbd9000 r--s 00006000 08:04 4196782    /home/guilherme/.m2/repository/org/codehaus/jackson/jackson-xc/1.9.2/jackson-xc-1.9.2.jar
9fbd9000-9fbe7000 r--s 000ad000 08:04 4196762    /home/guilherme/.m2/repository/org/codehaus/jackson/jackson-mapper-asl/1.9.2/jackson-mapper-asl-1.9.2.jar
9fbe7000-9fbeb000 r--s 00034000 08:04 4196724    /home/guilherme/.m2/repository/org/codehaus/jackson/jackson-core-asl/1.9.2/jackson-core-asl-1.9.2.jar
9fbeb000-9fbed000 r--s 00004000 08:04 4196725    /home/guilherme/.m2/repository/javax/xml/stream/stax-api/1.0-2/stax-api-1.0-2.jar
9fbed000-9fc00000 r--s 000c7000 08:04 4196686    /home/guilherme/.m2/repository/com/sun/xml/bind/jaxb-impl/2.2.3-1/jaxb-impl-2.2.3-1.jar
9fc00000-9fcff000 rw-p 00000000 00:00 0 
9fcff000-9fd00000 ---p 00000000 00:00 0 
9fd00000-9fd01000 r--s 00004000 08:04 4196773    /home/guilherme/.m2/repository/org/codehaus/jackson/jackson-jaxrs/1.9.2/jackson-jaxrs-1.9.2.jar
9fd01000-9fd04000 r--s 00017000 08:04 4196709    /home/guilherme/.m2/repository/javax/xml/bind/jaxb-api/2.2.2/jaxb-api-2.2.2.jar
9fd04000-9fd08000 r--s 00020000 08:04 4196675    /home/guilherme/.m2/repository/org/glassfish/jersey/media/jersey-media-json/2.0-m02/jersey-media-json-2.0-m02.jar
9fd08000-9fd0b000 r--s 00012000 08:04 4196681    /home/guilherme/.m2/repository/javax/ws/rs/javax.ws.rs-api/2.0-m03/javax.ws.rs-api-2.0-m03.jar
9fd0b000-9fd0c000 ---p 00000000 00:00 0 
9fd0c000-9fd8c000 rw-p 00000000 00:00 0          [stack:8763]
9fd8c000-9fd8f000 ---p 00000000 00:00 0 
9fd8f000-9fddd000 rw-p 00000000 00:00 0          [stack:8762]
9fddd000-9fde0000 ---p 00000000 00:00 0 
9fde0000-9fe5e000 rw-p 00000000 00:00 0          [stack:8761]
9fe5e000-9fe61000 ---p 00000000 00:00 0 
9fe61000-9feaf000 rw-p 00000000 00:00 0          [stack:8759]
9feaf000-9feb2000 ---p 00000000 00:00 0 
9feb2000-9ff00000 rw-p 00000000 00:00 0          [stack:8758]
9ff00000-9ffdf000 rw-p 00000000 00:00 0 
9ffdf000-a0000000 ---p 00000000 00:00 0 
a0000000-a0002000 r--s 0000f000 08:04 4196720    /home/guilherme/.m2/repository/org/codehaus/jettison/jettison/1.1/jettison-1.1.jar
a0002000-a000b000 r--s 00042000 08:04 4196752    /home/guilherme/.m2/repository/org/glassfish/jersey/core/jersey-server/2.0-m02/jersey-server-2.0-m02.jar
a000b000-a000d000 r--s 00003000 08:04 4196733    /home/guilherme/.m2/repository/org/jvnet/tiger-types/1.4/tiger-types-1.4.jar
a000d000-a0010000 ---p 00000000 00:00 0 
a0010000-a005e000 rw-p 00000000 00:00 0          [stack:8757]
a005e000-a0061000 ---p 00000000 00:00 0 
a0061000-a00af000 rw-p 00000000 00:00 0          [stack:8754]
a00af000-a00b2000 ---p 00000000 00:00 0 
a00b2000-a0100000 rw-p 00000000 00:00 0          [stack:8753]
a0100000-a0121000 rw-p 00000000 00:00 0 
a0121000-a0200000 ---p 00000000 00:00 0 
a0200000-a0205000 r--s 00047000 08:04 4196757    /home/guilherme/.m2/repository/org/glassfish/hk2/external/asm-all-repackaged/1.6.32/asm-all-repackaged-1.6.32.jar
a0205000-a0206000 r--s 00001000 08:04 4196691    /home/guilherme/.m2/repository/org/glassfish/hk2/external/javax.inject/1.6.32/javax.inject-1.6.32.jar
a0206000-a020d000 r--s 0004a000 08:04 4196753    /home/guilherme/.m2/repository/org/glassfish/hk2/auto-depends/1.6.32/auto-depends-1.6.32.jar
a020d000-a022d000 r--s 00173000 08:04 4196682    /home/guilherme/.m2/repository/com/google/guava/guava/11.0.1/guava-11.0.1.jar
a022d000-a0233000 r--s 00059000 08:04 4196731    /home/guilherme/.m2/repository/javax/mail/mail/1.4/mail-1.4.jar
a0233000-a0236000 ---p 00000000 00:00 0 
a0236000-a0284000 rw-p 00000000 00:00 0          [stack:8752]
a0284000-a0285000 ---p 00000000 00:00 0 
a0285000-a0350000 rw-p 00000000 00:00 0          [stack:8751]
a0350000-a050d000 r--s 039d3000 08:04 1717013    /usr/local/java/jdk1.7.0_40/jre/lib/rt.jar
a050d000-a056f000 rw-p 00000000 00:00 0 
a056f000-a0589000 rw-p 00000000 00:00 0 
a0589000-a058f000 rw-p 00000000 00:00 0 
a058f000-a05df000 rw-p 00000000 00:00 0 
a05df000-a05e2000 rw-p 00000000 00:00 0 
a05e2000-a0609000 rw-p 00000000 00:00 0 
a0609000-a060f000 rw-p 00000000 00:00 0 
a060f000-a065f000 rw-p 00000000 00:00 0 
a065f000-a0665000 rw-p 00000000 00:00 0 
a0665000-a067f000 rw-p 00000000 00:00 0 
a067f000-a0bd0000 rw-p 00000000 00:00 0 
a0bd0000-a5bd0000 rw-p 00000000 00:00 0 
a5bd0000-a6680000 rw-p 00000000 00:00 0 
a6680000-b0680000 rw-p 00000000 00:00 0 
b0680000-b1280000 rw-p 00000000 00:00 0 
b1280000-b4680000 rw-p 00000000 00:00 0 
b4680000-b4685000 rw-p 00000000 00:00 0 
b4685000-b4700000 rw-p 00000000 00:00 0 
b4700000-b4810000 rwxp 00000000 00:00 0 
b4810000-b6700000 rw-p 00000000 00:00 0 
b6700000-b6900000 r--p 00000000 08:04 1449933    /usr/lib/locale/locale-archive
b6900000-b69fe000 rw-p 00000000 00:00 0 
b69fe000-b6a00000 ---p 00000000 00:00 0 
b6a00000-b6a01000 r--s 00004000 08:04 4196756    /home/guilherme/.m2/repository/org/glassfish/hk2/osgi-resource-locator/1.0.1/osgi-resource-locator-1.0.1.jar
b6a01000-b6a04000 r--s 00006000 08:04 4196737    /home/guilherme/.m2/repository/com/google/code/findbugs/jsr305/1.3.9/jsr305-1.3.9.jar
b6a04000-b6a0f000 r--s 0006c000 08:04 4196687    /home/guilherme/.m2/repository/org/glassfish/jersey/core/jersey-common/2.0-m02/jersey-common-2.0-m02.jar
b6a0f000-b6a1d000 r--s 000a6000 08:04 4196758    /home/guilherme/.m2/repository/org/glassfish/grizzly/grizzly-framework/2.2.4/grizzly-framework-2.2.4.jar
b6a1d000-b6a34000 r-xp 00000000 08:04 1717575    /usr/local/java/jdk1.7.0_40/jre/lib/i386/libzip.so
b6a34000-b6a35000 rw-p 00017000 08:04 1717575    /usr/local/java/jdk1.7.0_40/jre/lib/i386/libzip.so
b6a35000-b6a40000 r-xp 00000000 08:04 2491278    /lib/i386-linux-gnu/libnss_files-2.17.so
b6a40000-b6a41000 r--p 0000a000 08:04 2491278    /lib/i386-linux-gnu/libnss_files-2.17.so
b6a41000-b6a42000 rw-p 0000b000 08:04 2491278    /lib/i386-linux-gnu/libnss_files-2.17.so
b6a42000-b6a4c000 r-xp 00000000 08:04 2491282    /lib/i386-linux-gnu/libnss_nis-2.17.so
b6a4c000-b6a4d000 r--p 00009000 08:04 2491282    /lib/i386-linux-gnu/libnss_nis-2.17.so
b6a4d000-b6a4e000 rw-p 0000a000 08:04 2491282    /lib/i386-linux-gnu/libnss_nis-2.17.so
b6a4e000-b6a63000 r-xp 00000000 08:04 2491272    /lib/i386-linux-gnu/libnsl-2.17.so
b6a63000-b6a64000 r--p 00014000 08:04 2491272    /lib/i386-linux-gnu/libnsl-2.17.so
b6a64000-b6a65000 rw-p 00015000 08:04 2491272    /lib/i386-linux-gnu/libnsl-2.17.so
b6a65000-b6a67000 rw-p 00000000 00:00 0 
b6a67000-b6a6e000 r-xp 00000000 08:04 2491274    /lib/i386-linux-gnu/libnss_compat-2.17.so
b6a6e000-b6a6f000 r--p 00006000 08:04 2491274    /lib/i386-linux-gnu/libnss_compat-2.17.so
b6a6f000-b6a70000 rw-p 00007000 08:04 2491274    /lib/i386-linux-gnu/libnss_compat-2.17.so
b6a70000-b6a72000 r--s 00006000 08:04 4196679    /home/guilherme/.m2/repository/org/glassfish/hk2/hk2-api/1.6.32/hk2-api-1.6.32.jar
b6a72000-b6a74000 r--s 0000e000 08:04 4196702    /home/guilherme/.m2/repository/javax/activation/activation/1.1/activation-1.1.jar
b6a74000-b6a76000 r--s 00002000 08:04 4196697    /home/guilherme/.m2/repository/org/glassfish/jersey/containers/jersey-container-grizzly2-http/2.0-m02/jersey-container-grizzly2-http-2.0-m02.jar
b6a76000-b6a78000 r--s 00009000 08:04 4196698    /home/guilherme/.m2/repository/org/glassfish/external/management-api/3.0.0-b012/management-api-3.0.0-b012.jar
b6a78000-b6a7d000 r--s 0003b000 08:04 4196742    /home/guilherme/.m2/repository/org/glassfish/grizzly/grizzly-http/2.2.4/grizzly-http-2.2.4.jar
b6a7d000-b6a81000 r--s 00030000 08:04 4196693    /home/guilherme/.m2/repository/org/glassfish/grizzly/grizzly-http-server/2.2.4/grizzly-http-server-2.2.4.jar
b6a81000-b6a89000 rw-s 00000000 08:04 5779037    /tmp/hsperfdata_guilherme/8746
b6a89000-b6ac0000 r-xp 00000000 08:04 1717550    /usr/local/java/jdk1.7.0_40/jre/lib/i386/libjdwp.so
b6ac0000-b6ac1000 rw-p 00037000 08:04 1717550    /usr/local/java/jdk1.7.0_40/jre/lib/i386/libjdwp.so
b6ac1000-b6ae4000 r-xp 00000000 08:04 1717538    /usr/local/java/jdk1.7.0_40/jre/lib/i386/libjava.so
b6ae4000-b6ae5000 rw-p 00022000 08:04 1717538    /usr/local/java/jdk1.7.0_40/jre/lib/i386/libjava.so
b6ae5000-b6aec000 r-xp 00000000 08:04 2491325    /lib/i386-linux-gnu/librt-2.17.so
b6aec000-b6aed000 r--p 00006000 08:04 2491325    /lib/i386-linux-gnu/librt-2.17.so
b6aed000-b6aee000 rw-p 00007000 08:04 2491325    /lib/i386-linux-gnu/librt-2.17.so
b6aee000-b6af1000 ---p 00000000 00:00 0 
b6af1000-b6b3f000 rw-p 00000000 00:00 0          [stack:8750]
b6b3f000-b6b80000 r-xp 00000000 08:04 2491253    /lib/i386-linux-gnu/libm-2.17.so
b6b80000-b6b81000 r--p 00040000 08:04 2491253    /lib/i386-linux-gnu/libm-2.17.so
b6b81000-b6b82000 rw-p 00041000 08:04 2491253    /lib/i386-linux-gnu/libm-2.17.so
b6b82000-b7108000 r-xp 00000000 08:04 1717533    /usr/local/java/jdk1.7.0_40/jre/lib/i386/client/libjvm.so
b7108000-b7129000 rw-p 00586000 08:04 1717533    /usr/local/java/jdk1.7.0_40/jre/lib/i386/client/libjvm.so
b7129000-b754a000 rw-p 00000000 00:00 0 
b754a000-b76f7000 r-xp 00000000 08:04 2491205    /lib/i386-linux-gnu/libc-2.17.so
b76f7000-b76f9000 r--p 001ad000 08:04 2491205    /lib/i386-linux-gnu/libc-2.17.so
b76f9000-b76fa000 rw-p 001af000 08:04 2491205    /lib/i386-linux-gnu/libc-2.17.so
b76fa000-b76fd000 rw-p 00000000 00:00 0 
b76fd000-b7700000 r-xp 00000000 08:04 2491220    /lib/i386-linux-gnu/libdl-2.17.so
b7700000-b7701000 r--p 00002000 08:04 2491220    /lib/i386-linux-gnu/libdl-2.17.so
b7701000-b7702000 rw-p 00003000 08:04 2491220    /lib/i386-linux-gnu/libdl-2.17.so
b7702000-b7715000 r-xp 00000000 08:04 1717542    /usr/local/java/jdk1.7.0_40/jre/lib/i386/jli/libjli.so
b7715000-b7716000 rw-p 00012000 08:04 1717542    /usr/local/java/jdk1.7.0_40/jre/lib/i386/jli/libjli.so
b7716000-b7717000 rw-p 00000000 00:00 0 
b7717000-b772e000 r-xp 00000000 08:04 2491317    /lib/i386-linux-gnu/libpthread-2.17.so
b772e000-b772f000 r--p 00016000 08:04 2491317    /lib/i386-linux-gnu/libpthread-2.17.so
b772f000-b7730000 rw-p 00017000 08:04 2491317    /lib/i386-linux-gnu/libpthread-2.17.so
b7730000-b7732000 rw-p 00000000 00:00 0 
b7732000-b7733000 r--s 00001000 08:04 4196767    /home/guilherme/.m2/repository/org/glassfish/grizzly/grizzly-rcm/2.2.4/grizzly-rcm-2.2.4.jar
b7733000-b7735000 r--s 00004000 08:04 4196729    /home/guilherme/.m2/repository/org/glassfish/gmbal/gmbal-api-only/3.0.0-b023/gmbal-api-only-3.0.0-b023.jar
b7735000-b7738000 r-xp 00000000 08:04 1717557    /usr/local/java/jdk1.7.0_40/jre/lib/i386/libdt_socket.so
b7738000-b7739000 rw-p 00003000 08:04 1717557    /usr/local/java/jdk1.7.0_40/jre/lib/i386/libdt_socket.so
b7739000-b773a000 r--p 005e0000 08:04 1449933    /usr/lib/locale/locale-archive
b773a000-b773c000 r-xp 00000000 08:04 1717569    /usr/local/java/jdk1.7.0_40/jre/lib/i386/libnpt.so
b773c000-b773d000 rw-p 00002000 08:04 1717569    /usr/local/java/jdk1.7.0_40/jre/lib/i386/libnpt.so
b773d000-b773e000 rw-p 00000000 00:00 0 
b773e000-b773f000 r--p 00000000 00:00 0 
b773f000-b774a000 r-xp 00000000 08:04 1717520    /usr/local/java/jdk1.7.0_40/jre/lib/i386/libverify.so
b774a000-b774b000 rw-p 0000b000 08:04 1717520    /usr/local/java/jdk1.7.0_40/jre/lib/i386/libverify.so
b774b000-b774d000 rw-p 00000000 00:00 0 
b774d000-b774e000 r-xp 00000000 00:00 0          [vdso]
b774e000-b776e000 r-xp 00000000 08:04 2491181    /lib/i386-linux-gnu/ld-2.17.so
b776e000-b776f000 r--p 0001f000 08:04 2491181    /lib/i386-linux-gnu/ld-2.17.so
b776f000-b7770000 rw-p 00020000 08:04 2491181    /lib/i386-linux-gnu/ld-2.17.so
bfb32000-bfb55000 rw-p 00000000 00:00 0          [stack]

VM Arguments:
jvm_args: -Xdebug -Xrunjdwp:transport=dt_socket,server=n,address=46779 
java_command: com.mycompany.sdb1web.Server
Launcher Type: SUN_STANDARD

Environment Variables:
JAVA_HOME=/usr/local/java/jdk1.7.0_40
JRE_HOME=/usr/local/java/jre1.7.0_40
PATH=/usr/lib/lightdm/lightdm:/usr/local/sbin:/usr/local/bin:/usr/sbin:/usr/bin:/sbin:/bin:/usr/games:/usr/local/games:/home/guilherme/bin:/usr/local/java/jdk1.7.0_40/bin:/home/guilherme/bin:/usr/local/java/jre1.7.0_40/bin
LD_LIBRARY_PATH=/usr/lib/jvm/java-7-oracle/jre/lib/amd64:/usr/lib/jvm/java-7-oracle/jre/lib/i386:
SHELL=/bin/bash
DISPLAY=:0

Signal Handlers:
SIGSEGV: [libjvm.so+0x503d90], sa_mask[0]=0x7ffbfeff, sa_flags=0x10000004
SIGBUS: [libjvm.so+0x503d90], sa_mask[0]=0x7ffbfeff, sa_flags=0x10000004
SIGFPE: [libjvm.so+0x3fbe80], sa_mask[0]=0x7ffbfeff, sa_flags=0x10000004
SIGPIPE: [libjvm.so+0x3fbe80], sa_mask[0]=0x7ffbfeff, sa_flags=0x10000004
SIGXFSZ: [libjvm.so+0x3fbe80], sa_mask[0]=0x7ffbfeff, sa_flags=0x10000004
SIGILL: [libjvm.so+0x3fbe80], sa_mask[0]=0x7ffbfeff, sa_flags=0x10000004
SIGUSR1: SIG_DFL, sa_mask[0]=0x00000000, sa_flags=0x00000000
SIGUSR2: [libjvm.so+0x3fd370], sa_mask[0]=0x00000004, sa_flags=0x10000004
SIGHUP: [libjvm.so+0x3fe4c0], sa_mask[0]=0x7ffbfeff, sa_flags=0x10000004
SIGINT: SIG_IGN, sa_mask[0]=0x00000000, sa_flags=0x00000000
SIGTERM: [libjvm.so+0x3fe4c0], sa_mask[0]=0x7ffbfeff, sa_flags=0x10000004
SIGQUIT: [libjvm.so+0x3fe4c0], sa_mask[0]=0x7ffbfeff, sa_flags=0x10000004


---------------  S Y S T E M  ---------------

OS:wheezy/sid

uname:Linux 3.8.0-31-generic #46-Ubuntu SMP Tue Sep 10 19:56:49 UTC 2013 i686
libc:glibc 2.17 NPTL 2.17 
rlimit: STACK 8192k, CORE 0k, NPROC 24106, NOFILE 4096, AS infinity
load average:1,22 1,04 0,81

/proc/meminfo:
MemTotal:        3102120 kB
MemFree:          806544 kB
Buffers:           66732 kB
Cached:           333384 kB
SwapCached:           28 kB
Active:          1387244 kB
Inactive:         820260 kB
Active(anon):    1247704 kB
Inactive(anon):   592380 kB
Active(file):     139540 kB
Inactive(file):   227880 kB
Unevictable:          48 kB
Mlocked:              48 kB
HighTotal:       2231176 kB
HighFree:         428464 kB
LowTotal:         870944 kB
LowFree:          378080 kB
SwapTotal:       1999868 kB
SwapFree:        1998920 kB
Dirty:               680 kB
Writeback:             0 kB
AnonPages:       1807500 kB
Mapped:           133156 kB
Shmem:             32696 kB
Slab:              38328 kB
SReclaimable:      18380 kB
SUnreclaim:        19948 kB
KernelStack:        4464 kB
PageTables:        13624 kB
NFS_Unstable:          0 kB
Bounce:                0 kB
WritebackTmp:          0 kB
CommitLimit:     3550928 kB
Committed_AS:    5341964 kB
VmallocTotal:     122880 kB
VmallocUsed:       46444 kB
VmallocChunk:      67060 kB
HardwareCorrupted:     0 kB
AnonHugePages:         0 kB
HugePages_Total:       0
HugePages_Free:        0
HugePages_Rsvd:        0
HugePages_Surp:        0
Hugepagesize:       2048 kB
DirectMap4k:       45048 kB
DirectMap2M:      868352 kB


CPU:total 2 (2 cores per cpu, 1 threads per core) family 15 model 6 stepping 5, cmov, cx8, fxsr, mmx, sse, sse2, sse3, tsc

/proc/cpuinfo:
processor	: 0
vendor_id	: GenuineIntel
cpu family	: 15
model		: 6
model name	: Intel(R) Pentium(R) D CPU 3.20GHz
stepping	: 5
microcode	: 0xb
cpu MHz		: 3200.000
cache size	: 2048 KB
physical id	: 0
siblings	: 2
core id		: 0
cpu cores	: 2
apicid		: 0
initial apicid	: 0
fdiv_bug	: no
hlt_bug		: no
f00f_bug	: no
coma_bug	: no
fpu		: yes
fpu_exception	: yes
cpuid level	: 6
wp		: yes
flags		: fpu vme de pse tsc msr pae mce cx8 apic sep mtrr pge mca cmov pat pse36 clflush dts acpi mmx fxsr sse sse2 ss ht tm pbe nx lm constant_tsc pebs bts pni dtes64 monitor ds_cpl est cid cx16 xtpr pdcm lahf_lm
bogomips	: 6399.16
clflush size	: 64
cache_alignment	: 128
address sizes	: 36 bits physical, 48 bits virtual
power management:

processor	: 1
vendor_id	: GenuineIntel
cpu family	: 15
model		: 6
model name	: Intel(R) Pentium(R) D CPU 3.20GHz
stepping	: 5
microcode	: 0xb
cpu MHz		: 3200.000
cache size	: 2048 KB
physical id	: 0
siblings	: 2
core id		: 1
cpu cores	: 2
apicid		: 1
initial apicid	: 1
fdiv_bug	: no
hlt_bug		: no
f00f_bug	: no
coma_bug	: no
fpu		: yes
fpu_exception	: yes
cpuid level	: 6
wp		: yes
flags		: fpu vme de pse tsc msr pae mce cx8 apic sep mtrr pge mca cmov pat pse36 clflush dts acpi mmx fxsr sse sse2 ss ht tm pbe nx lm constant_tsc pebs bts pni dtes64 monitor ds_cpl est cid cx16 xtpr pdcm lahf_lm
bogomips	: 6399.16
clflush size	: 64
cache_alignment	: 128
address sizes	: 36 bits physical, 48 bits virtual
power management:



Memory: 4k page, physical 3102120k(806544k free), swap 1999868k(1998920k free)

vm_info: Java HotSpot(TM) Client VM (24.0-b56) for linux-x86 JRE (1.7.0_40-b43), built on Aug 26 2013 22:05:59 by "java_re" with gcc 4.3.0 20080428 (Red Hat 4.3.0-8)

time: Mon Sep 30 02:22:44 2013
elapsed time: 1 seconds

