#
# A fatal error has been detected by the Java Runtime Environment:
#
#  SIGILL (0x4) at pc=0xb6d48e10, pid=12923, tid=3065006912
#
# JRE version: Java(TM) SE Runtime Environment (7.0_40-b43) (build 1.7.0_40-b43)
# Java VM: Java HotSpot(TM) Client VM (24.0-b56 mixed mode linux-x86 )
# Problematic frame:
# V  [libjvm.so+0x200e10]  Events::log_exception(Thread*, char const*, ...)+0x20
#
# Failed to write core dump. Core dumps have been disabled. To enable core dumping, try "ulimit -c unlimited" before starting Java again
#
# If you would like to submit a bug report, please visit:
#   http://bugreport.sun.com/bugreport/crash.jsp
#

---------------  T H R E A D  ---------------

Current thread (0xb690c000):  JavaThread "main" [_thread_in_vm, id=12924, stack(0xb6ab4000,0xb6b05000)]

siginfo:si_signo=SIGILL: si_errno=0, si_code=2 (ILL_ILLOPN), si_addr=0xb6d48e10

Registers:
EAX=0x00000000, EBX=0xb70dc868, ECX=0xb69076f8, EDX=0x00000000
ESP=0xb6b02ea0, EBP=0xb6b02ec8, ESI=0xb69076f8, EDI=0xb6907de0
EIP=0xb6d48e10, EFLAGS=0x00010286, CR2=0xb7794f00

Top of Stack: (sp=0xb6b02ea0)
0xb6b02ea0:   b690c000 00000000 ca31e7d9 3ffcef33
0xb6b02eb0:   a0731f58 b69076f8 b70a0474 b70dc868
0xb6b02ec0:   00000000 b089b600 b6b031c8 b6e7280b
0xb6b02ed0:   b690c000 b708d507 a0cb8ad8 b70a0474
0xb6b02ee0:   000004dc b6b0310c b690c960 b690c960
0xb6b02ef0:   b6b02f80 b6b02f18 b690c000 b690c954
0xb6b02f00:   b6b02f80 00000001 b690c958 b6ef9a5e
0xb6b02f10:   b70dc868 07000000 b6b03228 b490339a 

Instructions: (pc=0xb6d48e10)
0xb6d48df0:   55 89 e5 57 56 53 83 ec 1c e8 00 00 00 00 5b 81
0xb6d48e00:   c3 6a 3a 39 00 8b 83 10 f2 ff ff 80 38 00 75 08
0xb6d48e10:   8d 65 f4 5b 5e 5f 5d c3 8b 83 d4 fa ff ff 8d 7d
0xb6d48e20:   10 8b 30 8b 83 3c ea ff ff 8b 00 85 c0 75 e1 e8 

Register to memory mapping:

EAX=0x00000000 is an unknown value
EBX=0xb70dc868: <offset 0x594868> in /usr/local/java/jdk1.7.0_40/jre/lib/i386/client/libjvm.so at 0xb6b48000
ECX=0xb69076f8 is an unknown value
EDX=0x00000000 is an unknown value
ESP=0xb6b02ea0 is pointing into the stack for thread: 0xb690c000
EBP=0xb6b02ec8 is pointing into the stack for thread: 0xb690c000
ESI=0xb69076f8 is an unknown value
EDI=0xb6907de0 is an unknown value


Stack: [0xb6ab4000,0xb6b05000],  sp=0xb6b02ea0,  free space=315k
Native frames: (J=compiled Java code, j=interpreted, Vv=VM code, C=native code)
V  [libjvm.so+0x200e10]  Events::log_exception(Thread*, char const*, ...)+0x20
V  [libjvm.so+0x32a80b]  JVM_DoPrivileged+0x4eb
C  [libjava.so+0x9a4a]  Java_java_security_AccessController_doPrivileged__Ljava_security_PrivilegedExceptionAction_2Ljava_security_AccessControlContext_2+0x3a
j  java.security.AccessController.doPrivileged(Ljava/security/PrivilegedExceptionAction;Ljava/security/AccessControlContext;)Ljava/lang/Object;+0
j  java.net.URLClassLoader.findClass(Ljava/lang/String;)Ljava/lang/Class;+13
j  java.lang.ClassLoader.loadClass(Ljava/lang/String;Z)Ljava/lang/Class;+70
j  java.lang.ClassLoader.loadClass(Ljava/lang/String;Z)Ljava/lang/Class;+38
j  sun.misc.Launcher$AppClassLoader.loadClass(Ljava/lang/String;Z)Ljava/lang/Class;+36
j  java.lang.ClassLoader.loadClass(Ljava/lang/String;)Ljava/lang/Class;+3
v  ~StubRoutines::call_stub
V  [libjvm.so+0x2a7875]  JavaCalls::call_helper(JavaValue*, methodHandle*, JavaCallArguments*, Thread*)+0x315
V  [libjvm.so+0x3fa1e9]  os::os_exception_wrapper(void (*)(JavaValue*, methodHandle*, JavaCallArguments*, Thread*), JavaValue*, methodHandle*, JavaCallArguments*, Thread*)+0x19
V  [libjvm.so+0x2a64ef]  JavaCalls::call(JavaValue*, methodHandle, JavaCallArguments*, Thread*)+0x2f
V  [libjvm.so+0x2a672a]  JavaCalls::call_virtual(JavaValue*, KlassHandle, Symbol*, Symbol*, JavaCallArguments*, Thread*)+0x10a
V  [libjvm.so+0x2a67f5]  JavaCalls::call_virtual(JavaValue*, Handle, KlassHandle, Symbol*, Symbol*, Handle, Thread*)+0x55
V  [libjvm.so+0x49e559]  SystemDictionary::load_instance_class(Symbol*, Handle, Thread*)+0x489
V  [libjvm.so+0x49cc52]  SystemDictionary::resolve_instance_class_or_null(Symbol*, Handle, Handle, Thread*)+0x742
V  [libjvm.so+0x49d0b9]  SystemDictionary::resolve_or_null(Symbol*, Handle, Handle, Thread*)+0x49
V  [libjvm.so+0x49e5d0]  SystemDictionary::resolve_or_fail(Symbol*, Handle, Handle, bool, Thread*)+0x30
V  [libjvm.so+0x1d5cfb]  constantPoolOopDesc::klass_at_impl(constantPoolHandle, int, Thread*)+0x1cb
V  [libjvm.so+0x29fdb7]  InterpreterRuntime::_new(JavaThread*, constantPoolOopDesc*, int)+0x67
j  com.beust.jcommander.JCommander.addDescription(Ljava/lang/Object;)V+207
j  com.beust.jcommander.JCommander.createDescriptions()V+35
j  com.beust.jcommander.JCommander.parse([Ljava/lang/String;)V+50
j  com.beust.jcommander.JCommander.<init>(Ljava/lang/Object;[Ljava/lang/String;)V+38
j  org.testng.remote.RemoteTestNG.main([Ljava/lang/String;)V+36
j  org.testng.RemoteTestNGStarter.main([Ljava/lang/String;)V+441
v  ~StubRoutines::call_stub
V  [libjvm.so+0x2a7875]  JavaCalls::call_helper(JavaValue*, methodHandle*, JavaCallArguments*, Thread*)+0x315
V  [libjvm.so+0x3fa1e9]  os::os_exception_wrapper(void (*)(JavaValue*, methodHandle*, JavaCallArguments*, Thread*), JavaValue*, methodHandle*, JavaCallArguments*, Thread*)+0x19
V  [libjvm.so+0x2a64ef]  JavaCalls::call(JavaValue*, methodHandle, JavaCallArguments*, Thread*)+0x2f
V  [libjvm.so+0x43f97e]  Reflection::invoke(instanceKlassHandle, methodHandle, Handle, bool, objArrayHandle, BasicType, objArrayHandle, bool, Thread*)+0x3fe
V  [libjvm.so+0x44043a]  Reflection::invoke_method(oopDesc*, Handle, objArrayHandle, Thread*)+0x15a
V  [libjvm.so+0x328c19]  JVM_InvokeMethod+0x209
C  [libjava.so+0x15232]  Java_sun_reflect_NativeMethodAccessorImpl_invoke0+0x32
j  sun.reflect.NativeMethodAccessorImpl.invoke0(Ljava/lang/reflect/Method;Ljava/lang/Object;[Ljava/lang/Object;)Ljava/lang/Object;+0
j  sun.reflect.NativeMethodAccessorImpl.invoke(Ljava/lang/Object;[Ljava/lang/Object;)Ljava/lang/Object;+87
j  sun.reflect.DelegatingMethodAccessorImpl.invoke(Ljava/lang/Object;[Ljava/lang/Object;)Ljava/lang/Object;+6
j  java.lang.reflect.Method.invoke(Ljava/lang/Object;[Ljava/lang/Object;)Ljava/lang/Object;+57
j  com.intellij.rt.execution.application.AppMain.main([Ljava/lang/String;)V+140
v  ~StubRoutines::call_stub
V  [libjvm.so+0x2a7875]  JavaCalls::call_helper(JavaValue*, methodHandle*, JavaCallArguments*, Thread*)+0x315
V  [libjvm.so+0x3fa1e9]  os::os_exception_wrapper(void (*)(JavaValue*, methodHandle*, JavaCallArguments*, Thread*), JavaValue*, methodHandle*, JavaCallArguments*, Thread*)+0x19
V  [libjvm.so+0x2a64ef]  JavaCalls::call(JavaValue*, methodHandle, JavaCallArguments*, Thread*)+0x2f
V  [libjvm.so+0x2e28b2]  jni_invoke_static(JNIEnv_*, JavaValue*, _jobject*, JNICallType, _jmethodID*, JNI_ArgumentPusher*, Thread*)+0x242
V  [libjvm.so+0x2f8ada]  jni_CallStaticVoidMethod+0xca
C  [libjli.so+0x2e8d]  JavaMain+0x8bd
C  [libpthread.so.0+0x6d78]  start_thread+0xd8

Java frames: (J=compiled Java code, j=interpreted, Vv=VM code)
j  java.security.AccessController.doPrivileged(Ljava/security/PrivilegedExceptionAction;Ljava/security/AccessControlContext;)Ljava/lang/Object;+0
j  java.net.URLClassLoader.findClass(Ljava/lang/String;)Ljava/lang/Class;+13
j  java.lang.ClassLoader.loadClass(Ljava/lang/String;Z)Ljava/lang/Class;+70
j  java.lang.ClassLoader.loadClass(Ljava/lang/String;Z)Ljava/lang/Class;+38
j  sun.misc.Launcher$AppClassLoader.loadClass(Ljava/lang/String;Z)Ljava/lang/Class;+36
j  java.lang.ClassLoader.loadClass(Ljava/lang/String;)Ljava/lang/Class;+3
v  ~StubRoutines::call_stub
j  com.beust.jcommander.JCommander.addDescription(Ljava/lang/Object;)V+207
j  com.beust.jcommander.JCommander.createDescriptions()V+35
j  com.beust.jcommander.JCommander.parse([Ljava/lang/String;)V+50
j  com.beust.jcommander.JCommander.<init>(Ljava/lang/Object;[Ljava/lang/String;)V+38
j  org.testng.remote.RemoteTestNG.main([Ljava/lang/String;)V+36
j  org.testng.RemoteTestNGStarter.main([Ljava/lang/String;)V+441
v  ~StubRoutines::call_stub
j  sun.reflect.NativeMethodAccessorImpl.invoke0(Ljava/lang/reflect/Method;Ljava/lang/Object;[Ljava/lang/Object;)Ljava/lang/Object;+0
j  sun.reflect.NativeMethodAccessorImpl.invoke(Ljava/lang/Object;[Ljava/lang/Object;)Ljava/lang/Object;+87
j  sun.reflect.DelegatingMethodAccessorImpl.invoke(Ljava/lang/Object;[Ljava/lang/Object;)Ljava/lang/Object;+6
j  java.lang.reflect.Method.invoke(Ljava/lang/Object;[Ljava/lang/Object;)Ljava/lang/Object;+57
j  com.intellij.rt.execution.application.AppMain.main([Ljava/lang/String;)V+140
v  ~StubRoutines::call_stub

---------------  P R O C E S S  ---------------

Java Threads: ( => current thread )
  0x9fa57c00 JavaThread "Monitor Ctrl-Break" daemon [_thread_in_native, id=12932, stack(0x9f9af000,0x9fa00000)]
  0xb6974000 JavaThread "Service Thread" daemon [_thread_blocked, id=12930, stack(0x9feaf000,0x9ff00000)]
  0xb6972000 JavaThread "C1 CompilerThread0" daemon [_thread_blocked, id=12929, stack(0xa022e000,0xa02af000)]
  0xb6970800 JavaThread "Signal Dispatcher" daemon [_thread_blocked, id=12928, stack(0xa02af000,0xa0300000)]
  0xb6960400 JavaThread "Finalizer" daemon [_thread_blocked, id=12927, stack(0xa0403000,0xa0454000)]
  0xb695dc00 JavaThread "Reference Handler" daemon [_thread_blocked, id=12926, stack(0xa0454000,0xa04a5000)]
=>0xb690c000 JavaThread "main" [_thread_in_vm, id=12924, stack(0xb6ab4000,0xb6b05000)]

Other Threads:
  0xb695c000 VMThread [stack: 0xa04a5000,0xa0526000] [id=12925]
  0xb6976400 WatcherThread [stack: 0x9fe2e000,0x9feaf000] [id=12931]

VM state:not at safepoint (normal execution)

VM Mutex/Monitor currently owned by a thread: None

Heap
 def new generation   total 4928K, used 4370K [0xa0880000, 0xa0dd0000, 0xa5dd0000)
  eden space 4416K,  98% used [0xa0880000, 0xa0cc4b68, 0xa0cd0000)
  from space 512K,   0% used [0xa0cd0000, 0xa0cd0000, 0xa0d50000)
  to   space 512K,   0% used [0xa0d50000, 0xa0d50000, 0xa0dd0000)
 tenured generation   total 10944K, used 0K [0xa5dd0000, 0xa6880000, 0xb0880000)
   the space 10944K,   0% used [0xa5dd0000, 0xa5dd0000, 0xa5dd0200, 0xa6880000)
 compacting perm gen  total 12288K, used 2168K [0xb0880000, 0xb1480000, 0xb4880000)
   the space 12288K,  17% used [0xb0880000, 0xb0a9e1d8, 0xb0a9e200, 0xb1480000)
No shared spaces configured.

Card table byte_map: [0xa07df000,0xa0880000] byte_map_base: 0xa02dac00

Polling page: 0xb7704000

Code Cache  [0xb4900000, 0xb49b8000, 0xb6900000)
 total_blobs=199 nmethods=67 adapters=69 free_code_cache=32059Kb largest_free_block=32828928

Compilation events (10 events):
Event: 1,798 Thread 0xb6972000   63             java.util.HashMap::transfer (115 bytes)
Event: 1,799 Thread 0xb6972000 nmethod 63 0xb49b0108 code [0xb49b0220, 0xb49b041c]
Event: 1,803 Thread 0xb6972000   64             java.lang.Short::shortValue (5 bytes)
Event: 1,803 Thread 0xb6972000 nmethod 64 0xb49b0688 code [0xb49b0780, 0xb49b0800]
Event: 1,804 Thread 0xb6972000   65             java.util.HashMap::put (142 bytes)
Event: 1,804 Thread 0xb6972000 nmethod 65 0xb49b0848 code [0xb49b09a0, 0xb49b0bc8]
Event: 1,805 Thread 0xb6972000   66             java.util.ArrayList::access$100 (5 bytes)
Event: 1,805 Thread 0xb6972000 nmethod 66 0xb49b0dc8 code [0xb49b0ec0, 0xb49b0f30]
Event: 1,806 Thread 0xb6972000   67             java.io.DataOutputStream::writeShort (35 bytes)
Event: 1,806 Thread 0xb6972000 nmethod 67 0xb49b0f88 code [0xb49b10a0, 0xb49b1198]

GC Heap History (0 events):
No events

Deoptimization events (0 events):
No events

Internal exceptions (10 events):
Event: 1,759 Thread 0xb690c000 Threw 0xa0c0e0a0 at /HUDSON/workspace/jdk7u40-2-build-linux-i586-product/jdk7u40/hotspot/src/share/vm/prims/jvm.cpp:1244
Event: 1,759 Thread 0xb690c000 Threw 0xa0c1acd8 at /HUDSON/workspace/jdk7u40-2-build-linux-i586-product/jdk7u40/hotspot/src/share/vm/prims/jvm.cpp:1244
Event: 1,760 Thread 0xb690c000 Threw 0xa0c25960 at /HUDSON/workspace/jdk7u40-2-build-linux-i586-product/jdk7u40/hotspot/src/share/vm/prims/jvm.cpp:1244
Event: 1,762 Thread 0xb690c000 Threw 0xa0c32a98 at /HUDSON/workspace/jdk7u40-2-build-linux-i586-product/jdk7u40/hotspot/src/share/vm/prims/jvm.cpp:1244
Event: 1,763 Thread 0xb690c000 Threw 0xa0c3f938 at /HUDSON/workspace/jdk7u40-2-build-linux-i586-product/jdk7u40/hotspot/src/share/vm/prims/jvm.cpp:1244
Event: 1,764 Thread 0xb690c000 Threw 0xa0c4c4d8 at /HUDSON/workspace/jdk7u40-2-build-linux-i586-product/jdk7u40/hotspot/src/share/vm/prims/jvm.cpp:1244
Event: 1,765 Thread 0xb690c000 Threw 0xa0c59708 at /HUDSON/workspace/jdk7u40-2-build-linux-i586-product/jdk7u40/hotspot/src/share/vm/prims/jvm.cpp:1244
Event: 1,767 Thread 0xb690c000 Threw 0xa0c6a580 at /HUDSON/workspace/jdk7u40-2-build-linux-i586-product/jdk7u40/hotspot/src/share/vm/prims/jvm.cpp:1244
Event: 1,773 Thread 0xb690c000 Threw 0xa0c76e50 at /HUDSON/workspace/jdk7u40-2-build-linux-i586-product/jdk7u40/hotspot/src/share/vm/prims/jvm.cpp:1244
Event: 1,808 Thread 0xb690c000 Threw 0xa0cb8ad8 at /HUDSON/workspace/jdk7u40-2-build-linux-i586-product/jdk7u40/hotspot/src/share/vm/prims/jvm.cpp:1244

Events (10 events):
Event: 1,791 loading class 0x9fa64f30
Event: 1,791 loading class 0x9fa64f30 done
Event: 1,795 loading class 0xa0750378
Event: 1,795 loading class 0xa07503a8
Event: 1,795 loading class 0xa07503a8 done
Event: 1,795 loading class 0xa0750378 done
Event: 1,807 loading class 0xa03855d8
Event: 1,807 loading class 0xa03855d8 done
Event: 1,808 loading class 0x9fa83278
Event: 1,808 loading class 0x9fa83278 done


Dynamic libraries:
08048000-08049000 r-xp 00000000 08:04 1717000    /usr/local/java/jdk1.7.0_40/bin/java
08049000-0804a000 rw-p 00000000 08:04 1717000    /usr/local/java/jdk1.7.0_40/bin/java
096c8000-096e9000 rw-p 00000000 00:00 0          [heap]
9f865000-9f9af000 rw-p 00000000 00:00 0 
9f9af000-9f9b2000 ---p 00000000 00:00 0 
9f9b2000-9fa00000 rw-p 00000000 00:00 0          [stack:12932]
9fa00000-9fa8c000 rw-p 00000000 00:00 0 
9fa8c000-9fb00000 ---p 00000000 00:00 0 
9fb08000-9fb0b000 rw-p 00000000 00:00 0 
9fb0b000-9fb1f000 r-xp 00000000 08:04 1717553    /usr/local/java/jdk1.7.0_40/jre/lib/i386/libnet.so
9fb1f000-9fb20000 rw-p 00014000 08:04 1717553    /usr/local/java/jdk1.7.0_40/jre/lib/i386/libnet.so
9fb20000-9fb21000 r-xp 00000000 08:04 1976888    /home/guilherme/idea-IU-129.713/bin/libbreakgen.so
9fb21000-9fb22000 rw-p 00000000 08:04 1976888    /home/guilherme/idea-IU-129.713/bin/libbreakgen.so
9fb22000-9fb24000 r--s 00013000 08:04 1976990    /home/guilherme/idea-IU-129.713/lib/idea_rt.jar
9fb24000-9fb3a000 r--s 00258000 08:04 5379945    /home/guilherme/idea-IU-129.713/plugins/testng/lib/testng.jar
9fb3a000-9fb40000 r--s 00033000 08:04 4982889    /home/guilherme/.m2/repository/org/yaml/snakeyaml/1.6/snakeyaml-1.6.jar
9fb40000-9fb42000 r--s 00006000 08:04 4982891    /home/guilherme/.m2/repository/com/beust/jcommander/1.12/jcommander-1.12.jar
9fb42000-9fb47000 r--s 00040000 08:04 4982892    /home/guilherme/.m2/repository/org/beanshell/bsh/2.0b4/bsh-2.0b4.jar
9fb47000-9fb51000 r--s 00087000 08:04 4465263    /home/guilherme/.m2/repository/org/testng/testng/6.1.1/testng-6.1.1.jar
9fb51000-9fb54000 r--s 0001a000 08:04 5643337    /home/guilherme/.m2/repository/com/jcraft/jsch/0.1.23/jsch-0.1.23.jar
9fb54000-9fb56000 r--s 00007000 08:04 5643375    /home/guilherme/.m2/repository/org/apache/maven/wagon/wagon-ssh/1.0-alpha-5/wagon-ssh-1.0-alpha-5.jar
9fb56000-9fb57000 r--s 00001000 08:04 5645070    /home/guilherme/.m2/repository/org/apache/maven/maven-monitor/2.0/maven-monitor-2.0.jar
9fb57000-9fb59000 r--s 00002000 08:04 5380014    /home/guilherme/.m2/repository/org/codehaus/plexus/plexus-interactivity-api/1.0-alpha-4/plexus-interactivity-api-1.0-alpha-4.jar
9fb59000-9fb5b000 r--s 00007000 08:04 5645055    /home/guilherme/.m2/repository/org/apache/maven/maven-plugin-descriptor/2.0/maven-plugin-descriptor-2.0.jar
9fb5b000-9fb5d000 r--s 00006000 08:04 5380013    /home/guilherme/.m2/repository/commons-cli/commons-cli/1.0/commons-cli-1.0.jar
9fb5d000-9fb5f000 r--s 00005000 08:04 5645038    /home/guilherme/.m2/repository/org/apache/maven/maven-plugin-registry/2.0/maven-plugin-registry-2.0.jar
9fb5f000-9fb60000 r--s 00002000 08:04 5645035    /home/guilherme/.m2/repository/org/apache/maven/maven-error-diagnostics/2.0/maven-error-diagnostics-2.0.jar
9fb60000-9fb62000 r--s 00000000 08:04 5643353    /home/guilherme/.m2/repository/doxia/doxia-sink-api/1.0-alpha-4/doxia-sink-api-1.0-alpha-4.jar
9fb62000-9fb63000 r--s 00001000 08:04 5643339    /home/guilherme/.m2/repository/org/apache/maven/reporting/maven-reporting-api/2.0/maven-reporting-api-2.0.jar
9fb63000-9fb64000 r--s 00001000 08:04 5643369    /home/guilherme/.m2/repository/org/apache/maven/wagon/wagon-http-lightweight/1.0-alpha-5/wagon-http-lightweight-1.0-alpha-5.jar
9fb64000-9fb66000 r--s 00003000 08:04 5645032    /home/guilherme/.m2/repository/org/apache/maven/maven-plugin-parameter-documenter/2.0/maven-plugin-parameter-documenter-2.0.jar
9fb66000-9fb67000 r--s 00001000 08:04 5643349    /home/guilherme/.m2/repository/org/apache/maven/wagon/wagon-file/1.0-alpha-5/wagon-file-1.0-alpha-5.jar
9fb67000-9fb6b000 r--s 0001e000 08:04 5643386    /home/guilherme/.m2/repository/org/apache/maven/maven-core/2.0/maven-core-2.0.jar
9fb6b000-9fb6c000 r--s 00007000 08:04 5643376    /home/guilherme/.m2/repository/org/apache/maven/shared/maven-plugin-testing-harness/1.1/maven-plugin-testing-harness-1.1.jar
9fb6c000-9fb6e000 r--s 00005000 08:04 5769033    /home/guilherme/.m2/repository/org/apache/maven/shared/maven-common-artifact-filters/1.0/maven-common-artifact-filters-1.0.jar
9fb6e000-9fb6f000 r--s 00005000 08:04 5643351    /home/guilherme/.m2/repository/org/apache/maven/shared/maven-repository-builder/1.0-alpha-2/maven-repository-builder-1.0-alpha-2.jar
9fb6f000-9fb71000 r--s 00008000 08:04 4603583    /home/guilherme/.m2/repository/classworlds/classworlds/1.1-alpha-2/classworlds-1.1-alpha-2.jar
9fb71000-9fb72000 r--s 00002000 08:04 4602128    /home/guilherme/.m2/repository/org/apache/maven/maven-archiver/2.2/maven-archiver-2.2.jar
9fb72000-9fb74000 r--s 00006000 08:04 5515098    /home/guilherme/.m2/repository/org/apache/maven/maven-profile/2.0.4/maven-profile-2.0.4.jar
9fb74000-9fb76000 r--s 00012000 08:04 5381163    /home/guilherme/.m2/repository/org/apache/maven/maven-model/2.0.4/maven-model-2.0.4.jar
9fb76000-9fb78000 r--s 00009000 08:04 5252442    /home/guilherme/.m2/repository/org/apache/maven/maven-settings/2.0.4/maven-settings-2.0.4.jar
9fb78000-9fb7b000 r--s 00018000 08:04 5252407    /home/guilherme/.m2/repository/org/apache/maven/maven-project/2.0.4/maven-project-2.0.4.jar
9fb7b000-9fb7d000 r--s 00004000 08:04 4729740    /home/guilherme/.m2/repository/org/codehaus/plexus/plexus-active-collections/1.0-beta-2/plexus-active-collections-1.0-beta-2.jar
9fb7d000-9fb7f000 r--s 00009000 08:04 5381154    /home/guilherme/.m2/repository/org/apache/maven/wagon/wagon-provider-api/1.0-alpha-6/wagon-provider-api-1.0-alpha-6.jar
9fb7f000-9fb80000 r--s 00004000 08:04 4729737    /home/guilherme/.m2/repository/org/apache/maven/maven-repository-metadata/2.0.2/maven-repository-metadata-2.0.2.jar
9fb80000-9fb83000 r--s 0000a000 08:04 5381157    /home/guilherme/.m2/repository/org/apache/maven/maven-artifact-manager/2.0.2/maven-artifact-manager-2.0.2.jar
9fb83000-9fb86000 r--s 00011000 08:04 5643355    /home/guilherme/.m2/repository/org/apache/maven/maven-artifact/2.0.4/maven-artifact-2.0.4.jar
9fb86000-9fb88000 r--s 00008000 08:04 5250126    /home/guilherme/.m2/repository/org/apache/maven/shared/maven-shared-io/1.1/maven-shared-io-1.1.jar
9fb88000-9fb8a000 r--s 00001000 08:04 4339221    /home/guilherme/.m2/repository/org/apache/maven/maven-plugin-api/2.0.4/maven-plugin-api-2.0.4.jar
9fb8a000-9fb8c000 r--s 00006000 08:04 4993795    /home/guilherme/.m2/repository/org/apache/maven/shared/file-management/1.1/file-management-1.1.jar
9fb8c000-9fb8e000 r--s 00006000 08:04 5381160    /home/guilherme/.m2/repository/org/codehaus/plexus/plexus-io/1.0-alpha-2/plexus-io-1.0-alpha-2.jar
9fb8e000-9fb91000 r--s 0001b000 08:04 4982890    /home/guilherme/.m2/repository/junit/junit/3.8.1/junit-3.8.1.jar
9fb91000-9fb98000 r--s 00029000 08:04 4603586    /home/guilherme/.m2/repository/org/codehaus/plexus/plexus-container-default/1.0-alpha-9-stable-1/plexus-container-default-1.0-alpha-9-stable-1.jar
9fb98000-9fb9c000 r--s 00030000 08:04 5769029    /home/guilherme/.m2/repository/org/codehaus/plexus/plexus-utils/1.5.1/plexus-utils-1.5.1.jar
9fb9c000-9fba0000 r--s 00027000 08:04 4472124    /home/guilherme/.m2/repository/org/codehaus/plexus/plexus-archiver/1.0-alpha-10/plexus-archiver-1.0-alpha-10.jar
9fba0000-9fba5000 r--s 00018000 08:04 4339220    /home/guilherme/.m2/repository/aspectj/aspectjrt/1.5.3/aspectjrt-1.5.3.jar
9fba5000-9fba9000 r--s 0002b000 08:04 4338688    /home/guilherme/.m2/repository/org/apache/maven/plugins/maven-assembly-plugin/2.2-beta-2/maven-assembly-plugin-2.2-beta-2.jar
9fba9000-9fbab000 r--s 0000a000 08:04 5642959    /home/guilherme/.m2/repository/javax/ws/rs/jsr311-api/1.1.1/jsr311-api-1.1.1.jar
9fbab000-9fbaf000 r--s 0002a000 08:04 4339230    /home/guilherme/.m2/repository/commons-io/commons-io/2.4/commons-io-2.4.jar
9fbaf000-9fbb3000 r--s 0002f000 08:04 5778338    /home/guilherme/.m2/repository/com/fasterxml/jackson/core/jackson-core/2.1.3/jackson-core-2.1.3.jar
9fbb3000-9fbb5000 r--s 00007000 08:04 5778333    /home/guilherme/.m2/repository/com/fasterxml/jackson/core/jackson-annotations/2.1.2/jackson-annotations-2.1.2.jar
9fbb5000-9fbc5000 r--s 000d2000 08:04 5769112    /home/guilherme/.m2/repository/com/fasterxml/jackson/core/jackson-databind/2.1.3/jackson-databind-2.1.3.jar
9fbc5000-9fbc8000 r--s 00018000 08:04 4207654    /home/guilherme/.m2/repository/org/mongojack/mongojack/2.0.0-RC5/mongojack-2.0.0-RC5.jar
9fbc8000-9fbca000 r--s 0000a000 08:04 4196690    /home/guilherme/.m2/repository/org/json/json/20090211/json-20090211.jar
9fbca000-9fbcd000 r--s 0000b000 08:04 4196718    /home/guilherme/.m2/repository/javax/persistence/persistence-api/1.0.2/persistence-api-1.0.2.jar
9fbcd000-9fbcf000 r--s 0000c000 08:04 4196713    /home/guilherme/.m2/repository/de/undercouch/bson4jackson/1.3.0/bson4jackson-1.3.0.jar
9fbcf000-9fbd4000 r--s 00043000 08:04 4196674    /home/guilherme/.m2/repository/org/mongodb/mongo-java-driver/2.7.2/mongo-java-driver-2.7.2.jar
9fbd4000-9fbd7000 r--s 00014000 08:04 4196701    /home/guilherme/.m2/repository/net/vz/mongodb/jackson/mongo-jackson-mapper/1.4.1/mongo-jackson-mapper-1.4.1.jar
9fbd7000-9fbd9000 r--s 0000a000 08:04 4723826    /home/guilherme/.m2/repository/commons-codec/commons-codec/1.3/commons-codec-1.3.jar
9fbd9000-9fbdb000 r--s 0000d000 08:04 5778757    /home/guilherme/.m2/repository/commons-logging/commons-logging/1.1.1/commons-logging-1.1.1.jar
9fbdb000-9fbe0000 r--s 00025000 08:04 4208682    /home/guilherme/.m2/repository/org/apache/httpcomponents/httpcore/4.0-beta1/httpcore-4.0-beta1.jar
9fbe0000-9fbe7000 r--s 00036000 08:04 4208679    /home/guilherme/.m2/repository/org/apache/httpcomponents/httpclient/4.0-alpha4/httpclient-4.0-alpha4.jar
9fbe7000-9fbe8000 r--s 00006000 08:04 4196782    /home/guilherme/.m2/repository/org/codehaus/jackson/jackson-xc/1.9.2/jackson-xc-1.9.2.jar
9fbe8000-9fbe9000 r--s 00004000 08:04 4196773    /home/guilherme/.m2/repository/org/codehaus/jackson/jackson-jaxrs/1.9.2/jackson-jaxrs-1.9.2.jar
9fbe9000-9fbf7000 r--s 000ad000 08:04 4196762    /home/guilherme/.m2/repository/org/codehaus/jackson/jackson-mapper-asl/1.9.2/jackson-mapper-asl-1.9.2.jar
9fbf7000-9fbfb000 r--s 00034000 08:04 4196724    /home/guilherme/.m2/repository/org/codehaus/jackson/jackson-core-asl/1.9.2/jackson-core-asl-1.9.2.jar
9fbfb000-9fbfd000 r--s 00004000 08:04 4196725    /home/guilherme/.m2/repository/javax/xml/stream/stax-api/1.0-2/stax-api-1.0-2.jar
9fbfd000-9fc00000 r--s 00017000 08:04 4196709    /home/guilherme/.m2/repository/javax/xml/bind/jaxb-api/2.2.2/jaxb-api-2.2.2.jar
9fc00000-9fcff000 rw-p 00000000 00:00 0 
9fcff000-9fd00000 ---p 00000000 00:00 0 
9fd00000-9fd13000 r--s 000c7000 08:04 4196686    /home/guilherme/.m2/repository/com/sun/xml/bind/jaxb-impl/2.2.3-1/jaxb-impl-2.2.3-1.jar
9fd13000-9fd15000 r--s 0000f000 08:04 4196720    /home/guilherme/.m2/repository/org/codehaus/jettison/jettison/1.1/jettison-1.1.jar
9fd15000-9fd19000 r--s 00020000 08:04 4196675    /home/guilherme/.m2/repository/org/glassfish/jersey/media/jersey-media-json/2.0-m02/jersey-media-json-2.0-m02.jar
9fd19000-9fd22000 r--s 00042000 08:04 4196752    /home/guilherme/.m2/repository/org/glassfish/jersey/core/jersey-server/2.0-m02/jersey-server-2.0-m02.jar
9fd22000-9fd24000 r--s 00003000 08:04 4196733    /home/guilherme/.m2/repository/org/jvnet/tiger-types/1.4/tiger-types-1.4.jar
9fd24000-9fd29000 r--s 00047000 08:04 4196757    /home/guilherme/.m2/repository/org/glassfish/hk2/external/asm-all-repackaged/1.6.32/asm-all-repackaged-1.6.32.jar
9fd29000-9fd2a000 r--s 00001000 08:04 4196691    /home/guilherme/.m2/repository/org/glassfish/hk2/external/javax.inject/1.6.32/javax.inject-1.6.32.jar
9fd2a000-9fd31000 r--s 0004a000 08:04 4196753    /home/guilherme/.m2/repository/org/glassfish/hk2/auto-depends/1.6.32/auto-depends-1.6.32.jar
9fd31000-9fd33000 r--s 00006000 08:04 4196679    /home/guilherme/.m2/repository/org/glassfish/hk2/hk2-api/1.6.32/hk2-api-1.6.32.jar
9fd33000-9fd36000 r--s 00006000 08:04 4196737    /home/guilherme/.m2/repository/com/google/code/findbugs/jsr305/1.3.9/jsr305-1.3.9.jar
9fd36000-9fd56000 r--s 00173000 08:04 4196682    /home/guilherme/.m2/repository/com/google/guava/guava/11.0.1/guava-11.0.1.jar
9fd56000-9fd58000 r--s 0000e000 08:04 4196702    /home/guilherme/.m2/repository/javax/activation/activation/1.1/activation-1.1.jar
9fd58000-9fd5e000 r--s 00059000 08:04 4196731    /home/guilherme/.m2/repository/javax/mail/mail/1.4/mail-1.4.jar
9fd5e000-9fd61000 r--s 00012000 08:04 4196681    /home/guilherme/.m2/repository/javax/ws/rs/javax.ws.rs-api/2.0-m03/javax.ws.rs-api-2.0-m03.jar
9fd61000-9fd6c000 r--s 0006c000 08:04 4196687    /home/guilherme/.m2/repository/org/glassfish/jersey/core/jersey-common/2.0-m02/jersey-common-2.0-m02.jar
9fd6c000-9fd7a000 r--s 000a6000 08:04 4196758    /home/guilherme/.m2/repository/org/glassfish/grizzly/grizzly-framework/2.2.4/grizzly-framework-2.2.4.jar
9fd7a000-9fd7f000 r--s 0003b000 08:04 4196742    /home/guilherme/.m2/repository/org/glassfish/grizzly/grizzly-http/2.2.4/grizzly-http-2.2.4.jar
9fd7f000-9fd83000 r--s 00030000 08:04 4196693    /home/guilherme/.m2/repository/org/glassfish/grizzly/grizzly-http-server/2.2.4/grizzly-http-server-2.2.4.jar
9fd83000-9fd8c000 r--s 000d3000 08:04 1717586    /usr/local/java/jdk1.7.0_40/jre/lib/javaws.jar
9fd8c000-9fe1b000 r--s 00dda000 08:04 1717647    /usr/local/java/jdk1.7.0_40/jre/lib/jfxrt.jar
9fe1b000-9fe2e000 r--s 001a5000 08:04 1717649    /usr/local/java/jdk1.7.0_40/jre/lib/plugin.jar
9fe2e000-9fe2f000 ---p 00000000 00:00 0 
9fe2f000-9feaf000 rw-p 00000000 00:00 0          [stack:12931]
9feaf000-9feb2000 ---p 00000000 00:00 0 
9feb2000-9ff00000 rw-p 00000000 00:00 0          [stack:12930]
9ff00000-a0100000 r--p 00000000 08:04 1449933    /usr/lib/locale/locale-archive
a0100000-a0121000 rw-p 00000000 00:00 0 
a0121000-a0200000 ---p 00000000 00:00 0 
a0200000-a0202000 r--s 00002000 08:04 4196697    /home/guilherme/.m2/repository/org/glassfish/jersey/containers/jersey-container-grizzly2-http/2.0-m02/jersey-container-grizzly2-http-2.0-m02.jar
a0202000-a0206000 r--s 0008a000 08:04 1717584    /usr/local/java/jdk1.7.0_40/jre/lib/jsse.jar
a0206000-a0210000 r--s 00371000 08:04 1717754    /usr/local/java/jdk1.7.0_40/jre/lib/charsets.jar
a0210000-a0216000 r--s 0007d000 08:04 1717785    /usr/local/java/jdk1.7.0_40/jre/lib/jfr.jar
a0216000-a022e000 r--s 00406000 08:04 1717648    /usr/local/java/jdk1.7.0_40/jre/lib/deploy.jar
a022e000-a0231000 ---p 00000000 00:00 0 
a0231000-a02af000 rw-p 00000000 00:00 0          [stack:12929]
a02af000-a02b2000 ---p 00000000 00:00 0 
a02b2000-a0300000 rw-p 00000000 00:00 0          [stack:12928]
a0300000-a0393000 rw-p 00000000 00:00 0 
a0393000-a0400000 ---p 00000000 00:00 0 
a0400000-a0401000 r--s 00004000 08:04 4196756    /home/guilherme/.m2/repository/org/glassfish/hk2/osgi-resource-locator/1.0.1/osgi-resource-locator-1.0.1.jar
a0401000-a0403000 r--s 00009000 08:04 4196698    /home/guilherme/.m2/repository/org/glassfish/external/management-api/3.0.0-b012/management-api-3.0.0-b012.jar
a0403000-a0406000 ---p 00000000 00:00 0 
a0406000-a0454000 rw-p 00000000 00:00 0          [stack:12927]
a0454000-a0457000 ---p 00000000 00:00 0 
a0457000-a04a5000 rw-p 00000000 00:00 0          [stack:12926]
a04a5000-a04a6000 ---p 00000000 00:00 0 
a04a6000-a0571000 rw-p 00000000 00:00 0          [stack:12925]
a0571000-a072e000 r--s 039d3000 08:04 1717013    /usr/local/java/jdk1.7.0_40/jre/lib/rt.jar
a072e000-a078f000 rw-p 00000000 00:00 0 
a078f000-a07df000 rw-p 00000000 00:00 0 
a07df000-a07e2000 rw-p 00000000 00:00 0 
a07e2000-a0809000 rw-p 00000000 00:00 0 
a0809000-a080f000 rw-p 00000000 00:00 0 
a080f000-a085f000 rw-p 00000000 00:00 0 
a085f000-a0865000 rw-p 00000000 00:00 0 
a0865000-a087f000 rw-p 00000000 00:00 0 
a087f000-a0dd0000 rw-p 00000000 00:00 0 
a0dd0000-a5dd0000 rw-p 00000000 00:00 0 
a5dd0000-a6880000 rw-p 00000000 00:00 0 
a6880000-b0880000 rw-p 00000000 00:00 0 
b0880000-b1480000 rw-p 00000000 00:00 0 
b1480000-b4880000 rw-p 00000000 00:00 0 
b4880000-b4883000 rw-p 00000000 00:00 0 
b4883000-b4900000 rw-p 00000000 00:00 0 
b4900000-b49b8000 rwxp 00000000 00:00 0 
b49b8000-b69fe000 rw-p 00000000 00:00 0 
b69fe000-b6a00000 ---p 00000000 00:00 0 
b6a00000-b6a01000 r--s 00001000 08:04 4196767    /home/guilherme/.m2/repository/org/glassfish/grizzly/grizzly-rcm/2.2.4/grizzly-rcm-2.2.4.jar
b6a01000-b6a03000 r--s 00004000 08:04 4196729    /home/guilherme/.m2/repository/org/glassfish/gmbal/gmbal-api-only/3.0.0-b023/gmbal-api-only-3.0.0-b023.jar
b6a03000-b6a0a000 rw-p 00000000 00:00 0 
b6a0a000-b6a24000 rw-p 00000000 00:00 0 
b6a24000-b6a3b000 r-xp 00000000 08:04 1717575    /usr/local/java/jdk1.7.0_40/jre/lib/i386/libzip.so
b6a3b000-b6a3c000 rw-p 00017000 08:04 1717575    /usr/local/java/jdk1.7.0_40/jre/lib/i386/libzip.so
b6a3c000-b6a47000 r-xp 00000000 08:04 2491278    /lib/i386-linux-gnu/libnss_files-2.17.so
b6a47000-b6a48000 r--p 0000a000 08:04 2491278    /lib/i386-linux-gnu/libnss_files-2.17.so
b6a48000-b6a49000 rw-p 0000b000 08:04 2491278    /lib/i386-linux-gnu/libnss_files-2.17.so
b6a49000-b6a53000 r-xp 00000000 08:04 2491282    /lib/i386-linux-gnu/libnss_nis-2.17.so
b6a53000-b6a54000 r--p 00009000 08:04 2491282    /lib/i386-linux-gnu/libnss_nis-2.17.so
b6a54000-b6a55000 rw-p 0000a000 08:04 2491282    /lib/i386-linux-gnu/libnss_nis-2.17.so
b6a55000-b6a6a000 r-xp 00000000 08:04 2491272    /lib/i386-linux-gnu/libnsl-2.17.so
b6a6a000-b6a6b000 r--p 00014000 08:04 2491272    /lib/i386-linux-gnu/libnsl-2.17.so
b6a6b000-b6a6c000 rw-p 00015000 08:04 2491272    /lib/i386-linux-gnu/libnsl-2.17.so
b6a6c000-b6a6e000 rw-p 00000000 00:00 0 
b6a6e000-b6a70000 r--s 00019000 08:04 1717801    /usr/local/java/jdk1.7.0_40/jre/lib/jce.jar
b6a70000-b6a79000 r--s 00250000 08:04 1717499    /usr/local/java/jdk1.7.0_40/jre/lib/resources.jar
b6a79000-b6a7f000 r--s 000a9000 08:04 5379941    /home/guilherme/idea-IU-129.713/plugins/testng/lib/testng-plugin.jar
b6a7f000-b6a87000 rw-s 00000000 08:04 5779472    /tmp/hsperfdata_guilherme/12923
b6a87000-b6aaa000 r-xp 00000000 08:04 1717538    /usr/local/java/jdk1.7.0_40/jre/lib/i386/libjava.so
b6aaa000-b6aab000 rw-p 00022000 08:04 1717538    /usr/local/java/jdk1.7.0_40/jre/lib/i386/libjava.so
b6aab000-b6ab2000 r-xp 00000000 08:04 2491325    /lib/i386-linux-gnu/librt-2.17.so
b6ab2000-b6ab3000 r--p 00006000 08:04 2491325    /lib/i386-linux-gnu/librt-2.17.so
b6ab3000-b6ab4000 rw-p 00007000 08:04 2491325    /lib/i386-linux-gnu/librt-2.17.so
b6ab4000-b6ab7000 ---p 00000000 00:00 0 
b6ab7000-b6b05000 rw-p 00000000 00:00 0          [stack:12924]
b6b05000-b6b46000 r-xp 00000000 08:04 2491253    /lib/i386-linux-gnu/libm-2.17.so
b6b46000-b6b47000 r--p 00040000 08:04 2491253    /lib/i386-linux-gnu/libm-2.17.so
b6b47000-b6b48000 rw-p 00041000 08:04 2491253    /lib/i386-linux-gnu/libm-2.17.so
b6b48000-b70ce000 r-xp 00000000 08:04 1717533    /usr/local/java/jdk1.7.0_40/jre/lib/i386/client/libjvm.so
b70ce000-b70ef000 rw-p 00586000 08:04 1717533    /usr/local/java/jdk1.7.0_40/jre/lib/i386/client/libjvm.so
b70ef000-b7510000 rw-p 00000000 00:00 0 
b7510000-b76bd000 r-xp 00000000 08:04 2491205    /lib/i386-linux-gnu/libc-2.17.so
b76bd000-b76bf000 r--p 001ad000 08:04 2491205    /lib/i386-linux-gnu/libc-2.17.so
b76bf000-b76c0000 rw-p 001af000 08:04 2491205    /lib/i386-linux-gnu/libc-2.17.so
b76c0000-b76c3000 rw-p 00000000 00:00 0 
b76c3000-b76c6000 r-xp 00000000 08:04 2491220    /lib/i386-linux-gnu/libdl-2.17.so
b76c6000-b76c7000 r--p 00002000 08:04 2491220    /lib/i386-linux-gnu/libdl-2.17.so
b76c7000-b76c8000 rw-p 00003000 08:04 2491220    /lib/i386-linux-gnu/libdl-2.17.so
b76c8000-b76db000 r-xp 00000000 08:04 1717542    /usr/local/java/jdk1.7.0_40/jre/lib/i386/jli/libjli.so
b76db000-b76dc000 rw-p 00012000 08:04 1717542    /usr/local/java/jdk1.7.0_40/jre/lib/i386/jli/libjli.so
b76dc000-b76dd000 rw-p 00000000 00:00 0 
b76dd000-b76f4000 r-xp 00000000 08:04 2491317    /lib/i386-linux-gnu/libpthread-2.17.so
b76f4000-b76f5000 r--p 00016000 08:04 2491317    /lib/i386-linux-gnu/libpthread-2.17.so
b76f5000-b76f6000 rw-p 00017000 08:04 2491317    /lib/i386-linux-gnu/libpthread-2.17.so
b76f6000-b76f8000 rw-p 00000000 00:00 0 
b76f8000-b76f9000 r--s 00000000 08:04 1717585    /usr/local/java/jdk1.7.0_40/jre/lib/management-agent.jar
b76f9000-b76fa000 r--p 005e0000 08:04 1449933    /usr/lib/locale/locale-archive
b76fa000-b7701000 r-xp 00000000 08:04 2491274    /lib/i386-linux-gnu/libnss_compat-2.17.so
b7701000-b7702000 r--p 00006000 08:04 2491274    /lib/i386-linux-gnu/libnss_compat-2.17.so
b7702000-b7703000 rw-p 00007000 08:04 2491274    /lib/i386-linux-gnu/libnss_compat-2.17.so
b7703000-b7704000 rw-p 00000000 00:00 0 
b7704000-b7705000 r--p 00000000 00:00 0 
b7705000-b7710000 r-xp 00000000 08:04 1717520    /usr/local/java/jdk1.7.0_40/jre/lib/i386/libverify.so
b7710000-b7711000 rw-p 0000b000 08:04 1717520    /usr/local/java/jdk1.7.0_40/jre/lib/i386/libverify.so
b7711000-b7713000 rw-p 00000000 00:00 0 
b7713000-b7714000 r-xp 00000000 00:00 0          [vdso]
b7714000-b7734000 r-xp 00000000 08:04 2491181    /lib/i386-linux-gnu/ld-2.17.so
b7734000-b7735000 r--p 0001f000 08:04 2491181    /lib/i386-linux-gnu/ld-2.17.so
b7735000-b7736000 rw-p 00020000 08:04 2491181    /lib/i386-linux-gnu/ld-2.17.so
bff85000-bffa9000 rw-p 00000000 00:00 0          [stack]

VM Arguments:
jvm_args: -ea -Didea.launcher.port=7534 -Didea.launcher.bin.path=/home/guilherme/idea-IU-129.713/bin -Dfile.encoding=UTF-8 
java_command: com.intellij.rt.execution.application.AppMain org.testng.RemoteTestNGStarter -port 48441 -usedefaultlisteners false -socket57944 -temp /tmp/idea_testng7572546528029163763.tmp
Launcher Type: SUN_STANDARD

Environment Variables:
JAVA_HOME=/usr/local/java/jdk1.7.0_40
JRE_HOME=/usr/local/java/jre1.7.0_40
CLASSPATH=./../lib/bootstrap.jar:./../lib/extensions.jar:./../lib/util.jar:./../lib/jdom.jar:./../lib/log4j.jar:./../lib/trove4j.jar:./../lib/jna.jar:/usr/local/java/jdk1.7.0_40/lib/tools.jar
PATH=/usr/local/heroku/bin:/usr/lib/lightdm/lightdm:/usr/local/sbin:/usr/local/bin:/usr/sbin:/usr/bin:/sbin:/bin:/usr/games:/usr/local/games:/home/guilherme/bin:/usr/local/java/jdk1.7.0_40/bin:/home/guilherme/bin:/usr/local/java/jre1.7.0_40/bin
LD_LIBRARY_PATH=.:
SHELL=/bin/bash
DISPLAY=:0

Signal Handlers:
SIGSEGV: [libjvm.so+0x503d90], sa_mask[0]=0x7ffbfeff, sa_flags=0x10000004
SIGBUS: [libjvm.so+0x503d90], sa_mask[0]=0x7ffbfeff, sa_flags=0x10000004
SIGFPE: [libjvm.so+0x3fbe80], sa_mask[0]=0x7ffbfeff, sa_flags=0x10000004
SIGPIPE: [libjvm.so+0x3fbe80], sa_mask[0]=0x7ffbfeff, sa_flags=0x10000004
SIGXFSZ: [libjvm.so+0x3fbe80], sa_mask[0]=0x7ffbfeff, sa_flags=0x10000004
SIGILL: [libjvm.so+0x3fbe80], sa_mask[0]=0x7ffbfeff, sa_flags=0x10000004
SIGUSR1: SIG_DFL, sa_mask[0]=0x00000000, sa_flags=0x00000000
SIGUSR2: [libjvm.so+0x3fd370], sa_mask[0]=0x00000004, sa_flags=0x10000004
SIGHUP: [libjvm.so+0x3fe4c0], sa_mask[0]=0x7ffbfeff, sa_flags=0x10000004
SIGINT: [libjvm.so+0x3fe4c0], sa_mask[0]=0x7ffbfeff, sa_flags=0x10000004
SIGTERM: [libjvm.so+0x3fe4c0], sa_mask[0]=0x7ffbfeff, sa_flags=0x10000004
SIGQUIT: [libjvm.so+0x3fe4c0], sa_mask[0]=0x7ffbfeff, sa_flags=0x10000004


---------------  S Y S T E M  ---------------

OS:wheezy/sid

uname:Linux 3.8.0-31-generic #46-Ubuntu SMP Tue Sep 10 19:56:49 UTC 2013 i686
libc:glibc 2.17 NPTL 2.17 
rlimit: STACK 8192k, CORE 0k, NPROC 24106, NOFILE 4096, AS infinity
load average:0,86 0,73 0,70

/proc/meminfo:
MemTotal:        3102120 kB
MemFree:         1012048 kB
Buffers:            8920 kB
Cached:           165924 kB
SwapCached:           28 kB
Active:          1555124 kB
Inactive:         450320 kB
Active(anon):    1477644 kB
Inactive(anon):   373320 kB
Active(file):      77480 kB
Inactive(file):    77000 kB
Unevictable:          32 kB
Mlocked:              32 kB
HighTotal:       2231176 kB
HighFree:         218780 kB
LowTotal:         870944 kB
LowFree:          793268 kB
SwapTotal:       1999868 kB
SwapFree:        1998920 kB
Dirty:              6212 kB
Writeback:             0 kB
AnonPages:       1830672 kB
Mapped:           122828 kB
Shmem:             20364 kB
Slab:              34128 kB
SReclaimable:      14268 kB
SUnreclaim:        19860 kB
KernelStack:        5216 kB
PageTables:        13360 kB
NFS_Unstable:          0 kB
Bounce:                0 kB
WritebackTmp:          0 kB
CommitLimit:     3550928 kB
Committed_AS:    5225072 kB
VmallocTotal:     122880 kB
VmallocUsed:       46444 kB
VmallocChunk:      67060 kB
HardwareCorrupted:     0 kB
AnonHugePages:         0 kB
HugePages_Total:       0
HugePages_Free:        0
HugePages_Rsvd:        0
HugePages_Surp:        0
Hugepagesize:       2048 kB
DirectMap4k:       45048 kB
DirectMap2M:      868352 kB


CPU:total 2 (2 cores per cpu, 1 threads per core) family 15 model 6 stepping 5, cmov, cx8, fxsr, mmx, sse, sse2, sse3, tsc

/proc/cpuinfo:
processor	: 0
vendor_id	: GenuineIntel
cpu family	: 15
model		: 6
model name	: Intel(R) Pentium(R) D CPU 3.20GHz
stepping	: 5
microcode	: 0xb
cpu MHz		: 3200.000
cache size	: 2048 KB
physical id	: 0
siblings	: 2
core id		: 0
cpu cores	: 2
apicid		: 0
initial apicid	: 0
fdiv_bug	: no
hlt_bug		: no
f00f_bug	: no
coma_bug	: no
fpu		: yes
fpu_exception	: yes
cpuid level	: 6
wp		: yes
flags		: fpu vme de pse tsc msr pae mce cx8 apic sep mtrr pge mca cmov pat pse36 clflush dts acpi mmx fxsr sse sse2 ss ht tm pbe nx lm constant_tsc pebs bts pni dtes64 monitor ds_cpl est cid cx16 xtpr pdcm lahf_lm
bogomips	: 6399.16
clflush size	: 64
cache_alignment	: 128
address sizes	: 36 bits physical, 48 bits virtual
power management:

processor	: 1
vendor_id	: GenuineIntel
cpu family	: 15
model		: 6
model name	: Intel(R) Pentium(R) D CPU 3.20GHz
stepping	: 5
microcode	: 0xb
cpu MHz		: 2400.000
cache size	: 2048 KB
physical id	: 0
siblings	: 2
core id		: 1
cpu cores	: 2
apicid		: 1
initial apicid	: 1
fdiv_bug	: no
hlt_bug		: no
f00f_bug	: no
coma_bug	: no
fpu		: yes
fpu_exception	: yes
cpuid level	: 6
wp		: yes
flags		: fpu vme de pse tsc msr pae mce cx8 apic sep mtrr pge mca cmov pat pse36 clflush dts acpi mmx fxsr sse sse2 ss ht tm pbe nx lm constant_tsc pebs bts pni dtes64 monitor ds_cpl est cid cx16 xtpr pdcm lahf_lm
bogomips	: 6399.16
clflush size	: 64
cache_alignment	: 128
address sizes	: 36 bits physical, 48 bits virtual
power management:



Memory: 4k page, physical 3102120k(1012048k free), swap 1999868k(1998920k free)

vm_info: Java HotSpot(TM) Client VM (24.0-b56) for linux-x86 JRE (1.7.0_40-b43), built on Aug 26 2013 22:05:59 by "java_re" with gcc 4.3.0 20080428 (Red Hat 4.3.0-8)

time: Mon Sep 30 04:00:44 2013
elapsed time: 1 seconds

