#
# A fatal error has been detected by the Java Runtime Environment:
#
#  SIGILL (0x4) at pc=0xb6dd8e10, pid=8125, tid=3065596736
#
# JRE version: Java(TM) SE Runtime Environment (7.0_40-b43) (build 1.7.0_40-b43)
# Java VM: Java HotSpot(TM) Client VM (24.0-b56 mixed mode linux-x86 )
# Problematic frame:
# V  [libjvm.so+0x200e10]  Events::log_exception(Thread*, char const*, ...)+0x20
#
# Failed to write core dump. Core dumps have been disabled. To enable core dumping, try "ulimit -c unlimited" before starting Java again
#
# If you would like to submit a bug report, please visit:
#   http://bugreport.sun.com/bugreport/crash.jsp
#

---------------  T H R E A D  ---------------

Current thread (0xb6a07400):  JavaThread "main" [_thread_in_vm, id=8128, stack(0xb6b44000,0xb6b95000)]

siginfo:si_signo=SIGILL: si_errno=0, si_code=2 (ILL_ILLOPN), si_addr=0xb6dd8e10

Registers:
EAX=0x00000000, EBX=0xb716c868, ECX=0xb6a02b70, EDX=0x00000000
ESP=0xb6b92b30, EBP=0xb6b92b58, ESI=0xb6a02b70, EDI=0xb6a02d08
EIP=0xb6dd8e10, EFLAGS=0x00010286, CR2=0xb77a8e80

Top of Stack: (sp=0xb6b92b30)
0xb6b92b30:   b6a07400 00000000 7ab75643 3fe47a4e
0xb6b92b40:   a07d0f58 b6a02b70 b7130474 b716c868
0xb6b92b50:   00000000 b095b600 b6b92e58 b6f0280b
0xb6b92b60:   b6a07400 b711d507 a0cfd228 b7130474
0xb6b92b70:   000004dc b6b92d9c b6a07de0 b6a07de0
0xb6b92b80:   b6b92c10 b6b92ba8 b6a07400 b6a07dd4
0xb6b92b90:   b6b92c10 00000001 b6a07dd8 b6f89a5e
0xb6b92ba0:   b716c868 07000000 b6b92eb8 b49c439a 

Instructions: (pc=0xb6dd8e10)
0xb6dd8df0:   55 89 e5 57 56 53 83 ec 1c e8 00 00 00 00 5b 81
0xb6dd8e00:   c3 6a 3a 39 00 8b 83 10 f2 ff ff 80 38 00 75 08
0xb6dd8e10:   8d 65 f4 5b 5e 5f 5d c3 8b 83 d4 fa ff ff 8d 7d
0xb6dd8e20:   10 8b 30 8b 83 3c ea ff ff 8b 00 85 c0 75 e1 e8 

Register to memory mapping:

EAX=0x00000000 is an unknown value
EBX=0xb716c868: <offset 0x594868> in /usr/local/java/jdk1.7.0_40/jre/lib/i386/client/libjvm.so at 0xb6bd8000
ECX=0xb6a02b70 is an unknown value
EDX=0x00000000 is an unknown value
ESP=0xb6b92b30 is pointing into the stack for thread: 0xb6a07400
EBP=0xb6b92b58 is pointing into the stack for thread: 0xb6a07400
ESI=0xb6a02b70 is an unknown value
EDI=0xb6a02d08 is an unknown value


Stack: [0xb6b44000,0xb6b95000],  sp=0xb6b92b30,  free space=314k
Native frames: (J=compiled Java code, j=interpreted, Vv=VM code, C=native code)
V  [libjvm.so+0x200e10]  Events::log_exception(Thread*, char const*, ...)+0x20
V  [libjvm.so+0x32a80b]  JVM_DoPrivileged+0x4eb
C  [libjava.so+0x9a4a]  Java_java_security_AccessController_doPrivileged__Ljava_security_PrivilegedExceptionAction_2Ljava_security_AccessControlContext_2+0x3a
j  java.security.AccessController.doPrivileged(Ljava/security/PrivilegedExceptionAction;Ljava/security/AccessControlContext;)Ljava/lang/Object;+0
j  java.net.URLClassLoader.findClass(Ljava/lang/String;)Ljava/lang/Class;+13
j  java.lang.ClassLoader.loadClass(Ljava/lang/String;Z)Ljava/lang/Class;+70
j  java.lang.ClassLoader.loadClass(Ljava/lang/String;Z)Ljava/lang/Class;+38
j  sun.misc.Launcher$AppClassLoader.loadClass(Ljava/lang/String;Z)Ljava/lang/Class;+36
j  java.lang.ClassLoader.loadClass(Ljava/lang/String;)Ljava/lang/Class;+3
v  ~StubRoutines::call_stub
V  [libjvm.so+0x2a7875]  JavaCalls::call_helper(JavaValue*, methodHandle*, JavaCallArguments*, Thread*)+0x315
V  [libjvm.so+0x3fa1e9]  os::os_exception_wrapper(void (*)(JavaValue*, methodHandle*, JavaCallArguments*, Thread*), JavaValue*, methodHandle*, JavaCallArguments*, Thread*)+0x19
V  [libjvm.so+0x2a64ef]  JavaCalls::call(JavaValue*, methodHandle, JavaCallArguments*, Thread*)+0x2f
V  [libjvm.so+0x2a672a]  JavaCalls::call_virtual(JavaValue*, KlassHandle, Symbol*, Symbol*, JavaCallArguments*, Thread*)+0x10a
V  [libjvm.so+0x2a67f5]  JavaCalls::call_virtual(JavaValue*, Handle, KlassHandle, Symbol*, Symbol*, Handle, Thread*)+0x55
V  [libjvm.so+0x49e559]  SystemDictionary::load_instance_class(Symbol*, Handle, Thread*)+0x489
V  [libjvm.so+0x49cc52]  SystemDictionary::resolve_instance_class_or_null(Symbol*, Handle, Handle, Thread*)+0x742
V  [libjvm.so+0x49d0b9]  SystemDictionary::resolve_or_null(Symbol*, Handle, Handle, Thread*)+0x49
V  [libjvm.so+0x49e5d0]  SystemDictionary::resolve_or_fail(Symbol*, Handle, Handle, bool, Thread*)+0x30
V  [libjvm.so+0x1d5cfb]  constantPoolOopDesc::klass_at_impl(constantPoolHandle, int, Thread*)+0x1cb
V  [libjvm.so+0x29fdb7]  InterpreterRuntime::_new(JavaThread*, constantPoolOopDesc*, int)+0x67
j  org.testng.TestRunner.initMethods()V+46
j  org.testng.TestRunner.init()V+27
j  org.testng.TestRunner.init(Lorg/testng/internal/IConfiguration;Lorg/testng/ISuite;Lorg/testng/xml/XmlTest;Ljava/lang/String;Lorg/testng/internal/annotations/IAnnotationFinder;ZLjava/util/List;)V+254
j  org.testng.TestRunner.<init>(Lorg/testng/internal/IConfiguration;Lorg/testng/ISuite;Lorg/testng/xml/XmlTest;Ljava/lang/String;Lorg/testng/internal/annotations/IAnnotationFinder;ZLjava/util/List;)V+265
j  org.testng.SuiteRunner$DefaultTestRunnerFactory.newTestRunner(Lorg/testng/ISuite;Lorg/testng/xml/XmlTest;Ljava/util/List;)Lorg/testng/TestRunner;+46
j  org.testng.SuiteRunner.init(Lorg/testng/internal/IConfiguration;Lorg/testng/xml/XmlSuite;Ljava/lang/String;Lorg/testng/ITestRunnerFactory;ZLorg/testng/IMethodInterceptor;Ljava/util/List;Ljava/util/List;)V+190
j  org.testng.SuiteRunner.<init>(Lorg/testng/internal/IConfiguration;Lorg/testng/xml/XmlSuite;Ljava/lang/String;Lorg/testng/ITestRunnerFactory;ZLorg/testng/IMethodInterceptor;Ljava/util/List;Ljava/util/List;)V+115
j  org.testng.TestNG.createSuiteRunner(Lorg/testng/xml/XmlSuite;)Lorg/testng/SuiteRunner;+33
j  org.testng.TestNG.createSuiteRunners(Ljava/util/Map;Lorg/testng/xml/XmlSuite;)V+223
j  org.testng.TestNG.runSuitesLocally()Ljava/util/List;+48
j  org.testng.TestNG.run()V+77
j  org.apache.maven.surefire.testng.TestNGExecutor.run([Ljava/lang/Class;Ljava/lang/String;Ljava/util/Map;Lorg/apache/maven/artifact/versioning/ArtifactVersion;Lorg/apache/maven/surefire/report/RunListener;Lorg/apache/maven/surefire/testng/TestNgTestSuite;Ljava/io/File;Ljava/lang/String;)V+61
j  org.apache.maven.surefire.testng.TestNGDirectoryTestSuite.execute(Lorg/apache/maven/surefire/util/TestsToRun;Lorg/apache/maven/surefire/report/ReporterFactory;)V+104
j  org.apache.maven.surefire.testng.TestNGProvider.invoke(Ljava/lang/Object;)Lorg/apache/maven/surefire/suite/RunResult;+106
v  ~StubRoutines::call_stub
V  [libjvm.so+0x2a7875]  JavaCalls::call_helper(JavaValue*, methodHandle*, JavaCallArguments*, Thread*)+0x315
V  [libjvm.so+0x3fa1e9]  os::os_exception_wrapper(void (*)(JavaValue*, methodHandle*, JavaCallArguments*, Thread*), JavaValue*, methodHandle*, JavaCallArguments*, Thread*)+0x19
V  [libjvm.so+0x2a64ef]  JavaCalls::call(JavaValue*, methodHandle, JavaCallArguments*, Thread*)+0x2f
V  [libjvm.so+0x43f97e]  Reflection::invoke(instanceKlassHandle, methodHandle, Handle, bool, objArrayHandle, BasicType, objArrayHandle, bool, Thread*)+0x3fe
V  [libjvm.so+0x44043a]  Reflection::invoke_method(oopDesc*, Handle, objArrayHandle, Thread*)+0x15a
V  [libjvm.so+0x328c19]  JVM_InvokeMethod+0x209
C  [libjava.so+0x15232]  Java_sun_reflect_NativeMethodAccessorImpl_invoke0+0x32
j  sun.reflect.NativeMethodAccessorImpl.invoke0(Ljava/lang/reflect/Method;Ljava/lang/Object;[Ljava/lang/Object;)Ljava/lang/Object;+0
j  sun.reflect.NativeMethodAccessorImpl.invoke(Ljava/lang/Object;[Ljava/lang/Object;)Ljava/lang/Object;+87
j  sun.reflect.DelegatingMethodAccessorImpl.invoke(Ljava/lang/Object;[Ljava/lang/Object;)Ljava/lang/Object;+6
j  java.lang.reflect.Method.invoke(Ljava/lang/Object;[Ljava/lang/Object;)Ljava/lang/Object;+57
j  org.apache.maven.surefire.util.ReflectionUtils.invokeMethodWithArray(Ljava/lang/Object;Ljava/lang/reflect/Method;[Ljava/lang/Object;)Ljava/lang/Object;+3
j  org.apache.maven.surefire.booter.ProviderFactory$ProviderProxy.invoke(Ljava/lang/Object;)Lorg/apache/maven/surefire/suite/RunResult;+29
j  org.apache.maven.surefire.booter.SurefireStarter.invokeProvider(Ljava/lang/Object;Ljava/lang/ClassLoader;Ljava/lang/ClassLoader;Ljava/lang/Object;)Lorg/apache/maven/surefire/suite/RunResult;+41
j  org.apache.maven.surefire.booter.SurefireStarter.runSuitesInProcessWhenForked()Lorg/apache/maven/surefire/suite/RunResult;+33
j  org.apache.maven.surefire.booter.ForkedBooter.main([Ljava/lang/String;)V+109
v  ~StubRoutines::call_stub
V  [libjvm.so+0x2a7875]  JavaCalls::call_helper(JavaValue*, methodHandle*, JavaCallArguments*, Thread*)+0x315
V  [libjvm.so+0x3fa1e9]  os::os_exception_wrapper(void (*)(JavaValue*, methodHandle*, JavaCallArguments*, Thread*), JavaValue*, methodHandle*, JavaCallArguments*, Thread*)+0x19
V  [libjvm.so+0x2a64ef]  JavaCalls::call(JavaValue*, methodHandle, JavaCallArguments*, Thread*)+0x2f
V  [libjvm.so+0x2e28b2]  jni_invoke_static(JNIEnv_*, JavaValue*, _jobject*, JNICallType, _jmethodID*, JNI_ArgumentPusher*, Thread*)+0x242
V  [libjvm.so+0x2f8ada]  jni_CallStaticVoidMethod+0xca
C  [libjli.so+0x2e8d]  JavaMain+0x8bd
C  [libpthread.so.0+0x6d78]  start_thread+0xd8

Java frames: (J=compiled Java code, j=interpreted, Vv=VM code)
j  java.security.AccessController.doPrivileged(Ljava/security/PrivilegedExceptionAction;Ljava/security/AccessControlContext;)Ljava/lang/Object;+0
j  java.net.URLClassLoader.findClass(Ljava/lang/String;)Ljava/lang/Class;+13
j  java.lang.ClassLoader.loadClass(Ljava/lang/String;Z)Ljava/lang/Class;+70
j  java.lang.ClassLoader.loadClass(Ljava/lang/String;Z)Ljava/lang/Class;+38
j  sun.misc.Launcher$AppClassLoader.loadClass(Ljava/lang/String;Z)Ljava/lang/Class;+36
j  java.lang.ClassLoader.loadClass(Ljava/lang/String;)Ljava/lang/Class;+3
v  ~StubRoutines::call_stub
j  org.testng.TestRunner.initMethods()V+46
j  org.testng.TestRunner.init()V+27
j  org.testng.TestRunner.init(Lorg/testng/internal/IConfiguration;Lorg/testng/ISuite;Lorg/testng/xml/XmlTest;Ljava/lang/String;Lorg/testng/internal/annotations/IAnnotationFinder;ZLjava/util/List;)V+254
j  org.testng.TestRunner.<init>(Lorg/testng/internal/IConfiguration;Lorg/testng/ISuite;Lorg/testng/xml/XmlTest;Ljava/lang/String;Lorg/testng/internal/annotations/IAnnotationFinder;ZLjava/util/List;)V+265
j  org.testng.SuiteRunner$DefaultTestRunnerFactory.newTestRunner(Lorg/testng/ISuite;Lorg/testng/xml/XmlTest;Ljava/util/List;)Lorg/testng/TestRunner;+46
j  org.testng.SuiteRunner.init(Lorg/testng/internal/IConfiguration;Lorg/testng/xml/XmlSuite;Ljava/lang/String;Lorg/testng/ITestRunnerFactory;ZLorg/testng/IMethodInterceptor;Ljava/util/List;Ljava/util/List;)V+190
j  org.testng.SuiteRunner.<init>(Lorg/testng/internal/IConfiguration;Lorg/testng/xml/XmlSuite;Ljava/lang/String;Lorg/testng/ITestRunnerFactory;ZLorg/testng/IMethodInterceptor;Ljava/util/List;Ljava/util/List;)V+115
j  org.testng.TestNG.createSuiteRunner(Lorg/testng/xml/XmlSuite;)Lorg/testng/SuiteRunner;+33
j  org.testng.TestNG.createSuiteRunners(Ljava/util/Map;Lorg/testng/xml/XmlSuite;)V+223
j  org.testng.TestNG.runSuitesLocally()Ljava/util/List;+48
j  org.testng.TestNG.run()V+77
j  org.apache.maven.surefire.testng.TestNGExecutor.run([Ljava/lang/Class;Ljava/lang/String;Ljava/util/Map;Lorg/apache/maven/artifact/versioning/ArtifactVersion;Lorg/apache/maven/surefire/report/RunListener;Lorg/apache/maven/surefire/testng/TestNgTestSuite;Ljava/io/File;Ljava/lang/String;)V+61
j  org.apache.maven.surefire.testng.TestNGDirectoryTestSuite.execute(Lorg/apache/maven/surefire/util/TestsToRun;Lorg/apache/maven/surefire/report/ReporterFactory;)V+104
j  org.apache.maven.surefire.testng.TestNGProvider.invoke(Ljava/lang/Object;)Lorg/apache/maven/surefire/suite/RunResult;+106
v  ~StubRoutines::call_stub
j  sun.reflect.NativeMethodAccessorImpl.invoke0(Ljava/lang/reflect/Method;Ljava/lang/Object;[Ljava/lang/Object;)Ljava/lang/Object;+0
j  sun.reflect.NativeMethodAccessorImpl.invoke(Ljava/lang/Object;[Ljava/lang/Object;)Ljava/lang/Object;+87
j  sun.reflect.DelegatingMethodAccessorImpl.invoke(Ljava/lang/Object;[Ljava/lang/Object;)Ljava/lang/Object;+6
j  java.lang.reflect.Method.invoke(Ljava/lang/Object;[Ljava/lang/Object;)Ljava/lang/Object;+57
j  org.apache.maven.surefire.util.ReflectionUtils.invokeMethodWithArray(Ljava/lang/Object;Ljava/lang/reflect/Method;[Ljava/lang/Object;)Ljava/lang/Object;+3
j  org.apache.maven.surefire.booter.ProviderFactory$ProviderProxy.invoke(Ljava/lang/Object;)Lorg/apache/maven/surefire/suite/RunResult;+29
j  org.apache.maven.surefire.booter.SurefireStarter.invokeProvider(Ljava/lang/Object;Ljava/lang/ClassLoader;Ljava/lang/ClassLoader;Ljava/lang/Object;)Lorg/apache/maven/surefire/suite/RunResult;+41
j  org.apache.maven.surefire.booter.SurefireStarter.runSuitesInProcessWhenForked()Lorg/apache/maven/surefire/suite/RunResult;+33
j  org.apache.maven.surefire.booter.ForkedBooter.main([Ljava/lang/String;)V+109
v  ~StubRoutines::call_stub

---------------  P R O C E S S  ---------------

Java Threads: ( => current thread )
  0xb6a6f400 JavaThread "Service Thread" daemon [_thread_blocked, id=8134, stack(0x9ff2e000,0x9ff7f000)]
  0xb6a6d400 JavaThread "C1 CompilerThread0" daemon [_thread_blocked, id=8133, stack(0x9ff7f000,0xa0000000)]
  0xb6a6bc00 JavaThread "Signal Dispatcher" daemon [_thread_blocked, id=8132, stack(0xa030d000,0xa035e000)]
  0xb6a5b800 JavaThread "Finalizer" daemon [_thread_blocked, id=8131, stack(0xa035e000,0xa03af000)]
  0xb6a59000 JavaThread "Reference Handler" daemon [_thread_blocked, id=8130, stack(0xa03af000,0xa0400000)]
=>0xb6a07400 JavaThread "main" [_thread_in_vm, id=8128, stack(0xb6b44000,0xb6b95000)]

Other Threads:
  0xb6a57400 VMThread [stack: 0xa0544000,0xa05c5000] [id=8129]
  0xb6a71800 WatcherThread [stack: 0x9fead000,0x9ff2e000] [id=8135]

VM state:not at safepoint (normal execution)

VM Mutex/Monitor currently owned by a thread: None

Heap
 def new generation   total 4928K, used 4272K [0xa0940000, 0xa0e90000, 0xa5e90000)
  eden space 4416K,  86% used [0xa0940000, 0xa0cfd9c8, 0xa0d90000)
  from space 512K,  86% used [0xa0d90000, 0xa0dfe918, 0xa0e10000)
  to   space 512K,   0% used [0xa0e10000, 0xa0e10000, 0xa0e90000)
 tenured generation   total 10944K, used 1036K [0xa5e90000, 0xa6940000, 0xb0940000)
   the space 10944K,   9% used [0xa5e90000, 0xa5f930e0, 0xa5f93200, 0xa6940000)
 compacting perm gen  total 12288K, used 2786K [0xb0940000, 0xb1540000, 0xb4940000)
   the space 12288K,  22% used [0xb0940000, 0xb0bf8890, 0xb0bf8a00, 0xb1540000)
No shared spaces configured.

Card table byte_map: [0xa089f000,0xa0940000] byte_map_base: 0xa039a600

Polling page: 0xb7794000

Code Cache  [0xb49c1000, 0xb4a89000, 0xb69c1000)
 total_blobs=240 nmethods=104 adapters=73 free_code_cache=31971Kb largest_free_block=32739008

Compilation events (10 events):
Event: 0,564 Thread 0xb6a6d400  100             java.lang.StringBuilder::toString (17 bytes)
Event: 0,564 Thread 0xb6a6d400 nmethod 100 0xb4a865c8 code [0xb4a866d0, 0xb4a867bc]
Event: 0,564 Thread 0xb6a6d400  101             java.lang.StringBuilder::<init> (7 bytes)
Event: 0,565 Thread 0xb6a6d400 nmethod 101 0xb4a86848 code [0xb4a86940, 0xb4a86a50]
Event: 0,570 Thread 0xb6a6d400  102             java.net.URL::getFile (5 bytes)
Event: 0,571 Thread 0xb6a6d400 nmethod 102 0xb4a86ac8 code [0xb4a86bc0, 0xb4a86c40]
Event: 0,593 Thread 0xb6a6d400  103             java.lang.CharacterDataLatin1::toUpperCase (53 bytes)
Event: 0,594 Thread 0xb6a6d400 nmethod 103 0xb4a86c88 code [0xb4a86d80, 0xb4a86e70]
Event: 0,626 Thread 0xb6a6d400  104             java.util.concurrent.ConcurrentHashMap$Segment::rehash (262 bytes)
Event: 0,627 Thread 0xb6a6d400 nmethod 104 0xb4a86f88 code [0xb4a870d0, 0xb4a87600]

GC Heap History (4 events):
Event: 0,283 GC heap before
{Heap before GC invocations=0 (full 0):
 def new generation   total 4928K, used 4416K [0xa0940000, 0xa0e90000, 0xa5e90000)
  eden space 4416K, 100% used [0xa0940000, 0xa0d90000, 0xa0d90000)
  from space 512K,   0% used [0xa0d90000, 0xa0d90000, 0xa0e10000)
  to   space 512K,   0% used [0xa0e10000, 0xa0e10000, 0xa0e90000)
 tenured generation   total 10944K, used 0K [0xa5e90000, 0xa6940000, 0xb0940000)
   the space 10944K,   0% used [0xa5e90000, 0xa5e90000, 0xa5e90200, 0xa6940000)
 compacting perm gen  total 12288K, used 1862K [0xb0940000, 0xb1540000, 0xb4940000)
   the space 12288K,  15% used [0xb0940000, 0xb0b11840, 0xb0b11a00, 0xb1540000)
No shared spaces configured.
Event: 0,292 GC heap after
Heap after GC invocations=1 (full 0):
 def new generation   total 4928K, used 512K [0xa0940000, 0xa0e90000, 0xa5e90000)
  eden space 4416K,   0% used [0xa0940000, 0xa0940000, 0xa0d90000)
  from space 512K, 100% used [0xa0e10000, 0xa0e90000, 0xa0e90000)
  to   space 512K,   0% used [0xa0d90000, 0xa0d90000, 0xa0e10000)
 tenured generation   total 10944K, used 535K [0xa5e90000, 0xa6940000, 0xb0940000)
   the space 10944K,   4% used [0xa5e90000, 0xa5f15de0, 0xa5f15e00, 0xa6940000)
 compacting perm gen  total 12288K, used 1862K [0xb0940000, 0xb1540000, 0xb4940000)
   the space 12288K,  15% used [0xb0940000, 0xb0b11840, 0xb0b11a00, 0xb1540000)
No shared spaces configured.
}
Event: 0,475 GC heap before
{Heap before GC invocations=1 (full 0):
 def new generation   total 4928K, used 4928K [0xa0940000, 0xa0e90000, 0xa5e90000)
  eden space 4416K, 100% used [0xa0940000, 0xa0d90000, 0xa0d90000)
  from space 512K, 100% used [0xa0e10000, 0xa0e90000, 0xa0e90000)
  to   space 512K,   0% used [0xa0d90000, 0xa0d90000, 0xa0e10000)
 tenured generation   total 10944K, used 535K [0xa5e90000, 0xa6940000, 0xb0940000)
   the space 10944K,   4% used [0xa5e90000, 0xa5f15de0, 0xa5f15e00, 0xa6940000)
 compacting perm gen  total 12288K, used 2216K [0xb0940000, 0xb1540000, 0xb4940000)
   the space 12288K,  18% used [0xb0940000, 0xb0b6a1d8, 0xb0b6a200, 0xb1540000)
No shared spaces configured.
Event: 0,482 GC heap after
Heap after GC invocations=2 (full 0):
 def new generation   total 4928K, used 442K [0xa0940000, 0xa0e90000, 0xa5e90000)
  eden space 4416K,   0% used [0xa0940000, 0xa0940000, 0xa0d90000)
  from space 512K,  86% used [0xa0d90000, 0xa0dfe918, 0xa0e10000)
  to   space 512K,   0% used [0xa0e10000, 0xa0e10000, 0xa0e90000)
 tenured generation   total 10944K, used 1036K [0xa5e90000, 0xa6940000, 0xb0940000)
   the space 10944K,   9% used [0xa5e90000, 0xa5f930e0, 0xa5f93200, 0xa6940000)
 compacting perm gen  total 12288K, used 2216K [0xb0940000, 0xb1540000, 0xb4940000)
   the space 12288K,  18% used [0xb0940000, 0xb0b6a1d8, 0xb0b6a200, 0xb1540000)
No shared spaces configured.
}

Deoptimization events (0 events):
No events

Internal exceptions (10 events):
Event: 0,618 Thread 0xb6a07400 Threw 0xa0c80170 at /HUDSON/workspace/jdk7u40-2-build-linux-i586-product/jdk7u40/hotspot/src/share/vm/prims/jvm.cpp:1244
Event: 0,619 Thread 0xb6a07400 Threw 0xa0c8a858 at /HUDSON/workspace/jdk7u40-2-build-linux-i586-product/jdk7u40/hotspot/src/share/vm/prims/jvm.cpp:1244
Event: 0,621 Thread 0xb6a07400 Threw 0xa0c93cf8 at /HUDSON/workspace/jdk7u40-2-build-linux-i586-product/jdk7u40/hotspot/src/share/vm/prims/jvm.cpp:1244
Event: 0,625 Thread 0xb6a07400 Threw 0xa0ca7b28 at /HUDSON/workspace/jdk7u40-2-build-linux-i586-product/jdk7u40/hotspot/src/share/vm/prims/jvm.cpp:1244
Event: 0,628 Thread 0xb6a07400 Threw 0xa0ccd170 at /HUDSON/workspace/jdk7u40-2-build-linux-i586-product/jdk7u40/hotspot/src/share/vm/prims/jvm.cpp:1244
Event: 0,630 Thread 0xb6a07400 Threw 0xa0cd50a8 at /HUDSON/workspace/jdk7u40-2-build-linux-i586-product/jdk7u40/hotspot/src/share/vm/prims/jvm.cpp:1244
Event: 0,632 Thread 0xb6a07400 Threw 0xa0cdd7a0 at /HUDSON/workspace/jdk7u40-2-build-linux-i586-product/jdk7u40/hotspot/src/share/vm/prims/jvm.cpp:1244
Event: 0,638 Thread 0xb6a07400 Threw 0xa0ce6870 at /HUDSON/workspace/jdk7u40-2-build-linux-i586-product/jdk7u40/hotspot/src/share/vm/prims/jvm.cpp:1244
Event: 0,639 Thread 0xb6a07400 Threw 0xa0cf1cf8 at /HUDSON/workspace/jdk7u40-2-build-linux-i586-product/jdk7u40/hotspot/src/share/vm/prims/jvm.cpp:1244
Event: 0,640 Thread 0xb6a07400 Threw 0xa0cfd228 at /HUDSON/workspace/jdk7u40-2-build-linux-i586-product/jdk7u40/hotspot/src/share/vm/prims/jvm.cpp:1244

Events (10 events):
Event: 0,633 loading class 0xa07cde88 done
Event: 0,633 loading class 0xa07cdca8 done
Event: 0,638 loading class 0x9fa03d88
Event: 0,638 loading class 0x9fa03d88 done
Event: 0,639 loading class 0x9fa0f930
Event: 0,639 loading class 0x9fa0f930 done
Event: 0,640 loading class 0xa07d5268
Event: 0,640 loading class 0xa07d5268 done
Event: 0,640 loading class 0x9fa0f968
Event: 0,640 loading class 0x9fa0f968 done


Dynamic libraries:
08048000-08049000 r-xp 00000000 08:04 1717820    /usr/local/java/jdk1.7.0_40/jre/bin/java
08049000-0804a000 rw-p 00000000 08:04 1717820    /usr/local/java/jdk1.7.0_40/jre/bin/java
08233000-08254000 rw-p 00000000 00:00 0          [heap]
9f918000-9fa00000 rw-p 00000000 00:00 0 
9fa00000-9fa9a000 rw-p 00000000 00:00 0 
9fa9a000-9fb00000 ---p 00000000 00:00 0 
9fb00000-9fbe8000 rw-p 00000000 00:00 0 
9fbe8000-9fc00000 ---p 00000000 00:00 0 
9fcac000-9fcaf000 rw-p 00000000 00:00 0 
9fcaf000-9fcb3000 r--s 0008a000 08:04 1717584    /usr/local/java/jdk1.7.0_40/jre/lib/jsse.jar
9fcb3000-9fcb5000 r--s 00026000 08:04 4599818    /home/guilherme/.m2/repository/org/codehaus/plexus/plexus-utils/1.0.4/plexus-utils-1.0.4.jar
9fcb5000-9fcb9000 r--s 00010000 08:04 4727907    /home/guilherme/.m2/repository/org/apache/maven/maven-artifact/2.0/maven-artifact-2.0.jar
9fcb9000-9fcba000 r--s 00007000 08:04 5769578    /home/guilherme/.m2/repository/org/apache/maven/surefire/surefire-testng/2.10/surefire-testng-2.10.jar
9fcba000-9fcbb000 r--s 00004000 08:04 5769581    /home/guilherme/.m2/repository/org/apache/maven/surefire/surefire-testng-utils/2.10/surefire-testng-utils-2.10.jar
9fcbb000-9fcc1000 r--s 00033000 08:04 4982889    /home/guilherme/.m2/repository/org/yaml/snakeyaml/1.6/snakeyaml-1.6.jar
9fcc1000-9fcc3000 r--s 00006000 08:04 4982891    /home/guilherme/.m2/repository/com/beust/jcommander/1.12/jcommander-1.12.jar
9fcc3000-9fcc8000 r--s 00040000 08:04 4982892    /home/guilherme/.m2/repository/org/beanshell/bsh/2.0b4/bsh-2.0b4.jar
9fcc8000-9fccb000 r--s 0001b000 08:04 4982890    /home/guilherme/.m2/repository/junit/junit/3.8.1/junit-3.8.1.jar
9fccb000-9fcd5000 r--s 00087000 08:04 4465263    /home/guilherme/.m2/repository/org/testng/testng/6.1.1/testng-6.1.1.jar
9fcd5000-9fcd8000 r--s 0001a000 08:04 5643337    /home/guilherme/.m2/repository/com/jcraft/jsch/0.1.23/jsch-0.1.23.jar
9fcd8000-9fcda000 r--s 00007000 08:04 5643375    /home/guilherme/.m2/repository/org/apache/maven/wagon/wagon-ssh/1.0-alpha-5/wagon-ssh-1.0-alpha-5.jar
9fcda000-9fcdb000 r--s 00001000 08:04 5645070    /home/guilherme/.m2/repository/org/apache/maven/maven-monitor/2.0/maven-monitor-2.0.jar
9fcdb000-9fcdd000 r--s 00002000 08:04 5380014    /home/guilherme/.m2/repository/org/codehaus/plexus/plexus-interactivity-api/1.0-alpha-4/plexus-interactivity-api-1.0-alpha-4.jar
9fcdd000-9fcdf000 r--s 00007000 08:04 5645055    /home/guilherme/.m2/repository/org/apache/maven/maven-plugin-descriptor/2.0/maven-plugin-descriptor-2.0.jar
9fcdf000-9fce1000 r--s 00006000 08:04 5380013    /home/guilherme/.m2/repository/commons-cli/commons-cli/1.0/commons-cli-1.0.jar
9fce1000-9fce3000 r--s 00005000 08:04 5645038    /home/guilherme/.m2/repository/org/apache/maven/maven-plugin-registry/2.0/maven-plugin-registry-2.0.jar
9fce3000-9fce4000 r--s 00002000 08:04 5645035    /home/guilherme/.m2/repository/org/apache/maven/maven-error-diagnostics/2.0/maven-error-diagnostics-2.0.jar
9fce4000-9fce6000 r--s 00000000 08:04 5643353    /home/guilherme/.m2/repository/doxia/doxia-sink-api/1.0-alpha-4/doxia-sink-api-1.0-alpha-4.jar
9fce6000-9fce7000 r--s 00001000 08:04 5643339    /home/guilherme/.m2/repository/org/apache/maven/reporting/maven-reporting-api/2.0/maven-reporting-api-2.0.jar
9fce7000-9fce8000 r--s 00001000 08:04 5643369    /home/guilherme/.m2/repository/org/apache/maven/wagon/wagon-http-lightweight/1.0-alpha-5/wagon-http-lightweight-1.0-alpha-5.jar
9fce8000-9fcea000 r--s 00003000 08:04 5645032    /home/guilherme/.m2/repository/org/apache/maven/maven-plugin-parameter-documenter/2.0/maven-plugin-parameter-documenter-2.0.jar
9fcea000-9fceb000 r--s 00001000 08:04 5643349    /home/guilherme/.m2/repository/org/apache/maven/wagon/wagon-file/1.0-alpha-5/wagon-file-1.0-alpha-5.jar
9fceb000-9fcef000 r--s 0001e000 08:04 5643386    /home/guilherme/.m2/repository/org/apache/maven/maven-core/2.0/maven-core-2.0.jar
9fcef000-9fcf0000 r--s 00007000 08:04 5643376    /home/guilherme/.m2/repository/org/apache/maven/shared/maven-plugin-testing-harness/1.1/maven-plugin-testing-harness-1.1.jar
9fcf0000-9fcf2000 r--s 00005000 08:04 5769033    /home/guilherme/.m2/repository/org/apache/maven/shared/maven-common-artifact-filters/1.0/maven-common-artifact-filters-1.0.jar
9fcf2000-9fcf3000 r--s 00005000 08:04 5643351    /home/guilherme/.m2/repository/org/apache/maven/shared/maven-repository-builder/1.0-alpha-2/maven-repository-builder-1.0-alpha-2.jar
9fcf3000-9fcf5000 r--s 00012000 08:04 5381163    /home/guilherme/.m2/repository/org/apache/maven/maven-model/2.0.4/maven-model-2.0.4.jar
9fcf5000-9fcf9000 r--s 00030000 08:04 5769029    /home/guilherme/.m2/repository/org/codehaus/plexus/plexus-utils/1.5.1/plexus-utils-1.5.1.jar
9fcf9000-9fd00000 r--s 00029000 08:04 4603586    /home/guilherme/.m2/repository/org/codehaus/plexus/plexus-container-default/1.0-alpha-9-stable-1/plexus-container-default-1.0-alpha-9-stable-1.jar
9fd00000-9fdfa000 rw-p 00000000 00:00 0 
9fdfa000-9fe00000 ---p 00000000 00:00 0 
9fe00000-9fe03000 r--s 00011000 08:04 5643355    /home/guilherme/.m2/repository/org/apache/maven/maven-artifact/2.0.4/maven-artifact-2.0.4.jar
9fe03000-9fe05000 r--s 00008000 08:04 4603583    /home/guilherme/.m2/repository/classworlds/classworlds/1.1-alpha-2/classworlds-1.1-alpha-2.jar
9fe05000-9fe06000 r--s 00002000 08:04 4602128    /home/guilherme/.m2/repository/org/apache/maven/maven-archiver/2.2/maven-archiver-2.2.jar
9fe06000-9fe08000 r--s 00006000 08:04 5515098    /home/guilherme/.m2/repository/org/apache/maven/maven-profile/2.0.4/maven-profile-2.0.4.jar
9fe08000-9fe0a000 r--s 00009000 08:04 5252442    /home/guilherme/.m2/repository/org/apache/maven/maven-settings/2.0.4/maven-settings-2.0.4.jar
9fe0a000-9fe0d000 r--s 00018000 08:04 5252407    /home/guilherme/.m2/repository/org/apache/maven/maven-project/2.0.4/maven-project-2.0.4.jar
9fe0d000-9fe0f000 r--s 00001000 08:04 4339221    /home/guilherme/.m2/repository/org/apache/maven/maven-plugin-api/2.0.4/maven-plugin-api-2.0.4.jar
9fe0f000-9fe11000 r--s 00006000 08:04 5381160    /home/guilherme/.m2/repository/org/codehaus/plexus/plexus-io/1.0-alpha-2/plexus-io-1.0-alpha-2.jar
9fe11000-9fe13000 r--s 00004000 08:04 4729740    /home/guilherme/.m2/repository/org/codehaus/plexus/plexus-active-collections/1.0-beta-2/plexus-active-collections-1.0-beta-2.jar
9fe13000-9fe15000 r--s 00009000 08:04 5381154    /home/guilherme/.m2/repository/org/apache/maven/wagon/wagon-provider-api/1.0-alpha-6/wagon-provider-api-1.0-alpha-6.jar
9fe15000-9fe16000 r--s 00004000 08:04 4729737    /home/guilherme/.m2/repository/org/apache/maven/maven-repository-metadata/2.0.2/maven-repository-metadata-2.0.2.jar
9fe16000-9fe19000 r--s 0000a000 08:04 5381157    /home/guilherme/.m2/repository/org/apache/maven/maven-artifact-manager/2.0.2/maven-artifact-manager-2.0.2.jar
9fe19000-9fe1b000 r--s 00008000 08:04 5250126    /home/guilherme/.m2/repository/org/apache/maven/shared/maven-shared-io/1.1/maven-shared-io-1.1.jar
9fe1b000-9fe1d000 r--s 00006000 08:04 4993795    /home/guilherme/.m2/repository/org/apache/maven/shared/file-management/1.1/file-management-1.1.jar
9fe1d000-9fe21000 r--s 00027000 08:04 4472124    /home/guilherme/.m2/repository/org/codehaus/plexus/plexus-archiver/1.0-alpha-10/plexus-archiver-1.0-alpha-10.jar
9fe21000-9fe26000 r--s 00018000 08:04 4339220    /home/guilherme/.m2/repository/aspectj/aspectjrt/1.5.3/aspectjrt-1.5.3.jar
9fe26000-9fe2a000 r--s 0002b000 08:04 4338688    /home/guilherme/.m2/repository/org/apache/maven/plugins/maven-assembly-plugin/2.2-beta-2/maven-assembly-plugin-2.2-beta-2.jar
9fe2a000-9fe2c000 r--s 0000a000 08:04 5642959    /home/guilherme/.m2/repository/javax/ws/rs/jsr311-api/1.1.1/jsr311-api-1.1.1.jar
9fe2c000-9fe30000 r--s 0002a000 08:04 4339230    /home/guilherme/.m2/repository/commons-io/commons-io/2.4/commons-io-2.4.jar
9fe30000-9fe34000 r--s 0002f000 08:04 5778338    /home/guilherme/.m2/repository/com/fasterxml/jackson/core/jackson-core/2.1.3/jackson-core-2.1.3.jar
9fe34000-9fe36000 r--s 00007000 08:04 5778333    /home/guilherme/.m2/repository/com/fasterxml/jackson/core/jackson-annotations/2.1.2/jackson-annotations-2.1.2.jar
9fe36000-9fe46000 r--s 000d2000 08:04 5769112    /home/guilherme/.m2/repository/com/fasterxml/jackson/core/jackson-databind/2.1.3/jackson-databind-2.1.3.jar
9fe46000-9fe49000 r--s 00018000 08:04 4207654    /home/guilherme/.m2/repository/org/mongojack/mongojack/2.0.0-RC5/mongojack-2.0.0-RC5.jar
9fe49000-9fe4b000 r--s 0000a000 08:04 4196690    /home/guilherme/.m2/repository/org/json/json/20090211/json-20090211.jar
9fe4b000-9fe4e000 r--s 0000b000 08:04 4196718    /home/guilherme/.m2/repository/javax/persistence/persistence-api/1.0.2/persistence-api-1.0.2.jar
9fe4e000-9fe50000 r--s 0000c000 08:04 4196713    /home/guilherme/.m2/repository/de/undercouch/bson4jackson/1.3.0/bson4jackson-1.3.0.jar
9fe50000-9fe55000 r--s 00043000 08:04 4196674    /home/guilherme/.m2/repository/org/mongodb/mongo-java-driver/2.7.2/mongo-java-driver-2.7.2.jar
9fe55000-9fe58000 r--s 00014000 08:04 4196701    /home/guilherme/.m2/repository/net/vz/mongodb/jackson/mongo-jackson-mapper/1.4.1/mongo-jackson-mapper-1.4.1.jar
9fe58000-9fe66000 r--s 000ad000 08:04 4196762    /home/guilherme/.m2/repository/org/codehaus/jackson/jackson-mapper-asl/1.9.2/jackson-mapper-asl-1.9.2.jar
9fe66000-9fe6a000 r--s 00034000 08:04 4196724    /home/guilherme/.m2/repository/org/codehaus/jackson/jackson-core-asl/1.9.2/jackson-core-asl-1.9.2.jar
9fe6a000-9fe6c000 r--s 00004000 08:04 4196725    /home/guilherme/.m2/repository/javax/xml/stream/stax-api/1.0-2/stax-api-1.0-2.jar
9fe6c000-9fe6f000 r--s 00017000 08:04 4196709    /home/guilherme/.m2/repository/javax/xml/bind/jaxb-api/2.2.2/jaxb-api-2.2.2.jar
9fe6f000-9fe82000 r--s 000c7000 08:04 4196686    /home/guilherme/.m2/repository/com/sun/xml/bind/jaxb-impl/2.2.3-1/jaxb-impl-2.2.3-1.jar
9fe82000-9fe84000 r--s 0000f000 08:04 4196720    /home/guilherme/.m2/repository/org/codehaus/jettison/jettison/1.1/jettison-1.1.jar
9fe84000-9fe8d000 r--s 00042000 08:04 4196752    /home/guilherme/.m2/repository/org/glassfish/jersey/core/jersey-server/2.0-m02/jersey-server-2.0-m02.jar
9fe8d000-9fead000 r--s 00173000 08:04 4196682    /home/guilherme/.m2/repository/com/google/guava/guava/11.0.1/guava-11.0.1.jar
9fead000-9feae000 ---p 00000000 00:00 0 
9feae000-9ff2e000 rw-p 00000000 00:00 0          [stack:8135]
9ff2e000-9ff31000 ---p 00000000 00:00 0 
9ff31000-9ff7f000 rw-p 00000000 00:00 0          [stack:8134]
9ff7f000-9ff82000 ---p 00000000 00:00 0 
9ff82000-a0000000 rw-p 00000000 00:00 0          [stack:8133]
a0000000-a0200000 r--p 00000000 08:04 1449933    /usr/lib/locale/locale-archive
a0200000-a0221000 rw-p 00000000 00:00 0 
a0221000-a0300000 ---p 00000000 00:00 0 
a0300000-a0301000 r--s 00006000 08:04 4196782    /home/guilherme/.m2/repository/org/codehaus/jackson/jackson-xc/1.9.2/jackson-xc-1.9.2.jar
a0301000-a0305000 r--s 00020000 08:04 4196675    /home/guilherme/.m2/repository/org/glassfish/jersey/media/jersey-media-json/2.0-m02/jersey-media-json-2.0-m02.jar
a0305000-a0308000 r--s 00012000 08:04 4196681    /home/guilherme/.m2/repository/javax/ws/rs/javax.ws.rs-api/2.0-m03/javax.ws.rs-api-2.0-m03.jar
a0308000-a030d000 r--s 00047000 08:04 4196757    /home/guilherme/.m2/repository/org/glassfish/hk2/external/asm-all-repackaged/1.6.32/asm-all-repackaged-1.6.32.jar
a030d000-a0310000 ---p 00000000 00:00 0 
a0310000-a035e000 rw-p 00000000 00:00 0          [stack:8132]
a035e000-a0361000 ---p 00000000 00:00 0 
a0361000-a03af000 rw-p 00000000 00:00 0          [stack:8131]
a03af000-a03b2000 ---p 00000000 00:00 0 
a03b2000-a0400000 rw-p 00000000 00:00 0          [stack:8130]
a0400000-a0453000 rw-p 00000000 00:00 0 
a0453000-a0500000 ---p 00000000 00:00 0 
a0500000-a0501000 r--s 00004000 08:04 4196773    /home/guilherme/.m2/repository/org/codehaus/jackson/jackson-jaxrs/1.9.2/jackson-jaxrs-1.9.2.jar
a0501000-a0503000 r--s 00003000 08:04 4196733    /home/guilherme/.m2/repository/org/jvnet/tiger-types/1.4/tiger-types-1.4.jar
a0503000-a050a000 r--s 0004a000 08:04 4196753    /home/guilherme/.m2/repository/org/glassfish/hk2/auto-depends/1.6.32/auto-depends-1.6.32.jar
a050a000-a050c000 r--s 00006000 08:04 4196679    /home/guilherme/.m2/repository/org/glassfish/hk2/hk2-api/1.6.32/hk2-api-1.6.32.jar
a050c000-a050f000 r--s 00006000 08:04 4196737    /home/guilherme/.m2/repository/com/google/code/findbugs/jsr305/1.3.9/jsr305-1.3.9.jar
a050f000-a0511000 r--s 0000e000 08:04 4196702    /home/guilherme/.m2/repository/javax/activation/activation/1.1/activation-1.1.jar
a0511000-a0517000 r--s 00059000 08:04 4196731    /home/guilherme/.m2/repository/javax/mail/mail/1.4/mail-1.4.jar
a0517000-a0522000 r--s 0006c000 08:04 4196687    /home/guilherme/.m2/repository/org/glassfish/jersey/core/jersey-common/2.0-m02/jersey-common-2.0-m02.jar
a0522000-a0524000 r--s 00002000 08:04 4196697    /home/guilherme/.m2/repository/org/glassfish/jersey/containers/jersey-container-grizzly2-http/2.0-m02/jersey-container-grizzly2-http-2.0-m02.jar
a0524000-a0526000 r--s 00009000 08:04 4196698    /home/guilherme/.m2/repository/org/glassfish/external/management-api/3.0.0-b012/management-api-3.0.0-b012.jar
a0526000-a0528000 r--s 00004000 08:04 4196729    /home/guilherme/.m2/repository/org/glassfish/gmbal/gmbal-api-only/3.0.0-b023/gmbal-api-only-3.0.0-b023.jar
a0528000-a0536000 r--s 000a6000 08:04 4196758    /home/guilherme/.m2/repository/org/glassfish/grizzly/grizzly-framework/2.2.4/grizzly-framework-2.2.4.jar
a0536000-a053b000 r--s 0003b000 08:04 4196742    /home/guilherme/.m2/repository/org/glassfish/grizzly/grizzly-http/2.2.4/grizzly-http-2.2.4.jar
a053b000-a053f000 r--s 00030000 08:04 4196693    /home/guilherme/.m2/repository/org/glassfish/grizzly/grizzly-http-server/2.2.4/grizzly-http-server-2.2.4.jar
a053f000-a0544000 r--s 00023000 08:04 4991628    /home/guilherme/.m2/repository/org/apache/maven/surefire/surefire-api/2.10/surefire-api-2.10.jar
a0544000-a0545000 ---p 00000000 00:00 0 
a0545000-a0610000 rw-p 00000000 00:00 0          [stack:8129]
a0610000-a07cd000 r--s 039d3000 08:04 1717013    /usr/local/java/jdk1.7.0_40/jre/lib/rt.jar
a07cd000-a082f000 rw-p 00000000 00:00 0 
a082f000-a0849000 rw-p 00000000 00:00 0 
a0849000-a084f000 rw-p 00000000 00:00 0 
a084f000-a089f000 rw-p 00000000 00:00 0 
a089f000-a08a2000 rw-p 00000000 00:00 0 
a08a2000-a08c9000 rw-p 00000000 00:00 0 
a08c9000-a08cf000 rw-p 00000000 00:00 0 
a08cf000-a091f000 rw-p 00000000 00:00 0 
a091f000-a0925000 rw-p 00000000 00:00 0 
a0925000-a093f000 rw-p 00000000 00:00 0 
a093f000-a0e90000 rw-p 00000000 00:00 0 
a0e90000-a5e90000 rw-p 00000000 00:00 0 
a5e90000-a6940000 rw-p 00000000 00:00 0 
a6940000-b0940000 rw-p 00000000 00:00 0 
b0940000-b1540000 rw-p 00000000 00:00 0 
b1540000-b4940000 rw-p 00000000 00:00 0 
b4940000-b4941000 r--s 00001000 08:04 4196691    /home/guilherme/.m2/repository/org/glassfish/hk2/external/javax.inject/1.6.32/javax.inject-1.6.32.jar
b4941000-b4945000 rw-p 00000000 00:00 0 
b4945000-b49c1000 rw-p 00000000 00:00 0 
b49c1000-b4a89000 rwxp 00000000 00:00 0 
b4a89000-b69c1000 rw-p 00000000 00:00 0 
b69c1000-b69cc000 r-xp 00000000 08:04 2491278    /lib/i386-linux-gnu/libnss_files-2.17.so
b69cc000-b69cd000 r--p 0000a000 08:04 2491278    /lib/i386-linux-gnu/libnss_files-2.17.so
b69cd000-b69ce000 rw-p 0000b000 08:04 2491278    /lib/i386-linux-gnu/libnss_files-2.17.so
b69ce000-b69e3000 r-xp 00000000 08:04 2491272    /lib/i386-linux-gnu/libnsl-2.17.so
b69e3000-b69e4000 r--p 00014000 08:04 2491272    /lib/i386-linux-gnu/libnsl-2.17.so
b69e4000-b69e5000 rw-p 00015000 08:04 2491272    /lib/i386-linux-gnu/libnsl-2.17.so
b69e5000-b69e7000 rw-p 00000000 00:00 0 
b69e7000-b69e8000 r--s 00004000 08:04 4196756    /home/guilherme/.m2/repository/org/glassfish/hk2/osgi-resource-locator/1.0.1/osgi-resource-locator-1.0.1.jar
b69e8000-b69ff000 r-xp 00000000 08:04 1717575    /usr/local/java/jdk1.7.0_40/jre/lib/i386/libzip.so
b69ff000-b6a00000 rw-p 00017000 08:04 1717575    /usr/local/java/jdk1.7.0_40/jre/lib/i386/libzip.so
b6a00000-b6b00000 rw-p 00000000 00:00 0 
b6b00000-b6b01000 r--s 00001000 08:04 4196767    /home/guilherme/.m2/repository/org/glassfish/grizzly/grizzly-rcm/2.2.4/grizzly-rcm-2.2.4.jar
b6b01000-b6b03000 r--s 00007000 08:04 4727903    /home/guilherme/.m2/repository/org/apache/maven/surefire/surefire-booter/2.10/surefire-booter-2.10.jar
b6b03000-b6b0b000 rw-s 00000000 08:04 5779450    /tmp/hsperfdata_guilherme/8125
b6b0b000-b6b15000 r-xp 00000000 08:04 2491282    /lib/i386-linux-gnu/libnss_nis-2.17.so
b6b15000-b6b16000 r--p 00009000 08:04 2491282    /lib/i386-linux-gnu/libnss_nis-2.17.so
b6b16000-b6b17000 rw-p 0000a000 08:04 2491282    /lib/i386-linux-gnu/libnss_nis-2.17.so
b6b17000-b6b3a000 r-xp 00000000 08:04 1717538    /usr/local/java/jdk1.7.0_40/jre/lib/i386/libjava.so
b6b3a000-b6b3b000 rw-p 00022000 08:04 1717538    /usr/local/java/jdk1.7.0_40/jre/lib/i386/libjava.so
b6b3b000-b6b42000 r-xp 00000000 08:04 2491325    /lib/i386-linux-gnu/librt-2.17.so
b6b42000-b6b43000 r--p 00006000 08:04 2491325    /lib/i386-linux-gnu/librt-2.17.so
b6b43000-b6b44000 rw-p 00007000 08:04 2491325    /lib/i386-linux-gnu/librt-2.17.so
b6b44000-b6b47000 ---p 00000000 00:00 0 
b6b47000-b6b95000 rw-p 00000000 00:00 0          [stack:8128]
b6b95000-b6bd6000 r-xp 00000000 08:04 2491253    /lib/i386-linux-gnu/libm-2.17.so
b6bd6000-b6bd7000 r--p 00040000 08:04 2491253    /lib/i386-linux-gnu/libm-2.17.so
b6bd7000-b6bd8000 rw-p 00041000 08:04 2491253    /lib/i386-linux-gnu/libm-2.17.so
b6bd8000-b715e000 r-xp 00000000 08:04 1717533    /usr/local/java/jdk1.7.0_40/jre/lib/i386/client/libjvm.so
b715e000-b717f000 rw-p 00586000 08:04 1717533    /usr/local/java/jdk1.7.0_40/jre/lib/i386/client/libjvm.so
b717f000-b75a0000 rw-p 00000000 00:00 0 
b75a0000-b774d000 r-xp 00000000 08:04 2491205    /lib/i386-linux-gnu/libc-2.17.so
b774d000-b774f000 r--p 001ad000 08:04 2491205    /lib/i386-linux-gnu/libc-2.17.so
b774f000-b7750000 rw-p 001af000 08:04 2491205    /lib/i386-linux-gnu/libc-2.17.so
b7750000-b7753000 rw-p 00000000 00:00 0 
b7753000-b7756000 r-xp 00000000 08:04 2491220    /lib/i386-linux-gnu/libdl-2.17.so
b7756000-b7757000 r--p 00002000 08:04 2491220    /lib/i386-linux-gnu/libdl-2.17.so
b7757000-b7758000 rw-p 00003000 08:04 2491220    /lib/i386-linux-gnu/libdl-2.17.so
b7758000-b776b000 r-xp 00000000 08:04 1717542    /usr/local/java/jdk1.7.0_40/jre/lib/i386/jli/libjli.so
b776b000-b776c000 rw-p 00012000 08:04 1717542    /usr/local/java/jdk1.7.0_40/jre/lib/i386/jli/libjli.so
b776c000-b776d000 rw-p 00000000 00:00 0 
b776d000-b7784000 r-xp 00000000 08:04 2491317    /lib/i386-linux-gnu/libpthread-2.17.so
b7784000-b7785000 r--p 00016000 08:04 2491317    /lib/i386-linux-gnu/libpthread-2.17.so
b7785000-b7786000 rw-p 00017000 08:04 2491317    /lib/i386-linux-gnu/libpthread-2.17.so
b7786000-b7788000 rw-p 00000000 00:00 0 
b7788000-b7789000 r--s 00002000 08:04 3418764    /home/guilherme/projects/SistemasDistribuidosB1/SDB1Web/target/surefire/surefirebooter3972966697600935972.jar
b7789000-b778a000 r--p 005e0000 08:04 1449933    /usr/lib/locale/locale-archive
b778a000-b7791000 r-xp 00000000 08:04 2491274    /lib/i386-linux-gnu/libnss_compat-2.17.so
b7791000-b7792000 r--p 00006000 08:04 2491274    /lib/i386-linux-gnu/libnss_compat-2.17.so
b7792000-b7793000 rw-p 00007000 08:04 2491274    /lib/i386-linux-gnu/libnss_compat-2.17.so
b7793000-b7794000 rw-p 00000000 00:00 0 
b7794000-b7795000 r--p 00000000 00:00 0 
b7795000-b77a0000 r-xp 00000000 08:04 1717520    /usr/local/java/jdk1.7.0_40/jre/lib/i386/libverify.so
b77a0000-b77a1000 rw-p 0000b000 08:04 1717520    /usr/local/java/jdk1.7.0_40/jre/lib/i386/libverify.so
b77a1000-b77a3000 rw-p 00000000 00:00 0 
b77a3000-b77a4000 r-xp 00000000 00:00 0          [vdso]
b77a4000-b77c4000 r-xp 00000000 08:04 2491181    /lib/i386-linux-gnu/ld-2.17.so
b77c4000-b77c5000 r--p 0001f000 08:04 2491181    /lib/i386-linux-gnu/ld-2.17.so
b77c5000-b77c6000 rw-p 00020000 08:04 2491181    /lib/i386-linux-gnu/ld-2.17.so
bfc20000-bfc41000 rw-p 00000000 00:00 0          [stack]

VM Arguments:
java_command: /home/guilherme/projects/SistemasDistribuidosB1/SDB1Web/target/surefire/surefirebooter3972966697600935972.jar /home/guilherme/projects/SistemasDistribuidosB1/SDB1Web/target/surefire/surefire5061354197244927277tmp /home/guilherme/projects/SistemasDistribuidosB1/SDB1Web/target/surefire/surefire1818960745958214460tmp
Launcher Type: SUN_STANDARD

Environment Variables:
JAVA_HOME=/usr/local/java/jdk1.7.0_40
JRE_HOME=/usr/local/java/jre1.7.0_40
PATH=/usr/lib/lightdm/lightdm:/usr/local/sbin:/usr/local/bin:/usr/sbin:/usr/bin:/sbin:/bin:/usr/games:/usr/local/games:/home/guilherme/bin:/usr/local/java/jdk1.7.0_40/bin:/home/guilherme/bin:/usr/local/java/jre1.7.0_40/bin
LD_LIBRARY_PATH=/usr/lib/jvm/java-7-oracle/jre/lib/amd64:/usr/lib/jvm/java-7-oracle/jre/lib/i386:
SHELL=/bin/bash
DISPLAY=:0

Signal Handlers:
SIGSEGV: [libjvm.so+0x503d90], sa_mask[0]=0x7ffbfeff, sa_flags=0x10000004
SIGBUS: [libjvm.so+0x503d90], sa_mask[0]=0x7ffbfeff, sa_flags=0x10000004
SIGFPE: [libjvm.so+0x3fbe80], sa_mask[0]=0x7ffbfeff, sa_flags=0x10000004
SIGPIPE: [libjvm.so+0x3fbe80], sa_mask[0]=0x7ffbfeff, sa_flags=0x10000004
SIGXFSZ: [libjvm.so+0x3fbe80], sa_mask[0]=0x7ffbfeff, sa_flags=0x10000004
SIGILL: [libjvm.so+0x3fbe80], sa_mask[0]=0x7ffbfeff, sa_flags=0x10000004
SIGUSR1: SIG_DFL, sa_mask[0]=0x00000000, sa_flags=0x00000000
SIGUSR2: [libjvm.so+0x3fd370], sa_mask[0]=0x00000004, sa_flags=0x10000004
SIGHUP: [libjvm.so+0x3fe4c0], sa_mask[0]=0x7ffbfeff, sa_flags=0x10000004
SIGINT: SIG_IGN, sa_mask[0]=0x00000000, sa_flags=0x00000000
SIGTERM: [libjvm.so+0x3fe4c0], sa_mask[0]=0x7ffbfeff, sa_flags=0x10000004
SIGQUIT: [libjvm.so+0x3fe4c0], sa_mask[0]=0x7ffbfeff, sa_flags=0x10000004


---------------  S Y S T E M  ---------------

OS:wheezy/sid

uname:Linux 3.8.0-31-generic #46-Ubuntu SMP Tue Sep 10 19:56:49 UTC 2013 i686
libc:glibc 2.17 NPTL 2.17 
rlimit: STACK 8192k, CORE 0k, NPROC 24106, NOFILE 4096, AS infinity
load average:1,01 0,77 0,68

/proc/meminfo:
MemTotal:        3102120 kB
MemFree:          822020 kB
Buffers:           41168 kB
Cached:           206292 kB
SwapCached:           28 kB
Active:          1488888 kB
Inactive:         705280 kB
Active(anon):    1386404 kB
Inactive(anon):   582412 kB
Active(file):     102484 kB
Inactive(file):   122868 kB
Unevictable:          48 kB
Mlocked:              48 kB
HighTotal:       2231176 kB
HighFree:         454752 kB
LowTotal:         870944 kB
LowFree:          367268 kB
SwapTotal:       1999868 kB
SwapFree:        1998920 kB
Dirty:               336 kB
Writeback:             0 kB
AnonPages:       1946748 kB
Mapped:           116808 kB
Shmem:             22108 kB
Slab:              34796 kB
SReclaimable:      14808 kB
SUnreclaim:        19988 kB
KernelStack:        5120 kB
PageTables:        13956 kB
NFS_Unstable:          0 kB
Bounce:                0 kB
WritebackTmp:          0 kB
CommitLimit:     3550928 kB
Committed_AS:    5469812 kB
VmallocTotal:     122880 kB
VmallocUsed:       46444 kB
VmallocChunk:      67060 kB
HardwareCorrupted:     0 kB
AnonHugePages:         0 kB
HugePages_Total:       0
HugePages_Free:        0
HugePages_Rsvd:        0
HugePages_Surp:        0
Hugepagesize:       2048 kB
DirectMap4k:       45048 kB
DirectMap2M:      868352 kB


CPU:total 2 (2 cores per cpu, 1 threads per core) family 15 model 6 stepping 5, cmov, cx8, fxsr, mmx, sse, sse2, sse3, tsc

/proc/cpuinfo:
processor	: 0
vendor_id	: GenuineIntel
cpu family	: 15
model		: 6
model name	: Intel(R) Pentium(R) D CPU 3.20GHz
stepping	: 5
microcode	: 0xb
cpu MHz		: 2400.000
cache size	: 2048 KB
physical id	: 0
siblings	: 2
core id		: 0
cpu cores	: 2
apicid		: 0
initial apicid	: 0
fdiv_bug	: no
hlt_bug		: no
f00f_bug	: no
coma_bug	: no
fpu		: yes
fpu_exception	: yes
cpuid level	: 6
wp		: yes
flags		: fpu vme de pse tsc msr pae mce cx8 apic sep mtrr pge mca cmov pat pse36 clflush dts acpi mmx fxsr sse sse2 ss ht tm pbe nx lm constant_tsc pebs bts pni dtes64 monitor ds_cpl est cid cx16 xtpr pdcm lahf_lm
bogomips	: 6399.16
clflush size	: 64
cache_alignment	: 128
address sizes	: 36 bits physical, 48 bits virtual
power management:

processor	: 1
vendor_id	: GenuineIntel
cpu family	: 15
model		: 6
model name	: Intel(R) Pentium(R) D CPU 3.20GHz
stepping	: 5
microcode	: 0xb
cpu MHz		: 2400.000
cache size	: 2048 KB
physical id	: 0
siblings	: 2
core id		: 1
cpu cores	: 2
apicid		: 1
initial apicid	: 1
fdiv_bug	: no
hlt_bug		: no
f00f_bug	: no
coma_bug	: no
fpu		: yes
fpu_exception	: yes
cpuid level	: 6
wp		: yes
flags		: fpu vme de pse tsc msr pae mce cx8 apic sep mtrr pge mca cmov pat pse36 clflush dts acpi mmx fxsr sse sse2 ss ht tm pbe nx lm constant_tsc pebs bts pni dtes64 monitor ds_cpl est cid cx16 xtpr pdcm lahf_lm
bogomips	: 6399.16
clflush size	: 64
cache_alignment	: 128
address sizes	: 36 bits physical, 48 bits virtual
power management:



Memory: 4k page, physical 3102120k(822020k free), swap 1999868k(1998920k free)

vm_info: Java HotSpot(TM) Client VM (24.0-b56) for linux-x86 JRE (1.7.0_40-b43), built on Aug 26 2013 22:05:59 by "java_re" with gcc 4.3.0 20080428 (Red Hat 4.3.0-8)

time: Mon Sep 30 02:02:07 2013
elapsed time: 0 seconds

