#
# A fatal error has been detected by the Java Runtime Environment:
#
#  SIGILL (0x4) at pc=0xb6d45e10, pid=8712, tid=3064994624
#
# JRE version: Java(TM) SE Runtime Environment (7.0_40-b43) (build 1.7.0_40-b43)
# Java VM: Java HotSpot(TM) Client VM (24.0-b56 mixed mode linux-x86 )
# Problematic frame:
# V  [libjvm.so+0x200e10]  Events::log_exception(Thread*, char const*, ...)+0x20
#
# Failed to write core dump. Core dumps have been disabled. To enable core dumping, try "ulimit -c unlimited" before starting Java again
#
# If you would like to submit a bug report, please visit:
#   http://bugreport.sun.com/bugreport/crash.jsp
#

---------------  T H R E A D  ---------------

Current thread (0xb690cc00):  JavaThread "main" [_thread_in_vm, id=8715, stack(0xb6ab1000,0xb6b02000)]

siginfo:si_signo=SIGILL: si_errno=0, si_code=2 (ILL_ILLOPN), si_addr=0xb6d45e10

Registers:
EAX=0x00000000, EBX=0xb70d9868, ECX=0xb6908120, EDX=0x00000000
ESP=0xb6b002f0, EBP=0xb6b00318, ESI=0xb6908120, EDI=0xb6908b38
EIP=0xb6d45e10, EFLAGS=0x00010286, CR2=0xb770e100

Top of Stack: (sp=0xb6b002f0)
0xb6b002f0:   b690cc00 00000000 588a04d1 3fe830c4
0xb6b00300:   a04e0f58 b6908120 b709d474 b70d9868
0xb6b00310:   00000000 b066bdb8 b6b00618 b6e6f80b
0xb6b00320:   b690cc00 b708a507 a09d5670 b709d474
0xb6b00330:   000004dc b6b0055c b690d374 b690d374
0xb6b00340:   b6b003d0 b6b00368 b690cc00 b690d368
0xb6b00350:   b6b003d0 00000001 b690d36c b6ef6a5e
0xb6b00360:   b70d9868 07000000 b6b00678 b46de41a 

Instructions: (pc=0xb6d45e10)
0xb6d45df0:   55 89 e5 57 56 53 83 ec 1c e8 00 00 00 00 5b 81
0xb6d45e00:   c3 6a 3a 39 00 8b 83 10 f2 ff ff 80 38 00 75 08
0xb6d45e10:   8d 65 f4 5b 5e 5f 5d c3 8b 83 d4 fa ff ff 8d 7d
0xb6d45e20:   10 8b 30 8b 83 3c ea ff ff 8b 00 85 c0 75 e1 e8 

Register to memory mapping:

EAX=0x00000000 is an unknown value
EBX=0xb70d9868: <offset 0x594868> in /usr/local/java/jdk1.7.0_40/jre/lib/i386/client/libjvm.so at 0xb6b45000
ECX=0xb6908120 is an unknown value
EDX=0x00000000 is an unknown value
ESP=0xb6b002f0 is pointing into the stack for thread: 0xb690cc00
EBP=0xb6b00318 is pointing into the stack for thread: 0xb690cc00
ESI=0xb6908120 is an unknown value
EDI=0xb6908b38 is an unknown value


Stack: [0xb6ab1000,0xb6b02000],  sp=0xb6b002f0,  free space=316k
Native frames: (J=compiled Java code, j=interpreted, Vv=VM code, C=native code)
V  [libjvm.so+0x200e10]  Events::log_exception(Thread*, char const*, ...)+0x20
V  [libjvm.so+0x32a80b]  JVM_DoPrivileged+0x4eb
C  [libjava.so+0x9a4a]  Java_java_security_AccessController_doPrivileged__Ljava_security_PrivilegedExceptionAction_2Ljava_security_AccessControlContext_2+0x3a
j  java.security.AccessController.doPrivileged(Ljava/security/PrivilegedExceptionAction;Ljava/security/AccessControlContext;)Ljava/lang/Object;+0
j  java.net.URLClassLoader.findClass(Ljava/lang/String;)Ljava/lang/Class;+13
j  java.lang.ClassLoader.loadClass(Ljava/lang/String;Z)Ljava/lang/Class;+70
j  java.lang.ClassLoader.loadClass(Ljava/lang/String;Z)Ljava/lang/Class;+38
j  sun.misc.Launcher$AppClassLoader.loadClass(Ljava/lang/String;Z)Ljava/lang/Class;+36
j  java.lang.ClassLoader.loadClass(Ljava/lang/String;)Ljava/lang/Class;+3
v  ~StubRoutines::call_stub
V  [libjvm.so+0x2a7875]  JavaCalls::call_helper(JavaValue*, methodHandle*, JavaCallArguments*, Thread*)+0x315
V  [libjvm.so+0x3fa1e9]  os::os_exception_wrapper(void (*)(JavaValue*, methodHandle*, JavaCallArguments*, Thread*), JavaValue*, methodHandle*, JavaCallArguments*, Thread*)+0x19
V  [libjvm.so+0x2a64ef]  JavaCalls::call(JavaValue*, methodHandle, JavaCallArguments*, Thread*)+0x2f
V  [libjvm.so+0x2a672a]  JavaCalls::call_virtual(JavaValue*, KlassHandle, Symbol*, Symbol*, JavaCallArguments*, Thread*)+0x10a
V  [libjvm.so+0x2a67f5]  JavaCalls::call_virtual(JavaValue*, Handle, KlassHandle, Symbol*, Symbol*, Handle, Thread*)+0x55
V  [libjvm.so+0x49e559]  SystemDictionary::load_instance_class(Symbol*, Handle, Thread*)+0x489
V  [libjvm.so+0x49cc52]  SystemDictionary::resolve_instance_class_or_null(Symbol*, Handle, Handle, Thread*)+0x742
V  [libjvm.so+0x49d0b9]  SystemDictionary::resolve_or_null(Symbol*, Handle, Handle, Thread*)+0x49
V  [libjvm.so+0x49e5d0]  SystemDictionary::resolve_or_fail(Symbol*, Handle, Handle, bool, Thread*)+0x30
V  [libjvm.so+0x1d5cfb]  constantPoolOopDesc::klass_at_impl(constantPoolHandle, int, Thread*)+0x1cb
V  [libjvm.so+0x3916df]  LinkResolver::resolve_invokestatic(CallInfo&, constantPoolHandle, int, Thread*)+0x2f
V  [libjvm.so+0x2a1e0a]  InterpreterRuntime::resolve_invoke(JavaThread*, Bytecodes::Code)+0x17a
j  com.mycompany.sdb1web.Server.main([Ljava/lang/String;)V+72
v  ~StubRoutines::call_stub
V  [libjvm.so+0x2a7875]  JavaCalls::call_helper(JavaValue*, methodHandle*, JavaCallArguments*, Thread*)+0x315
V  [libjvm.so+0x3fa1e9]  os::os_exception_wrapper(void (*)(JavaValue*, methodHandle*, JavaCallArguments*, Thread*), JavaValue*, methodHandle*, JavaCallArguments*, Thread*)+0x19
V  [libjvm.so+0x2a64ef]  JavaCalls::call(JavaValue*, methodHandle, JavaCallArguments*, Thread*)+0x2f
V  [libjvm.so+0x2e28b2]  jni_invoke_static(JNIEnv_*, JavaValue*, _jobject*, JNICallType, _jmethodID*, JNI_ArgumentPusher*, Thread*)+0x242
V  [libjvm.so+0x2f8ada]  jni_CallStaticVoidMethod+0xca
C  [libjli.so+0x2e8d]  JavaMain+0x8bd
C  [libpthread.so.0+0x6d78]  start_thread+0xd8

Java frames: (J=compiled Java code, j=interpreted, Vv=VM code)
j  java.security.AccessController.doPrivileged(Ljava/security/PrivilegedExceptionAction;Ljava/security/AccessControlContext;)Ljava/lang/Object;+0
j  java.net.URLClassLoader.findClass(Ljava/lang/String;)Ljava/lang/Class;+13
j  java.lang.ClassLoader.loadClass(Ljava/lang/String;Z)Ljava/lang/Class;+70
j  java.lang.ClassLoader.loadClass(Ljava/lang/String;Z)Ljava/lang/Class;+38
j  sun.misc.Launcher$AppClassLoader.loadClass(Ljava/lang/String;Z)Ljava/lang/Class;+36
j  java.lang.ClassLoader.loadClass(Ljava/lang/String;)Ljava/lang/Class;+3
v  ~StubRoutines::call_stub
j  com.mycompany.sdb1web.Server.main([Ljava/lang/String;)V+72
v  ~StubRoutines::call_stub

---------------  P R O C E S S  ---------------

Java Threads: ( => current thread )
  0xb6985400 JavaThread "Service Thread" daemon [_thread_blocked, id=8728, stack(0x9fd8c000,0x9fddd000)]
  0xb6983800 JavaThread "C1 CompilerThread0" daemon [_thread_blocked, id=8727, stack(0x9fddd000,0x9fe5e000)]
  0xa0100800 JavaThread "JDWP Command Reader" daemon [_thread_in_native, id=8725, stack(0x9fe5e000,0x9feaf000)]
  0xb697cc00 JavaThread "JDWP Event Helper Thread" daemon [_thread_blocked, id=8724, stack(0x9feaf000,0x9ff00000)]
  0xb697a400 JavaThread "JDWP Transport Listener: dt_socket" daemon [_thread_blocked, id=8723, stack(0xa000d000,0xa005e000)]
  0xb6970000 JavaThread "Signal Dispatcher" daemon [_thread_blocked, id=8720, stack(0xa005e000,0xa00af000)]
  0xb6960c00 JavaThread "Finalizer" daemon [_thread_blocked, id=8719, stack(0xa00af000,0xa0100000)]
  0xb695e400 JavaThread "Reference Handler" daemon [_thread_blocked, id=8718, stack(0xa0203000,0xa0254000)]
=>0xb690cc00 JavaThread "main" [_thread_in_vm, id=8715, stack(0xb6ab1000,0xb6b02000)]

Other Threads:
  0xb695cc00 VMThread [stack: 0xa0254000,0xa02d5000] [id=8717]
  0xb6987c00 WatcherThread [stack: 0x9fd0b000,0x9fd8c000] [id=8729]

VM state:not at safepoint (normal execution)

VM Mutex/Monitor currently owned by a thread: None

Heap
 def new generation   total 4928K, used 4188K [0xa0650000, 0xa0ba0000, 0xa5ba0000)
  eden space 4416K,  83% used [0xa0650000, 0xa09e7138, 0xa0aa0000)
  from space 512K, 100% used [0xa0b20000, 0xa0ba0000, 0xa0ba0000)
  to   space 512K,   0% used [0xa0aa0000, 0xa0aa0000, 0xa0b20000)
 tenured generation   total 10944K, used 628K [0xa5ba0000, 0xa6650000, 0xb0650000)
   the space 10944K,   5% used [0xa5ba0000, 0xa5c3d348, 0xa5c3d400, 0xa6650000)
 compacting perm gen  total 12288K, used 2892K [0xb0650000, 0xb1250000, 0xb4650000)
   the space 12288K,  23% used [0xb0650000, 0xb0923278, 0xb0923400, 0xb1250000)
No shared spaces configured.

Card table byte_map: [0xa05af000,0xa0650000] byte_map_base: 0xa00abd80

Polling page: 0xb7701000

Code Cache  [0xb46db000, 0xb479b000, 0xb66db000)
 total_blobs=215 nmethods=87 adapters=73 free_code_cache=32006Kb largest_free_block=32774272

Compilation events (10 events):
Event: 0,722 Thread 0xb6983800   83             java.lang.StringBuilder::<init> (7 bytes)
Event: 0,723 Thread 0xb6983800 nmethod 83 0xb4796b48 code [0xb4796c40, 0xb4796d50]
Event: 0,723 Thread 0xb6983800   84             java.lang.StringBuilder::toString (17 bytes)
Event: 0,724 Thread 0xb6983800 nmethod 84 0xb4796dc8 code [0xb4796ed0, 0xb4796fcc]
Event: 0,724 Thread 0xb6983800   85             java.util.concurrent.ConcurrentHashMap$Segment::rehash (262 bytes)
Event: 0,725 Thread 0xb6983800 nmethod 85 0xb4797048 code [0xb4797190, 0xb4797710]
Event: 0,744 Thread 0xb6983800   86             java.net.URL::getRef (5 bytes)
Event: 0,744 Thread 0xb6983800 nmethod 86 0xb4797ec8 code [0xb4797fc0, 0xb4798040]
Event: 0,745 Thread 0xb6983800   87             java.lang.String::toLowerCase (472 bytes)
Event: 0,748 Thread 0xb6983800 nmethod 87 0xb4798088 code [0xb47982d0, 0xb4798bbc]

GC Heap History (2 events):
Event: 0,542 GC heap before
{Heap before GC invocations=0 (full 0):
 def new generation   total 4928K, used 4416K [0xa0650000, 0xa0ba0000, 0xa5ba0000)
  eden space 4416K, 100% used [0xa0650000, 0xa0aa0000, 0xa0aa0000)
  from space 512K,   0% used [0xa0aa0000, 0xa0aa0000, 0xa0b20000)
  to   space 512K,   0% used [0xa0b20000, 0xa0b20000, 0xa0ba0000)
 tenured generation   total 10944K, used 0K [0xa5ba0000, 0xa6650000, 0xb0650000)
   the space 10944K,   0% used [0xa5ba0000, 0xa5ba0000, 0xa5ba0200, 0xa6650000)
 compacting perm gen  total 12288K, used 2378K [0xb0650000, 0xb1250000, 0xb4650000)
   the space 12288K,  19% used [0xb0650000, 0xb08a2880, 0xb08a2a00, 0xb1250000)
No shared spaces configured.
Event: 0,552 GC heap after
Heap after GC invocations=1 (full 0):
 def new generation   total 4928K, used 512K [0xa0650000, 0xa0ba0000, 0xa5ba0000)
  eden space 4416K,   0% used [0xa0650000, 0xa0650000, 0xa0aa0000)
  from space 512K, 100% used [0xa0b20000, 0xa0ba0000, 0xa0ba0000)
  to   space 512K,   0% used [0xa0aa0000, 0xa0aa0000, 0xa0b20000)
 tenured generation   total 10944K, used 628K [0xa5ba0000, 0xa6650000, 0xb0650000)
   the space 10944K,   5% used [0xa5ba0000, 0xa5c3d348, 0xa5c3d400, 0xa6650000)
 compacting perm gen  total 12288K, used 2378K [0xb0650000, 0xb1250000, 0xb4650000)
   the space 12288K,  19% used [0xb0650000, 0xb08a2880, 0xb08a2a00, 0xb1250000)
No shared spaces configured.
}

Deoptimization events (0 events):
No events

Internal exceptions (10 events):
Event: 0,740 Thread 0xb690cc00 Threw 0xa098bf78 at /HUDSON/workspace/jdk7u40-2-build-linux-i586-product/jdk7u40/hotspot/src/share/vm/prims/jvm.cpp:1244
Event: 0,742 Thread 0xb690cc00 Threw 0xa0993178 at /HUDSON/workspace/jdk7u40-2-build-linux-i586-product/jdk7u40/hotspot/src/share/vm/prims/jvm.cpp:1244
Event: 0,743 Thread 0xb690cc00 Threw 0xa099c370 at /HUDSON/workspace/jdk7u40-2-build-linux-i586-product/jdk7u40/hotspot/src/share/vm/prims/jvm.cpp:1244
Event: 0,748 Thread 0xb690cc00 Threw 0xa09a3190 at /HUDSON/workspace/jdk7u40-2-build-linux-i586-product/jdk7u40/hotspot/src/share/vm/prims/jvm.cpp:1244
Event: 0,749 Thread 0xb690cc00 Threw 0xa09a9998 at /HUDSON/workspace/jdk7u40-2-build-linux-i586-product/jdk7u40/hotspot/src/share/vm/prims/jvm.cpp:1244
Event: 0,750 Thread 0xb690cc00 Threw 0xa09b0f20 at /HUDSON/workspace/jdk7u40-2-build-linux-i586-product/jdk7u40/hotspot/src/share/vm/prims/jvm.cpp:1244
Event: 0,752 Thread 0xb690cc00 Threw 0xa09b9338 at /HUDSON/workspace/jdk7u40-2-build-linux-i586-product/jdk7u40/hotspot/src/share/vm/prims/jvm.cpp:1244
Event: 0,753 Thread 0xb690cc00 Threw 0xa09c17a0 at /HUDSON/workspace/jdk7u40-2-build-linux-i586-product/jdk7u40/hotspot/src/share/vm/prims/jvm.cpp:1244
Event: 0,754 Thread 0xb690cc00 Threw 0xa09c9d68 at /HUDSON/workspace/jdk7u40-2-build-linux-i586-product/jdk7u40/hotspot/src/share/vm/prims/jvm.cpp:1244
Event: 0,756 Thread 0xb690cc00 Threw 0xa09d5670 at /HUDSON/workspace/jdk7u40-2-build-linux-i586-product/jdk7u40/hotspot/src/share/vm/prims/jvm.cpp:1244

Events (10 events):
Event: 0,752 loading class 0x9f98e578
Event: 0,752 loading class 0x9f98e578 done
Event: 0,753 loading class 0x9f997c78
Event: 0,753 loading class 0x9f997c78 done
Event: 0,754 loading class 0x9f998138
Event: 0,754 loading class 0x9f998138 done
Event: 0,754 Executing VM operation: Deoptimize
Event: 0,754 Executing VM operation: Deoptimize done
Event: 0,756 loading class 0xb698dab8
Event: 0,756 loading class 0xb698dab8 done


Dynamic libraries:
08048000-08049000 r-xp 00000000 08:04 1717000    /usr/local/java/jdk1.7.0_40/bin/java
08049000-0804a000 rw-p 00000000 08:04 1717000    /usr/local/java/jdk1.7.0_40/bin/java
08ecf000-08ef0000 rw-p 00000000 00:00 0          [heap]
9f800000-9f822000 rw-p 00000000 00:00 0 
9f822000-9f900000 ---p 00000000 00:00 0 
9f900000-9f9ff000 rw-p 00000000 00:00 0 
9f9ff000-9fa00000 ---p 00000000 00:00 0 
9fa18000-9fb00000 rw-p 00000000 00:00 0 
9fb00000-9fbff000 rw-p 00000000 00:00 0 
9fbff000-9fc00000 ---p 00000000 00:00 0 
9fc12000-9fc15000 rw-p 00000000 00:00 0 
9fc15000-9fc18000 r--s 0001b000 08:04 4982890    /home/guilherme/.m2/repository/junit/junit/3.8.1/junit-3.8.1.jar
9fc18000-9fc1b000 r--s 0001a000 08:04 5643337    /home/guilherme/.m2/repository/com/jcraft/jsch/0.1.23/jsch-0.1.23.jar
9fc1b000-9fc1d000 r--s 00007000 08:04 5643375    /home/guilherme/.m2/repository/org/apache/maven/wagon/wagon-ssh/1.0-alpha-5/wagon-ssh-1.0-alpha-5.jar
9fc1d000-9fc1e000 r--s 00001000 08:04 5645070    /home/guilherme/.m2/repository/org/apache/maven/maven-monitor/2.0/maven-monitor-2.0.jar
9fc1e000-9fc20000 r--s 00002000 08:04 5380014    /home/guilherme/.m2/repository/org/codehaus/plexus/plexus-interactivity-api/1.0-alpha-4/plexus-interactivity-api-1.0-alpha-4.jar
9fc20000-9fc22000 r--s 00007000 08:04 5645055    /home/guilherme/.m2/repository/org/apache/maven/maven-plugin-descriptor/2.0/maven-plugin-descriptor-2.0.jar
9fc22000-9fc24000 r--s 00006000 08:04 5380013    /home/guilherme/.m2/repository/commons-cli/commons-cli/1.0/commons-cli-1.0.jar
9fc24000-9fc26000 r--s 00005000 08:04 5645038    /home/guilherme/.m2/repository/org/apache/maven/maven-plugin-registry/2.0/maven-plugin-registry-2.0.jar
9fc26000-9fc27000 r--s 00002000 08:04 5645035    /home/guilherme/.m2/repository/org/apache/maven/maven-error-diagnostics/2.0/maven-error-diagnostics-2.0.jar
9fc27000-9fc29000 r--s 00000000 08:04 5643353    /home/guilherme/.m2/repository/doxia/doxia-sink-api/1.0-alpha-4/doxia-sink-api-1.0-alpha-4.jar
9fc29000-9fc2a000 r--s 00001000 08:04 5643339    /home/guilherme/.m2/repository/org/apache/maven/reporting/maven-reporting-api/2.0/maven-reporting-api-2.0.jar
9fc2a000-9fc2b000 r--s 00001000 08:04 5643369    /home/guilherme/.m2/repository/org/apache/maven/wagon/wagon-http-lightweight/1.0-alpha-5/wagon-http-lightweight-1.0-alpha-5.jar
9fc2b000-9fc2d000 r--s 00003000 08:04 5645032    /home/guilherme/.m2/repository/org/apache/maven/maven-plugin-parameter-documenter/2.0/maven-plugin-parameter-documenter-2.0.jar
9fc2d000-9fc2e000 r--s 00001000 08:04 5643349    /home/guilherme/.m2/repository/org/apache/maven/wagon/wagon-file/1.0-alpha-5/wagon-file-1.0-alpha-5.jar
9fc2e000-9fc32000 r--s 0001e000 08:04 5643386    /home/guilherme/.m2/repository/org/apache/maven/maven-core/2.0/maven-core-2.0.jar
9fc32000-9fc33000 r--s 00007000 08:04 5643376    /home/guilherme/.m2/repository/org/apache/maven/shared/maven-plugin-testing-harness/1.1/maven-plugin-testing-harness-1.1.jar
9fc33000-9fc35000 r--s 00005000 08:04 5769033    /home/guilherme/.m2/repository/org/apache/maven/shared/maven-common-artifact-filters/1.0/maven-common-artifact-filters-1.0.jar
9fc35000-9fc36000 r--s 00005000 08:04 5643351    /home/guilherme/.m2/repository/org/apache/maven/shared/maven-repository-builder/1.0-alpha-2/maven-repository-builder-1.0-alpha-2.jar
9fc36000-9fc38000 r--s 00012000 08:04 5381163    /home/guilherme/.m2/repository/org/apache/maven/maven-model/2.0.4/maven-model-2.0.4.jar
9fc38000-9fc3b000 r--s 00011000 08:04 5643355    /home/guilherme/.m2/repository/org/apache/maven/maven-artifact/2.0.4/maven-artifact-2.0.4.jar
9fc3b000-9fc3f000 r--s 00030000 08:04 5769029    /home/guilherme/.m2/repository/org/codehaus/plexus/plexus-utils/1.5.1/plexus-utils-1.5.1.jar
9fc3f000-9fc41000 r--s 00008000 08:04 4603583    /home/guilherme/.m2/repository/classworlds/classworlds/1.1-alpha-2/classworlds-1.1-alpha-2.jar
9fc41000-9fc48000 r--s 00029000 08:04 4603586    /home/guilherme/.m2/repository/org/codehaus/plexus/plexus-container-default/1.0-alpha-9-stable-1/plexus-container-default-1.0-alpha-9-stable-1.jar
9fc48000-9fc49000 r--s 00002000 08:04 4602128    /home/guilherme/.m2/repository/org/apache/maven/maven-archiver/2.2/maven-archiver-2.2.jar
9fc49000-9fc4b000 r--s 00006000 08:04 5515098    /home/guilherme/.m2/repository/org/apache/maven/maven-profile/2.0.4/maven-profile-2.0.4.jar
9fc4b000-9fc4d000 r--s 00009000 08:04 5252442    /home/guilherme/.m2/repository/org/apache/maven/maven-settings/2.0.4/maven-settings-2.0.4.jar
9fc4d000-9fc50000 r--s 00018000 08:04 5252407    /home/guilherme/.m2/repository/org/apache/maven/maven-project/2.0.4/maven-project-2.0.4.jar
9fc50000-9fc52000 r--s 00001000 08:04 4339221    /home/guilherme/.m2/repository/org/apache/maven/maven-plugin-api/2.0.4/maven-plugin-api-2.0.4.jar
9fc52000-9fc54000 r--s 00006000 08:04 5381160    /home/guilherme/.m2/repository/org/codehaus/plexus/plexus-io/1.0-alpha-2/plexus-io-1.0-alpha-2.jar
9fc54000-9fc56000 r--s 00004000 08:04 4729740    /home/guilherme/.m2/repository/org/codehaus/plexus/plexus-active-collections/1.0-beta-2/plexus-active-collections-1.0-beta-2.jar
9fc56000-9fc58000 r--s 00009000 08:04 5381154    /home/guilherme/.m2/repository/org/apache/maven/wagon/wagon-provider-api/1.0-alpha-6/wagon-provider-api-1.0-alpha-6.jar
9fc58000-9fc59000 r--s 00004000 08:04 4729737    /home/guilherme/.m2/repository/org/apache/maven/maven-repository-metadata/2.0.2/maven-repository-metadata-2.0.2.jar
9fc59000-9fc5c000 r--s 0000a000 08:04 5381157    /home/guilherme/.m2/repository/org/apache/maven/maven-artifact-manager/2.0.2/maven-artifact-manager-2.0.2.jar
9fc5c000-9fc5e000 r--s 00008000 08:04 5250126    /home/guilherme/.m2/repository/org/apache/maven/shared/maven-shared-io/1.1/maven-shared-io-1.1.jar
9fc5e000-9fc60000 r--s 00006000 08:04 4993795    /home/guilherme/.m2/repository/org/apache/maven/shared/file-management/1.1/file-management-1.1.jar
9fc60000-9fc64000 r--s 00027000 08:04 4472124    /home/guilherme/.m2/repository/org/codehaus/plexus/plexus-archiver/1.0-alpha-10/plexus-archiver-1.0-alpha-10.jar
9fc64000-9fc69000 r--s 00018000 08:04 4339220    /home/guilherme/.m2/repository/aspectj/aspectjrt/1.5.3/aspectjrt-1.5.3.jar
9fc69000-9fc6d000 r--s 0002b000 08:04 4338688    /home/guilherme/.m2/repository/org/apache/maven/plugins/maven-assembly-plugin/2.2-beta-2/maven-assembly-plugin-2.2-beta-2.jar
9fc6d000-9fc6f000 r--s 0000a000 08:04 5642959    /home/guilherme/.m2/repository/javax/ws/rs/jsr311-api/1.1.1/jsr311-api-1.1.1.jar
9fc6f000-9fc73000 r--s 0002a000 08:04 4339230    /home/guilherme/.m2/repository/commons-io/commons-io/2.4/commons-io-2.4.jar
9fc73000-9fc77000 r--s 0002f000 08:04 5778338    /home/guilherme/.m2/repository/com/fasterxml/jackson/core/jackson-core/2.1.3/jackson-core-2.1.3.jar
9fc77000-9fc79000 r--s 00007000 08:04 5778333    /home/guilherme/.m2/repository/com/fasterxml/jackson/core/jackson-annotations/2.1.2/jackson-annotations-2.1.2.jar
9fc79000-9fc89000 r--s 000d2000 08:04 5769112    /home/guilherme/.m2/repository/com/fasterxml/jackson/core/jackson-databind/2.1.3/jackson-databind-2.1.3.jar
9fc89000-9fc8c000 r--s 00018000 08:04 4207654    /home/guilherme/.m2/repository/org/mongojack/mongojack/2.0.0-RC5/mongojack-2.0.0-RC5.jar
9fc8c000-9fc8e000 r--s 0000a000 08:04 4196690    /home/guilherme/.m2/repository/org/json/json/20090211/json-20090211.jar
9fc8e000-9fc91000 r--s 0000b000 08:04 4196718    /home/guilherme/.m2/repository/javax/persistence/persistence-api/1.0.2/persistence-api-1.0.2.jar
9fc91000-9fc93000 r--s 0000c000 08:04 4196713    /home/guilherme/.m2/repository/de/undercouch/bson4jackson/1.3.0/bson4jackson-1.3.0.jar
9fc93000-9fc98000 r--s 00043000 08:04 4196674    /home/guilherme/.m2/repository/org/mongodb/mongo-java-driver/2.7.2/mongo-java-driver-2.7.2.jar
9fc98000-9fc9b000 r--s 00014000 08:04 4196701    /home/guilherme/.m2/repository/net/vz/mongodb/jackson/mongo-jackson-mapper/1.4.1/mongo-jackson-mapper-1.4.1.jar
9fc9b000-9fc9c000 r--s 00006000 08:04 4196782    /home/guilherme/.m2/repository/org/codehaus/jackson/jackson-xc/1.9.2/jackson-xc-1.9.2.jar
9fc9c000-9fcaa000 r--s 000ad000 08:04 4196762    /home/guilherme/.m2/repository/org/codehaus/jackson/jackson-mapper-asl/1.9.2/jackson-mapper-asl-1.9.2.jar
9fcaa000-9fcae000 r--s 00034000 08:04 4196724    /home/guilherme/.m2/repository/org/codehaus/jackson/jackson-core-asl/1.9.2/jackson-core-asl-1.9.2.jar
9fcae000-9fcb0000 r--s 00004000 08:04 4196725    /home/guilherme/.m2/repository/javax/xml/stream/stax-api/1.0-2/stax-api-1.0-2.jar
9fcb0000-9fcb3000 r--s 00017000 08:04 4196709    /home/guilherme/.m2/repository/javax/xml/bind/jaxb-api/2.2.2/jaxb-api-2.2.2.jar
9fcb3000-9fcc6000 r--s 000c7000 08:04 4196686    /home/guilherme/.m2/repository/com/sun/xml/bind/jaxb-impl/2.2.3-1/jaxb-impl-2.2.3-1.jar
9fcc6000-9fcc8000 r--s 0000f000 08:04 4196720    /home/guilherme/.m2/repository/org/codehaus/jettison/jettison/1.1/jettison-1.1.jar
9fcc8000-9fccc000 r--s 00020000 08:04 4196675    /home/guilherme/.m2/repository/org/glassfish/jersey/media/jersey-media-json/2.0-m02/jersey-media-json-2.0-m02.jar
9fccc000-9fccf000 r--s 00012000 08:04 4196681    /home/guilherme/.m2/repository/javax/ws/rs/javax.ws.rs-api/2.0-m03/javax.ws.rs-api-2.0-m03.jar
9fccf000-9fcd8000 r--s 00042000 08:04 4196752    /home/guilherme/.m2/repository/org/glassfish/jersey/core/jersey-server/2.0-m02/jersey-server-2.0-m02.jar
9fcd8000-9fcdd000 r--s 00047000 08:04 4196757    /home/guilherme/.m2/repository/org/glassfish/hk2/external/asm-all-repackaged/1.6.32/asm-all-repackaged-1.6.32.jar
9fcdd000-9fcfd000 r--s 00173000 08:04 4196682    /home/guilherme/.m2/repository/com/google/guava/guava/11.0.1/guava-11.0.1.jar
9fcfd000-9fd0b000 r--s 000a6000 08:04 4196758    /home/guilherme/.m2/repository/org/glassfish/grizzly/grizzly-framework/2.2.4/grizzly-framework-2.2.4.jar
9fd0b000-9fd0c000 ---p 00000000 00:00 0 
9fd0c000-9fd8c000 rw-p 00000000 00:00 0          [stack:8729]
9fd8c000-9fd8f000 ---p 00000000 00:00 0 
9fd8f000-9fddd000 rw-p 00000000 00:00 0          [stack:8728]
9fddd000-9fde0000 ---p 00000000 00:00 0 
9fde0000-9fe5e000 rw-p 00000000 00:00 0          [stack:8727]
9fe5e000-9fe61000 ---p 00000000 00:00 0 
9fe61000-9feaf000 rw-p 00000000 00:00 0          [stack:8725]
9feaf000-9feb2000 ---p 00000000 00:00 0 
9feb2000-9ff00000 rw-p 00000000 00:00 0          [stack:8724]
9ff00000-9ffa8000 rw-p 00000000 00:00 0 
9ffa8000-a0000000 ---p 00000000 00:00 0 
a0000000-a0007000 r--s 0004a000 08:04 4196753    /home/guilherme/.m2/repository/org/glassfish/hk2/auto-depends/1.6.32/auto-depends-1.6.32.jar
a0007000-a000d000 r--s 00059000 08:04 4196731    /home/guilherme/.m2/repository/javax/mail/mail/1.4/mail-1.4.jar
a000d000-a0010000 ---p 00000000 00:00 0 
a0010000-a005e000 rw-p 00000000 00:00 0          [stack:8723]
a005e000-a0061000 ---p 00000000 00:00 0 
a0061000-a00af000 rw-p 00000000 00:00 0          [stack:8720]
a00af000-a00b2000 ---p 00000000 00:00 0 
a00b2000-a0100000 rw-p 00000000 00:00 0          [stack:8719]
a0100000-a0121000 rw-p 00000000 00:00 0 
a0121000-a0200000 ---p 00000000 00:00 0 
a0200000-a0201000 r--s 00004000 08:04 4196773    /home/guilherme/.m2/repository/org/codehaus/jackson/jackson-jaxrs/1.9.2/jackson-jaxrs-1.9.2.jar
a0201000-a0203000 r--s 00003000 08:04 4196733    /home/guilherme/.m2/repository/org/jvnet/tiger-types/1.4/tiger-types-1.4.jar
a0203000-a0206000 ---p 00000000 00:00 0 
a0206000-a0254000 rw-p 00000000 00:00 0          [stack:8718]
a0254000-a0255000 ---p 00000000 00:00 0 
a0255000-a0320000 rw-p 00000000 00:00 0          [stack:8717]
a0320000-a04dd000 r--s 039d3000 08:04 1717013    /usr/local/java/jdk1.7.0_40/jre/lib/rt.jar
a04dd000-a053f000 rw-p 00000000 00:00 0 
a053f000-a0559000 rw-p 00000000 00:00 0 
a0559000-a055f000 rw-p 00000000 00:00 0 
a055f000-a05af000 rw-p 00000000 00:00 0 
a05af000-a05b2000 rw-p 00000000 00:00 0 
a05b2000-a05d9000 rw-p 00000000 00:00 0 
a05d9000-a05df000 rw-p 00000000 00:00 0 
a05df000-a062f000 rw-p 00000000 00:00 0 
a062f000-a0635000 rw-p 00000000 00:00 0 
a0635000-a064f000 rw-p 00000000 00:00 0 
a064f000-a0ba0000 rw-p 00000000 00:00 0 
a0ba0000-a5ba0000 rw-p 00000000 00:00 0 
a5ba0000-a6650000 rw-p 00000000 00:00 0 
a6650000-b0650000 rw-p 00000000 00:00 0 
b0650000-b1250000 rw-p 00000000 00:00 0 
b1250000-b4650000 rw-p 00000000 00:00 0 
b4650000-b465b000 r--s 0006c000 08:04 4196687    /home/guilherme/.m2/repository/org/glassfish/jersey/core/jersey-common/2.0-m02/jersey-common-2.0-m02.jar
b465b000-b465e000 rw-p 00000000 00:00 0 
b465e000-b46db000 rw-p 00000000 00:00 0 
b46db000-b479b000 rwxp 00000000 00:00 0 
b479b000-b66db000 rw-p 00000000 00:00 0 
b66db000-b66f2000 r-xp 00000000 08:04 1717575    /usr/local/java/jdk1.7.0_40/jre/lib/i386/libzip.so
b66f2000-b66f3000 rw-p 00017000 08:04 1717575    /usr/local/java/jdk1.7.0_40/jre/lib/i386/libzip.so
b66f3000-b66fe000 r-xp 00000000 08:04 2491278    /lib/i386-linux-gnu/libnss_files-2.17.so
b66fe000-b66ff000 r--p 0000a000 08:04 2491278    /lib/i386-linux-gnu/libnss_files-2.17.so
b66ff000-b6700000 rw-p 0000b000 08:04 2491278    /lib/i386-linux-gnu/libnss_files-2.17.so
b6700000-b6900000 r--p 00000000 08:04 1449933    /usr/lib/locale/locale-archive
b6900000-b6a00000 rw-p 00000000 00:00 0 
b6a00000-b6a01000 r--s 00001000 08:04 4196691    /home/guilherme/.m2/repository/org/glassfish/hk2/external/javax.inject/1.6.32/javax.inject-1.6.32.jar
b6a01000-b6a02000 r--s 00004000 08:04 4196756    /home/guilherme/.m2/repository/org/glassfish/hk2/osgi-resource-locator/1.0.1/osgi-resource-locator-1.0.1.jar
b6a02000-b6a05000 r--s 00006000 08:04 4196737    /home/guilherme/.m2/repository/com/google/code/findbugs/jsr305/1.3.9/jsr305-1.3.9.jar
b6a05000-b6a0f000 r-xp 00000000 08:04 2491282    /lib/i386-linux-gnu/libnss_nis-2.17.so
b6a0f000-b6a10000 r--p 00009000 08:04 2491282    /lib/i386-linux-gnu/libnss_nis-2.17.so
b6a10000-b6a11000 rw-p 0000a000 08:04 2491282    /lib/i386-linux-gnu/libnss_nis-2.17.so
b6a11000-b6a26000 r-xp 00000000 08:04 2491272    /lib/i386-linux-gnu/libnsl-2.17.so
b6a26000-b6a27000 r--p 00014000 08:04 2491272    /lib/i386-linux-gnu/libnsl-2.17.so
b6a27000-b6a28000 rw-p 00015000 08:04 2491272    /lib/i386-linux-gnu/libnsl-2.17.so
b6a28000-b6a2a000 rw-p 00000000 00:00 0 
b6a2a000-b6a31000 r-xp 00000000 08:04 2491274    /lib/i386-linux-gnu/libnss_compat-2.17.so
b6a31000-b6a32000 r--p 00006000 08:04 2491274    /lib/i386-linux-gnu/libnss_compat-2.17.so
b6a32000-b6a33000 rw-p 00007000 08:04 2491274    /lib/i386-linux-gnu/libnss_compat-2.17.so
b6a33000-b6a35000 r--s 00006000 08:04 4196679    /home/guilherme/.m2/repository/org/glassfish/hk2/hk2-api/1.6.32/hk2-api-1.6.32.jar
b6a35000-b6a37000 r--s 0000e000 08:04 4196702    /home/guilherme/.m2/repository/javax/activation/activation/1.1/activation-1.1.jar
b6a37000-b6a39000 r--s 00002000 08:04 4196697    /home/guilherme/.m2/repository/org/glassfish/jersey/containers/jersey-container-grizzly2-http/2.0-m02/jersey-container-grizzly2-http-2.0-m02.jar
b6a39000-b6a3b000 r--s 00009000 08:04 4196698    /home/guilherme/.m2/repository/org/glassfish/external/management-api/3.0.0-b012/management-api-3.0.0-b012.jar
b6a3b000-b6a40000 r--s 0003b000 08:04 4196742    /home/guilherme/.m2/repository/org/glassfish/grizzly/grizzly-http/2.2.4/grizzly-http-2.2.4.jar
b6a40000-b6a44000 r--s 00030000 08:04 4196693    /home/guilherme/.m2/repository/org/glassfish/grizzly/grizzly-http-server/2.2.4/grizzly-http-server-2.2.4.jar
b6a44000-b6a4c000 rw-s 00000000 08:04 5778667    /tmp/hsperfdata_guilherme/8712
b6a4c000-b6a83000 r-xp 00000000 08:04 1717550    /usr/local/java/jdk1.7.0_40/jre/lib/i386/libjdwp.so
b6a83000-b6a84000 rw-p 00037000 08:04 1717550    /usr/local/java/jdk1.7.0_40/jre/lib/i386/libjdwp.so
b6a84000-b6aa7000 r-xp 00000000 08:04 1717538    /usr/local/java/jdk1.7.0_40/jre/lib/i386/libjava.so
b6aa7000-b6aa8000 rw-p 00022000 08:04 1717538    /usr/local/java/jdk1.7.0_40/jre/lib/i386/libjava.so
b6aa8000-b6aaf000 r-xp 00000000 08:04 2491325    /lib/i386-linux-gnu/librt-2.17.so
b6aaf000-b6ab0000 r--p 00006000 08:04 2491325    /lib/i386-linux-gnu/librt-2.17.so
b6ab0000-b6ab1000 rw-p 00007000 08:04 2491325    /lib/i386-linux-gnu/librt-2.17.so
b6ab1000-b6ab4000 ---p 00000000 00:00 0 
b6ab4000-b6b02000 rw-p 00000000 00:00 0          [stack:8715]
b6b02000-b6b43000 r-xp 00000000 08:04 2491253    /lib/i386-linux-gnu/libm-2.17.so
b6b43000-b6b44000 r--p 00040000 08:04 2491253    /lib/i386-linux-gnu/libm-2.17.so
b6b44000-b6b45000 rw-p 00041000 08:04 2491253    /lib/i386-linux-gnu/libm-2.17.so
b6b45000-b70cb000 r-xp 00000000 08:04 1717533    /usr/local/java/jdk1.7.0_40/jre/lib/i386/client/libjvm.so
b70cb000-b70ec000 rw-p 00586000 08:04 1717533    /usr/local/java/jdk1.7.0_40/jre/lib/i386/client/libjvm.so
b70ec000-b750d000 rw-p 00000000 00:00 0 
b750d000-b76ba000 r-xp 00000000 08:04 2491205    /lib/i386-linux-gnu/libc-2.17.so
b76ba000-b76bc000 r--p 001ad000 08:04 2491205    /lib/i386-linux-gnu/libc-2.17.so
b76bc000-b76bd000 rw-p 001af000 08:04 2491205    /lib/i386-linux-gnu/libc-2.17.so
b76bd000-b76c0000 rw-p 00000000 00:00 0 
b76c0000-b76c3000 r-xp 00000000 08:04 2491220    /lib/i386-linux-gnu/libdl-2.17.so
b76c3000-b76c4000 r--p 00002000 08:04 2491220    /lib/i386-linux-gnu/libdl-2.17.so
b76c4000-b76c5000 rw-p 00003000 08:04 2491220    /lib/i386-linux-gnu/libdl-2.17.so
b76c5000-b76d8000 r-xp 00000000 08:04 1717542    /usr/local/java/jdk1.7.0_40/jre/lib/i386/jli/libjli.so
b76d8000-b76d9000 rw-p 00012000 08:04 1717542    /usr/local/java/jdk1.7.0_40/jre/lib/i386/jli/libjli.so
b76d9000-b76da000 rw-p 00000000 00:00 0 
b76da000-b76f1000 r-xp 00000000 08:04 2491317    /lib/i386-linux-gnu/libpthread-2.17.so
b76f1000-b76f2000 r--p 00016000 08:04 2491317    /lib/i386-linux-gnu/libpthread-2.17.so
b76f2000-b76f3000 rw-p 00017000 08:04 2491317    /lib/i386-linux-gnu/libpthread-2.17.so
b76f3000-b76f5000 rw-p 00000000 00:00 0 
b76f5000-b76f6000 r--s 00001000 08:04 4196767    /home/guilherme/.m2/repository/org/glassfish/grizzly/grizzly-rcm/2.2.4/grizzly-rcm-2.2.4.jar
b76f6000-b76f8000 r--s 00004000 08:04 4196729    /home/guilherme/.m2/repository/org/glassfish/gmbal/gmbal-api-only/3.0.0-b023/gmbal-api-only-3.0.0-b023.jar
b76f8000-b76fb000 r-xp 00000000 08:04 1717557    /usr/local/java/jdk1.7.0_40/jre/lib/i386/libdt_socket.so
b76fb000-b76fc000 rw-p 00003000 08:04 1717557    /usr/local/java/jdk1.7.0_40/jre/lib/i386/libdt_socket.so
b76fc000-b76fd000 r--p 005e0000 08:04 1449933    /usr/lib/locale/locale-archive
b76fd000-b76ff000 r-xp 00000000 08:04 1717569    /usr/local/java/jdk1.7.0_40/jre/lib/i386/libnpt.so
b76ff000-b7700000 rw-p 00002000 08:04 1717569    /usr/local/java/jdk1.7.0_40/jre/lib/i386/libnpt.so
b7700000-b7701000 rw-p 00000000 00:00 0 
b7701000-b7702000 r--p 00000000 00:00 0 
b7702000-b770d000 r-xp 00000000 08:04 1717520    /usr/local/java/jdk1.7.0_40/jre/lib/i386/libverify.so
b770d000-b770e000 rw-p 0000b000 08:04 1717520    /usr/local/java/jdk1.7.0_40/jre/lib/i386/libverify.so
b770e000-b7710000 rw-p 00000000 00:00 0 
b7710000-b7711000 r-xp 00000000 00:00 0          [vdso]
b7711000-b7731000 r-xp 00000000 08:04 2491181    /lib/i386-linux-gnu/ld-2.17.so
b7731000-b7732000 r--p 0001f000 08:04 2491181    /lib/i386-linux-gnu/ld-2.17.so
b7732000-b7733000 rw-p 00020000 08:04 2491181    /lib/i386-linux-gnu/ld-2.17.so
bfe9f000-bfec2000 rw-p 00000000 00:00 0          [stack]

VM Arguments:
jvm_args: -Xdebug -Xrunjdwp:transport=dt_socket,server=n,address=47193 
java_command: com.mycompany.sdb1web.Server
Launcher Type: SUN_STANDARD

Environment Variables:
JAVA_HOME=/usr/local/java/jdk1.7.0_40
JRE_HOME=/usr/local/java/jre1.7.0_40
PATH=/usr/lib/lightdm/lightdm:/usr/local/sbin:/usr/local/bin:/usr/sbin:/usr/bin:/sbin:/bin:/usr/games:/usr/local/games:/home/guilherme/bin:/usr/local/java/jdk1.7.0_40/bin:/home/guilherme/bin:/usr/local/java/jre1.7.0_40/bin
LD_LIBRARY_PATH=/usr/lib/jvm/java-7-oracle/jre/lib/amd64:/usr/lib/jvm/java-7-oracle/jre/lib/i386:
SHELL=/bin/bash
DISPLAY=:0

Signal Handlers:
SIGSEGV: [libjvm.so+0x503d90], sa_mask[0]=0x7ffbfeff, sa_flags=0x10000004
SIGBUS: [libjvm.so+0x503d90], sa_mask[0]=0x7ffbfeff, sa_flags=0x10000004
SIGFPE: [libjvm.so+0x3fbe80], sa_mask[0]=0x7ffbfeff, sa_flags=0x10000004
SIGPIPE: [libjvm.so+0x3fbe80], sa_mask[0]=0x7ffbfeff, sa_flags=0x10000004
SIGXFSZ: [libjvm.so+0x3fbe80], sa_mask[0]=0x7ffbfeff, sa_flags=0x10000004
SIGILL: [libjvm.so+0x3fbe80], sa_mask[0]=0x7ffbfeff, sa_flags=0x10000004
SIGUSR1: SIG_DFL, sa_mask[0]=0x00000000, sa_flags=0x00000000
SIGUSR2: [libjvm.so+0x3fd370], sa_mask[0]=0x00000004, sa_flags=0x10000004
SIGHUP: [libjvm.so+0x3fe4c0], sa_mask[0]=0x7ffbfeff, sa_flags=0x10000004
SIGINT: SIG_IGN, sa_mask[0]=0x00000000, sa_flags=0x00000000
SIGTERM: [libjvm.so+0x3fe4c0], sa_mask[0]=0x7ffbfeff, sa_flags=0x10000004
SIGQUIT: [libjvm.so+0x3fe4c0], sa_mask[0]=0x7ffbfeff, sa_flags=0x10000004


---------------  S Y S T E M  ---------------

OS:wheezy/sid

uname:Linux 3.8.0-31-generic #46-Ubuntu SMP Tue Sep 10 19:56:49 UTC 2013 i686
libc:glibc 2.17 NPTL 2.17 
rlimit: STACK 8192k, CORE 0k, NPROC 24106, NOFILE 4096, AS infinity
load average:1,08 1,01 0,80

/proc/meminfo:
MemTotal:        3102120 kB
MemFree:          814848 kB
Buffers:           66700 kB
Cached:           333328 kB
SwapCached:           28 kB
Active:          1378536 kB
Inactive:         820256 kB
Active(anon):    1239080 kB
Inactive(anon):   592380 kB
Active(file):     139456 kB
Inactive(file):   227876 kB
Unevictable:          48 kB
Mlocked:              48 kB
HighTotal:       2231176 kB
HighFree:         436832 kB
LowTotal:         870944 kB
LowFree:          378016 kB
SwapTotal:       1999868 kB
SwapFree:        1998920 kB
Dirty:               512 kB
Writeback:             0 kB
AnonPages:       1798888 kB
Mapped:           133156 kB
Shmem:             32696 kB
Slab:              38320 kB
SReclaimable:      18372 kB
SUnreclaim:        19948 kB
KernelStack:        4392 kB
PageTables:        13592 kB
NFS_Unstable:          0 kB
Bounce:                0 kB
WritebackTmp:          0 kB
CommitLimit:     3550928 kB
Committed_AS:    5341640 kB
VmallocTotal:     122880 kB
VmallocUsed:       46444 kB
VmallocChunk:      67060 kB
HardwareCorrupted:     0 kB
AnonHugePages:         0 kB
HugePages_Total:       0
HugePages_Free:        0
HugePages_Rsvd:        0
HugePages_Surp:        0
Hugepagesize:       2048 kB
DirectMap4k:       45048 kB
DirectMap2M:      868352 kB


CPU:total 2 (2 cores per cpu, 1 threads per core) family 15 model 6 stepping 5, cmov, cx8, fxsr, mmx, sse, sse2, sse3, tsc

/proc/cpuinfo:
processor	: 0
vendor_id	: GenuineIntel
cpu family	: 15
model		: 6
model name	: Intel(R) Pentium(R) D CPU 3.20GHz
stepping	: 5
microcode	: 0xb
cpu MHz		: 3200.000
cache size	: 2048 KB
physical id	: 0
siblings	: 2
core id		: 0
cpu cores	: 2
apicid		: 0
initial apicid	: 0
fdiv_bug	: no
hlt_bug		: no
f00f_bug	: no
coma_bug	: no
fpu		: yes
fpu_exception	: yes
cpuid level	: 6
wp		: yes
flags		: fpu vme de pse tsc msr pae mce cx8 apic sep mtrr pge mca cmov pat pse36 clflush dts acpi mmx fxsr sse sse2 ss ht tm pbe nx lm constant_tsc pebs bts pni dtes64 monitor ds_cpl est cid cx16 xtpr pdcm lahf_lm
bogomips	: 6399.16
clflush size	: 64
cache_alignment	: 128
address sizes	: 36 bits physical, 48 bits virtual
power management:

processor	: 1
vendor_id	: GenuineIntel
cpu family	: 15
model		: 6
model name	: Intel(R) Pentium(R) D CPU 3.20GHz
stepping	: 5
microcode	: 0xb
cpu MHz		: 3200.000
cache size	: 2048 KB
physical id	: 0
siblings	: 2
core id		: 1
cpu cores	: 2
apicid		: 1
initial apicid	: 1
fdiv_bug	: no
hlt_bug		: no
f00f_bug	: no
coma_bug	: no
fpu		: yes
fpu_exception	: yes
cpuid level	: 6
wp		: yes
flags		: fpu vme de pse tsc msr pae mce cx8 apic sep mtrr pge mca cmov pat pse36 clflush dts acpi mmx fxsr sse sse2 ss ht tm pbe nx lm constant_tsc pebs bts pni dtes64 monitor ds_cpl est cid cx16 xtpr pdcm lahf_lm
bogomips	: 6399.16
clflush size	: 64
cache_alignment	: 128
address sizes	: 36 bits physical, 48 bits virtual
power management:



Memory: 4k page, physical 3102120k(814848k free), swap 1999868k(1998920k free)

vm_info: Java HotSpot(TM) Client VM (24.0-b56) for linux-x86 JRE (1.7.0_40-b43), built on Aug 26 2013 22:05:59 by "java_re" with gcc 4.3.0 20080428 (Red Hat 4.3.0-8)

time: Mon Sep 30 02:22:22 2013
elapsed time: 0 seconds

