#
# A fatal error has been detected by the Java Runtime Environment:
#
#  SIGILL (0x4) at pc=0xb6de5e10, pid=12290, tid=3065649984
#
# JRE version: Java(TM) SE Runtime Environment (7.0_40-b43) (build 1.7.0_40-b43)
# Java VM: Java HotSpot(TM) Client VM (24.0-b56 mixed mode linux-x86 )
# Problematic frame:
# V  [libjvm.so+0x200e10]  Events::log_exception(Thread*, char const*, ...)+0x20
#
# Failed to write core dump. Core dumps have been disabled. To enable core dumping, try "ulimit -c unlimited" before starting Java again
#
# If you would like to submit a bug report, please visit:
#   http://bugreport.sun.com/bugreport/crash.jsp
#

---------------  T H R E A D  ---------------

Current thread (0xb6a0c000):  JavaThread "main" [_thread_in_vm, id=12291, stack(0xb6b51000,0xb6ba2000)]

siginfo:si_signo=SIGILL: si_errno=0, si_code=2 (ILL_ILLOPN), si_addr=0xb6de5e10

Registers:
EAX=0x00000000, EBX=0xb7179868, ECX=0xb6a076f8, EDX=0x00000000
ESP=0xb6b9f210, EBP=0xb6b9f238, ESI=0xb6a076f8, EDI=0xb6a07890
EIP=0xb6de5e10, EFLAGS=0x00010282, CR2=0xb7795100

Top of Stack: (sp=0xb6b9f210)
0xb6b9f210:   b6a0c000 00000000 3a2df937 3ffbaa59
0xb6b9f220:   a07d0f58 b6a076f8 b713d474 b7179868
0xb6b9f230:   00000000 b095b600 b6b9f538 b6f0f80b
0xb6b9f240:   b6a0c000 b712a507 a0b171b8 b713d474
0xb6b9f250:   000004dc b6b9f47c b6a0c980 b6a0c980
0xb6b9f260:   b6b9f2f0 b6b9f288 b6a0c000 b6a0c974
0xb6b9f270:   b6b9f2f0 00000001 b6a0c978 b6f96a5e
0xb6b9f280:   b7179868 07000000 b6b9f598 b49d139a 

Instructions: (pc=0xb6de5e10)
0xb6de5df0:   55 89 e5 57 56 53 83 ec 1c e8 00 00 00 00 5b 81
0xb6de5e00:   c3 6a 3a 39 00 8b 83 10 f2 ff ff 80 38 00 75 08
0xb6de5e10:   8d 65 f4 5b 5e 5f 5d c3 8b 83 d4 fa ff ff 8d 7d
0xb6de5e20:   10 8b 30 8b 83 3c ea ff ff 8b 00 85 c0 75 e1 e8 

Register to memory mapping:

EAX=0x00000000 is an unknown value
EBX=0xb7179868: <offset 0x594868> in /usr/local/java/jdk1.7.0_40/jre/lib/i386/client/libjvm.so at 0xb6be5000
ECX=0xb6a076f8 is an unknown value
EDX=0x00000000 is an unknown value
ESP=0xb6b9f210 is pointing into the stack for thread: 0xb6a0c000
EBP=0xb6b9f238 is pointing into the stack for thread: 0xb6a0c000
ESI=0xb6a076f8 is an unknown value
EDI=0xb6a07890 is an unknown value


Stack: [0xb6b51000,0xb6ba2000],  sp=0xb6b9f210,  free space=312k
Native frames: (J=compiled Java code, j=interpreted, Vv=VM code, C=native code)
V  [libjvm.so+0x200e10]  Events::log_exception(Thread*, char const*, ...)+0x20
V  [libjvm.so+0x32a80b]  JVM_DoPrivileged+0x4eb
C  [libjava.so+0x9a4a]  Java_java_security_AccessController_doPrivileged__Ljava_security_PrivilegedExceptionAction_2Ljava_security_AccessControlContext_2+0x3a
j  java.security.AccessController.doPrivileged(Ljava/security/PrivilegedExceptionAction;Ljava/security/AccessControlContext;)Ljava/lang/Object;+0
j  java.net.URLClassLoader.findClass(Ljava/lang/String;)Ljava/lang/Class;+13
j  java.lang.ClassLoader.loadClass(Ljava/lang/String;Z)Ljava/lang/Class;+70
j  java.lang.ClassLoader.loadClass(Ljava/lang/String;Z)Ljava/lang/Class;+38
j  sun.misc.Launcher$AppClassLoader.loadClass(Ljava/lang/String;Z)Ljava/lang/Class;+36
j  java.lang.ClassLoader.loadClass(Ljava/lang/String;)Ljava/lang/Class;+3
v  ~StubRoutines::call_stub
V  [libjvm.so+0x2a7875]  JavaCalls::call_helper(JavaValue*, methodHandle*, JavaCallArguments*, Thread*)+0x315
V  [libjvm.so+0x3fa1e9]  os::os_exception_wrapper(void (*)(JavaValue*, methodHandle*, JavaCallArguments*, Thread*), JavaValue*, methodHandle*, JavaCallArguments*, Thread*)+0x19
V  [libjvm.so+0x2a64ef]  JavaCalls::call(JavaValue*, methodHandle, JavaCallArguments*, Thread*)+0x2f
V  [libjvm.so+0x2a672a]  JavaCalls::call_virtual(JavaValue*, KlassHandle, Symbol*, Symbol*, JavaCallArguments*, Thread*)+0x10a
V  [libjvm.so+0x2a67f5]  JavaCalls::call_virtual(JavaValue*, Handle, KlassHandle, Symbol*, Symbol*, Handle, Thread*)+0x55
V  [libjvm.so+0x49e559]  SystemDictionary::load_instance_class(Symbol*, Handle, Thread*)+0x489
V  [libjvm.so+0x49cc52]  SystemDictionary::resolve_instance_class_or_null(Symbol*, Handle, Handle, Thread*)+0x742
V  [libjvm.so+0x49d0b9]  SystemDictionary::resolve_or_null(Symbol*, Handle, Handle, Thread*)+0x49
V  [libjvm.so+0x49e5d0]  SystemDictionary::resolve_or_fail(Symbol*, Handle, Handle, bool, Thread*)+0x30
V  [libjvm.so+0x1d5cfb]  constantPoolOopDesc::klass_at_impl(constantPoolHandle, int, Thread*)+0x1cb
V  [libjvm.so+0x29fdb7]  InterpreterRuntime::_new(JavaThread*, constantPoolOopDesc*, int)+0x67
j  org.apache.http.impl.conn.DefaultResponseParser.<init>(Lorg/apache/http/io/SessionInputBuffer;Lorg/apache/http/message/LineParser;Lorg/apache/http/HttpResponseFactory;Lorg/apache/http/params/HttpParams;)V+28
j  org.apache.http.impl.conn.DefaultClientConnection.createResponseParser(Lorg/apache/http/io/SessionInputBuffer;Lorg/apache/http/HttpResponseFactory;Lorg/apache/http/params/HttpParams;)Lorg/apache/http/io/HttpMessageParser;+8
j  org.apache.http.impl.AbstractHttpClientConnection.init(Lorg/apache/http/io/SessionInputBuffer;Lorg/apache/http/io/SessionOutputBuffer;Lorg/apache/http/params/HttpParams;)V+46
j  org.apache.http.impl.SocketHttpClientConnection.bind(Ljava/net/Socket;Lorg/apache/http/params/HttpParams;)V+54
j  org.apache.http.impl.conn.DefaultClientConnection.openCompleted(ZLorg/apache/http/params/HttpParams;)V+29
j  org.apache.http.impl.conn.DefaultClientConnectionOperator.openConnection(Lorg/apache/http/conn/OperatedClientConnection;Lorg/apache/http/HttpHost;Ljava/net/InetAddress;Lorg/apache/http/protocol/HttpContext;Lorg/apache/http/params/HttpParams;)V+166
j  org.apache.http.impl.conn.AbstractPoolEntry.open(Lorg/apache/http/conn/routing/HttpRoute;Lorg/apache/http/protocol/HttpContext;Lorg/apache/http/params/HttpParams;)V+101
j  org.apache.http.impl.conn.AbstractPooledConnAdapter.open(Lorg/apache/http/conn/routing/HttpRoute;Lorg/apache/http/protocol/HttpContext;Lorg/apache/http/params/HttpParams;)V+11
j  org.apache.http.impl.client.DefaultClientRequestDirector.execute(Lorg/apache/http/HttpHost;Lorg/apache/http/HttpRequest;Lorg/apache/http/protocol/HttpContext;)Lorg/apache/http/HttpResponse;+207
j  org.apache.http.impl.client.AbstractHttpClient.execute(Lorg/apache/http/HttpHost;Lorg/apache/http/HttpRequest;Lorg/apache/http/protocol/HttpContext;)Lorg/apache/http/HttpResponse;+103
j  org.apache.http.impl.client.AbstractHttpClient.execute(Lorg/apache/http/client/methods/HttpUriRequest;Lorg/apache/http/protocol/HttpContext;)Lorg/apache/http/HttpResponse;+59
j  org.apache.http.impl.client.AbstractHttpClient.execute(Lorg/apache/http/client/methods/HttpUriRequest;)Lorg/apache/http/HttpResponse;+3
j  com.mycompany.resource.ProdutoResourceNGTest.testCreate()V+102
v  ~StubRoutines::call_stub
V  [libjvm.so+0x2a7875]  JavaCalls::call_helper(JavaValue*, methodHandle*, JavaCallArguments*, Thread*)+0x315
V  [libjvm.so+0x3fa1e9]  os::os_exception_wrapper(void (*)(JavaValue*, methodHandle*, JavaCallArguments*, Thread*), JavaValue*, methodHandle*, JavaCallArguments*, Thread*)+0x19
V  [libjvm.so+0x2a64ef]  JavaCalls::call(JavaValue*, methodHandle, JavaCallArguments*, Thread*)+0x2f
V  [libjvm.so+0x43f97e]  Reflection::invoke(instanceKlassHandle, methodHandle, Handle, bool, objArrayHandle, BasicType, objArrayHandle, bool, Thread*)+0x3fe
V  [libjvm.so+0x44043a]  Reflection::invoke_method(oopDesc*, Handle, objArrayHandle, Thread*)+0x15a
V  [libjvm.so+0x328c19]  JVM_InvokeMethod+0x209
C  [libjava.so+0x15232]  Java_sun_reflect_NativeMethodAccessorImpl_invoke0+0x32
j  sun.reflect.NativeMethodAccessorImpl.invoke0(Ljava/lang/reflect/Method;Ljava/lang/Object;[Ljava/lang/Object;)Ljava/lang/Object;+0
j  sun.reflect.NativeMethodAccessorImpl.invoke(Ljava/lang/Object;[Ljava/lang/Object;)Ljava/lang/Object;+87
j  sun.reflect.DelegatingMethodAccessorImpl.invoke(Ljava/lang/Object;[Ljava/lang/Object;)Ljava/lang/Object;+6
j  java.lang.reflect.Method.invoke(Ljava/lang/Object;[Ljava/lang/Object;)Ljava/lang/Object;+57
j  org.testng.internal.MethodInvocationHelper.invokeMethod(Ljava/lang/reflect/Method;Ljava/lang/Object;[Ljava/lang/Object;)Ljava/lang/Object;+242
j  org.testng.internal.Invoker.invokeMethod([Ljava/lang/Object;ILorg/testng/ITestNGMethod;[Ljava/lang/Object;ILorg/testng/xml/XmlSuite;Ljava/util/Map;Lorg/testng/ITestClass;[Lorg/testng/ITestNGMethod;[Lorg/testng/ITestNGMethod;Lorg/testng/internal/ConfigurationGroupMethods;)Lorg/testng/ITestResult;+286
j  org.testng.internal.Invoker.invokeTestMethod([Ljava/lang/Object;Lorg/testng/ITestNGMethod;[Ljava/lang/Object;ILorg/testng/xml/XmlSuite;Ljava/util/Map;Lorg/testng/ITestClass;[Lorg/testng/ITestNGMethod;[Lorg/testng/ITestNGMethod;Lorg/testng/internal/ConfigurationGroupMethods;)Ljava/util/List;+46
j  org.testng.internal.Invoker.invokeTestMethods(Lorg/testng/ITestNGMethod;[Lorg/testng/ITestNGMethod;ILorg/testng/xml/XmlSuite;Ljava/util/Map;Lorg/testng/internal/ConfigurationGroupMethods;[Ljava/lang/Object;Lorg/testng/ITestContext;)Ljava/util/List;+697
j  org.testng.internal.TestMethodWorker.invokeTestMethods(Lorg/testng/ITestNGMethod;[Ljava/lang/Object;Lorg/testng/ITestContext;)V+32
j  org.testng.internal.TestMethodWorker.run()V+60
j  org.testng.TestRunner.runWorkers(Ljava/util/List;Ljava/lang/String;Lorg/testng/internal/MapList;)V+143
j  org.testng.TestRunner.privateRun(Lorg/testng/xml/XmlTest;)V+243
j  org.testng.TestRunner.run()V+26
j  org.testng.SuiteRunner.runTest(Lorg/testng/TestRunner;)V+1
j  org.testng.SuiteRunner.runSequentially()V+31
j  org.testng.SuiteRunner.privateRun()V+281
j  org.testng.SuiteRunner.run()V+6
j  org.testng.SuiteRunnerWorker.runSuite(Ljava/util/Map;Lorg/testng/xml/XmlSuite;)V+98
j  org.testng.SuiteRunnerWorker.run()V+12
j  org.testng.TestNG.runSuitesSequentially(Lorg/testng/xml/XmlSuite;Ljava/util/Map;ILjava/lang/String;)V+71
j  org.testng.TestNG.runSuitesLocally()Ljava/util/List;+113
j  org.testng.TestNG.run()V+77
j  org.testng.remote.RemoteTestNG.run()V+209
j  org.testng.remote.RemoteTestNG.initAndRun([Ljava/lang/String;Lorg/testng/CommandLineArgs;Lorg/testng/remote/RemoteArgs;)V+184
j  org.testng.remote.RemoteTestNG.main([Ljava/lang/String;)V+99
j  org.testng.RemoteTestNGStarter.main([Ljava/lang/String;)V+441
v  ~StubRoutines::call_stub
V  [libjvm.so+0x2a7875]  JavaCalls::call_helper(JavaValue*, methodHandle*, JavaCallArguments*, Thread*)+0x315
V  [libjvm.so+0x3fa1e9]  os::os_exception_wrapper(void (*)(JavaValue*, methodHandle*, JavaCallArguments*, Thread*), JavaValue*, methodHandle*, JavaCallArguments*, Thread*)+0x19
V  [libjvm.so+0x2a64ef]  JavaCalls::call(JavaValue*, methodHandle, JavaCallArguments*, Thread*)+0x2f
V  [libjvm.so+0x43f97e]  Reflection::invoke(instanceKlassHandle, methodHandle, Handle, bool, objArrayHandle, BasicType, objArrayHandle, bool, Thread*)+0x3fe
V  [libjvm.so+0x44043a]  Reflection::invoke_method(oopDesc*, Handle, objArrayHandle, Thread*)+0x15a
V  [libjvm.so+0x328c19]  JVM_InvokeMethod+0x209
C  [libjava.so+0x15232]  Java_sun_reflect_NativeMethodAccessorImpl_invoke0+0x32
j  sun.reflect.NativeMethodAccessorImpl.invoke0(Ljava/lang/reflect/Method;Ljava/lang/Object;[Ljava/lang/Object;)Ljava/lang/Object;+0
j  sun.reflect.NativeMethodAccessorImpl.invoke(Ljava/lang/Object;[Ljava/lang/Object;)Ljava/lang/Object;+87
j  sun.reflect.DelegatingMethodAccessorImpl.invoke(Ljava/lang/Object;[Ljava/lang/Object;)Ljava/lang/Object;+6
j  java.lang.reflect.Method.invoke(Ljava/lang/Object;[Ljava/lang/Object;)Ljava/lang/Object;+57
j  com.intellij.rt.execution.application.AppMain.main([Ljava/lang/String;)V+140
v  ~StubRoutines::call_stub
V  [libjvm.so+0x2a7875]  JavaCalls::call_helper(JavaValue*, methodHandle*, JavaCallArguments*, Thread*)+0x315
V  [libjvm.so+0x3fa1e9]  os::os_exception_wrapper(void (*)(JavaValue*, methodHandle*, JavaCallArguments*, Thread*), JavaValue*, methodHandle*, JavaCallArguments*, Thread*)+0x19
V  [libjvm.so+0x2a64ef]  JavaCalls::call(JavaValue*, methodHandle, JavaCallArguments*, Thread*)+0x2f
V  [libjvm.so+0x2e28b2]  jni_invoke_static(JNIEnv_*, JavaValue*, _jobject*, JNICallType, _jmethodID*, JNI_ArgumentPusher*, Thread*)+0x242
V  [libjvm.so+0x2f8ada]  jni_CallStaticVoidMethod+0xca
C  [libjli.so+0x2e8d]  JavaMain+0x8bd
C  [libpthread.so.0+0x6d78]  start_thread+0xd8

Java frames: (J=compiled Java code, j=interpreted, Vv=VM code)
j  java.security.AccessController.doPrivileged(Ljava/security/PrivilegedExceptionAction;Ljava/security/AccessControlContext;)Ljava/lang/Object;+0
j  java.net.URLClassLoader.findClass(Ljava/lang/String;)Ljava/lang/Class;+13
j  java.lang.ClassLoader.loadClass(Ljava/lang/String;Z)Ljava/lang/Class;+70
j  java.lang.ClassLoader.loadClass(Ljava/lang/String;Z)Ljava/lang/Class;+38
j  sun.misc.Launcher$AppClassLoader.loadClass(Ljava/lang/String;Z)Ljava/lang/Class;+36
j  java.lang.ClassLoader.loadClass(Ljava/lang/String;)Ljava/lang/Class;+3
v  ~StubRoutines::call_stub
j  org.apache.http.impl.conn.DefaultResponseParser.<init>(Lorg/apache/http/io/SessionInputBuffer;Lorg/apache/http/message/LineParser;Lorg/apache/http/HttpResponseFactory;Lorg/apache/http/params/HttpParams;)V+28
j  org.apache.http.impl.conn.DefaultClientConnection.createResponseParser(Lorg/apache/http/io/SessionInputBuffer;Lorg/apache/http/HttpResponseFactory;Lorg/apache/http/params/HttpParams;)Lorg/apache/http/io/HttpMessageParser;+8
j  org.apache.http.impl.AbstractHttpClientConnection.init(Lorg/apache/http/io/SessionInputBuffer;Lorg/apache/http/io/SessionOutputBuffer;Lorg/apache/http/params/HttpParams;)V+46
j  org.apache.http.impl.SocketHttpClientConnection.bind(Ljava/net/Socket;Lorg/apache/http/params/HttpParams;)V+54
j  org.apache.http.impl.conn.DefaultClientConnection.openCompleted(ZLorg/apache/http/params/HttpParams;)V+29
j  org.apache.http.impl.conn.DefaultClientConnectionOperator.openConnection(Lorg/apache/http/conn/OperatedClientConnection;Lorg/apache/http/HttpHost;Ljava/net/InetAddress;Lorg/apache/http/protocol/HttpContext;Lorg/apache/http/params/HttpParams;)V+166
j  org.apache.http.impl.conn.AbstractPoolEntry.open(Lorg/apache/http/conn/routing/HttpRoute;Lorg/apache/http/protocol/HttpContext;Lorg/apache/http/params/HttpParams;)V+101
j  org.apache.http.impl.conn.AbstractPooledConnAdapter.open(Lorg/apache/http/conn/routing/HttpRoute;Lorg/apache/http/protocol/HttpContext;Lorg/apache/http/params/HttpParams;)V+11
j  org.apache.http.impl.client.DefaultClientRequestDirector.execute(Lorg/apache/http/HttpHost;Lorg/apache/http/HttpRequest;Lorg/apache/http/protocol/HttpContext;)Lorg/apache/http/HttpResponse;+207
j  org.apache.http.impl.client.AbstractHttpClient.execute(Lorg/apache/http/HttpHost;Lorg/apache/http/HttpRequest;Lorg/apache/http/protocol/HttpContext;)Lorg/apache/http/HttpResponse;+103
j  org.apache.http.impl.client.AbstractHttpClient.execute(Lorg/apache/http/client/methods/HttpUriRequest;Lorg/apache/http/protocol/HttpContext;)Lorg/apache/http/HttpResponse;+59
j  org.apache.http.impl.client.AbstractHttpClient.execute(Lorg/apache/http/client/methods/HttpUriRequest;)Lorg/apache/http/HttpResponse;+3
j  com.mycompany.resource.ProdutoResourceNGTest.testCreate()V+102
v  ~StubRoutines::call_stub
j  sun.reflect.NativeMethodAccessorImpl.invoke0(Ljava/lang/reflect/Method;Ljava/lang/Object;[Ljava/lang/Object;)Ljava/lang/Object;+0
j  sun.reflect.NativeMethodAccessorImpl.invoke(Ljava/lang/Object;[Ljava/lang/Object;)Ljava/lang/Object;+87
j  sun.reflect.DelegatingMethodAccessorImpl.invoke(Ljava/lang/Object;[Ljava/lang/Object;)Ljava/lang/Object;+6
j  java.lang.reflect.Method.invoke(Ljava/lang/Object;[Ljava/lang/Object;)Ljava/lang/Object;+57
j  org.testng.internal.MethodInvocationHelper.invokeMethod(Ljava/lang/reflect/Method;Ljava/lang/Object;[Ljava/lang/Object;)Ljava/lang/Object;+242
j  org.testng.internal.Invoker.invokeMethod([Ljava/lang/Object;ILorg/testng/ITestNGMethod;[Ljava/lang/Object;ILorg/testng/xml/XmlSuite;Ljava/util/Map;Lorg/testng/ITestClass;[Lorg/testng/ITestNGMethod;[Lorg/testng/ITestNGMethod;Lorg/testng/internal/ConfigurationGroupMethods;)Lorg/testng/ITestResult;+286
j  org.testng.internal.Invoker.invokeTestMethod([Ljava/lang/Object;Lorg/testng/ITestNGMethod;[Ljava/lang/Object;ILorg/testng/xml/XmlSuite;Ljava/util/Map;Lorg/testng/ITestClass;[Lorg/testng/ITestNGMethod;[Lorg/testng/ITestNGMethod;Lorg/testng/internal/ConfigurationGroupMethods;)Ljava/util/List;+46
j  org.testng.internal.Invoker.invokeTestMethods(Lorg/testng/ITestNGMethod;[Lorg/testng/ITestNGMethod;ILorg/testng/xml/XmlSuite;Ljava/util/Map;Lorg/testng/internal/ConfigurationGroupMethods;[Ljava/lang/Object;Lorg/testng/ITestContext;)Ljava/util/List;+697
j  org.testng.internal.TestMethodWorker.invokeTestMethods(Lorg/testng/ITestNGMethod;[Ljava/lang/Object;Lorg/testng/ITestContext;)V+32
j  org.testng.internal.TestMethodWorker.run()V+60
j  org.testng.TestRunner.runWorkers(Ljava/util/List;Ljava/lang/String;Lorg/testng/internal/MapList;)V+143
j  org.testng.TestRunner.privateRun(Lorg/testng/xml/XmlTest;)V+243
j  org.testng.TestRunner.run()V+26
j  org.testng.SuiteRunner.runTest(Lorg/testng/TestRunner;)V+1
j  org.testng.SuiteRunner.runSequentially()V+31
j  org.testng.SuiteRunner.privateRun()V+281
j  org.testng.SuiteRunner.run()V+6
j  org.testng.SuiteRunnerWorker.runSuite(Ljava/util/Map;Lorg/testng/xml/XmlSuite;)V+98
j  org.testng.SuiteRunnerWorker.run()V+12
j  org.testng.TestNG.runSuitesSequentially(Lorg/testng/xml/XmlSuite;Ljava/util/Map;ILjava/lang/String;)V+71
j  org.testng.TestNG.runSuitesLocally()Ljava/util/List;+113
j  org.testng.TestNG.run()V+77
j  org.testng.remote.RemoteTestNG.run()V+209
j  org.testng.remote.RemoteTestNG.initAndRun([Ljava/lang/String;Lorg/testng/CommandLineArgs;Lorg/testng/remote/RemoteArgs;)V+184
j  org.testng.remote.RemoteTestNG.main([Ljava/lang/String;)V+99
j  org.testng.RemoteTestNGStarter.main([Ljava/lang/String;)V+441
v  ~StubRoutines::call_stub
j  sun.reflect.NativeMethodAccessorImpl.invoke0(Ljava/lang/reflect/Method;Ljava/lang/Object;[Ljava/lang/Object;)Ljava/lang/Object;+0
j  sun.reflect.NativeMethodAccessorImpl.invoke(Ljava/lang/Object;[Ljava/lang/Object;)Ljava/lang/Object;+87
j  sun.reflect.DelegatingMethodAccessorImpl.invoke(Ljava/lang/Object;[Ljava/lang/Object;)Ljava/lang/Object;+6
j  java.lang.reflect.Method.invoke(Ljava/lang/Object;[Ljava/lang/Object;)Ljava/lang/Object;+57
j  com.intellij.rt.execution.application.AppMain.main([Ljava/lang/String;)V+140
v  ~StubRoutines::call_stub

---------------  P R O C E S S  ---------------

Java Threads: ( => current thread )
  0x9fa7dc00 JavaThread "ReaderThread" [_thread_in_native, id=12301, stack(0x9fb06000,0x9fb57000)]
  0x9fa57c00 JavaThread "Monitor Ctrl-Break" daemon [_thread_in_native, id=12299, stack(0x9fb6c000,0x9fbbd000)]
  0xb6a74000 JavaThread "Service Thread" daemon [_thread_blocked, id=12297, stack(0x9ff2e000,0x9ff7f000)]
  0xb6a72000 JavaThread "C1 CompilerThread0" daemon [_thread_blocked, id=12296, stack(0x9ff7f000,0xa0000000)]
  0xb6a70800 JavaThread "Signal Dispatcher" daemon [_thread_blocked, id=12295, stack(0xa030d000,0xa035e000)]
  0xb6a60400 JavaThread "Finalizer" daemon [_thread_blocked, id=12294, stack(0xa035e000,0xa03af000)]
  0xb6a5dc00 JavaThread "Reference Handler" daemon [_thread_blocked, id=12293, stack(0xa03af000,0xa0400000)]
=>0xb6a0c000 JavaThread "main" [_thread_in_vm, id=12291, stack(0xb6b51000,0xb6ba2000)]

Other Threads:
  0xb6a5c000 VMThread [stack: 0xa0544000,0xa05c5000] [id=12292]
  0xb6a76400 WatcherThread [stack: 0x9fead000,0x9ff2e000] [id=12298]

VM state:not at safepoint (normal execution)

VM Mutex/Monitor currently owned by a thread: None

Heap
 def new generation   total 4928K, used 2413K [0xa0940000, 0xa0e90000, 0xa5e90000)
  eden space 4416K,  43% used [0xa0940000, 0xa0b1b7d0, 0xa0d90000)
  from space 512K, 100% used [0xa0d90000, 0xa0e10000, 0xa0e10000)
  to   space 512K,   0% used [0xa0e10000, 0xa0e10000, 0xa0e90000)
 tenured generation   total 10944K, used 2659K [0xa5e90000, 0xa6940000, 0xb0940000)
   the space 10944K,  24% used [0xa5e90000, 0xa6128ce0, 0xa6128e00, 0xa6940000)
 compacting perm gen  total 12288K, used 5705K [0xb0940000, 0xb1540000, 0xb4940000)
   the space 12288K,  46% used [0xb0940000, 0xb0ed26b8, 0xb0ed2800, 0xb1540000)
No shared spaces configured.

Card table byte_map: [0xa089f000,0xa0940000] byte_map_base: 0xa039a600

Polling page: 0xb77a1000

Code Cache  [0xb49ce000, 0xb4ad6000, 0xb69ce000)
 total_blobs=461 nmethods=314 adapters=84 free_code_cache=31714Kb largest_free_block=32475520

Compilation events (10 events):
Event: 1,654 Thread 0xb6a72000  313             java.security.ProtectionDomain::getCodeSource (5 bytes)
Event: 1,654 Thread 0xb6a72000 nmethod 313 0xb4ad2f48 code [0xb4ad3040, 0xb4ad30c0]
Event: 1,679 Thread 0xb6a72000  314  s          java.util.Hashtable::get (70 bytes)
Event: 1,679 Thread 0xb6a72000 nmethod 314 0xb4ad3108 code [0xb4ad3250, 0xb4ad3538]
Event: 1,682 Thread 0xb6a72000  315   !         java.util.zip.InflaterInputStream::read (138 bytes)
Event: 1,684 Thread 0xb6a72000 nmethod 315 0xb4ad3708 code [0xb4ad3940, 0xb4ad41a4]
Event: 1,684 Thread 0xb6a72000  316   !         java.util.zip.Inflater::inflate (113 bytes)
Event: 1,685 Thread 0xb6a72000 nmethod 316 0xb4ad4848 code [0xb4ad49b0, 0xb4ad4d60]
Event: 1,705 Thread 0xb6a72000  318             java.io.UnixFileSystem::prefixLength (25 bytes)
Event: 1,706 Thread 0xb6a72000 nmethod 318 0xb4ad5288 code [0xb4ad53a0, 0xb4ad54fc]

GC Heap History (10 events):
Event: 0,927 GC heap before
{Heap before GC invocations=1 (full 0):
 def new generation   total 4928K, used 4928K [0xa0940000, 0xa0e90000, 0xa5e90000)
  eden space 4416K, 100% used [0xa0940000, 0xa0d90000, 0xa0d90000)
  from space 512K, 100% used [0xa0e10000, 0xa0e90000, 0xa0e90000)
  to   space 512K,   0% used [0xa0d90000, 0xa0d90000, 0xa0e10000)
 tenured generation   total 10944K, used 418K [0xa5e90000, 0xa6940000, 0xb0940000)
   the space 10944K,   3% used [0xa5e90000, 0xa5ef8b48, 0xa5ef8c00, 0xa6940000)
 compacting perm gen  total 12288K, used 3436K [0xb0940000, 0xb1540000, 0xb4940000)
   the space 12288K,  27% used [0xb0940000, 0xb0c9b3c0, 0xb0c9b400, 0xb1540000)
No shared spaces configured.
Event: 0,940 GC heap after
Heap after GC invocations=2 (full 0):
 def new generation   total 4928K, used 512K [0xa0940000, 0xa0e90000, 0xa5e90000)
  eden space 4416K,   0% used [0xa0940000, 0xa0940000, 0xa0d90000)
  from space 512K, 100% used [0xa0d90000, 0xa0e10000, 0xa0e10000)
  to   space 512K,   0% used [0xa0e10000, 0xa0e10000, 0xa0e90000)
 tenured generation   total 10944K, used 1072K [0xa5e90000, 0xa6940000, 0xb0940000)
   the space 10944K,   9% used [0xa5e90000, 0xa5f9c290, 0xa5f9c400, 0xa6940000)
 compacting perm gen  total 12288K, used 3436K [0xb0940000, 0xb1540000, 0xb4940000)
   the space 12288K,  27% used [0xb0940000, 0xb0c9b3c0, 0xb0c9b400, 0xb1540000)
No shared spaces configured.
}
Event: 1,097 GC heap before
{Heap before GC invocations=2 (full 0):
 def new generation   total 4928K, used 4928K [0xa0940000, 0xa0e90000, 0xa5e90000)
  eden space 4416K, 100% used [0xa0940000, 0xa0d90000, 0xa0d90000)
  from space 512K, 100% used [0xa0d90000, 0xa0e10000, 0xa0e10000)
  to   space 512K,   0% used [0xa0e10000, 0xa0e10000, 0xa0e90000)
 tenured generation   total 10944K, used 1072K [0xa5e90000, 0xa6940000, 0xb0940000)
   the space 10944K,   9% used [0xa5e90000, 0xa5f9c290, 0xa5f9c400, 0xa6940000)
 compacting perm gen  total 12288K, used 3742K [0xb0940000, 0xb1540000, 0xb4940000)
   the space 12288K,  30% used [0xb0940000, 0xb0ce7b70, 0xb0ce7c00, 0xb1540000)
No shared spaces configured.
Event: 1,109 GC heap after
Heap after GC invocations=3 (full 0):
 def new generation   total 4928K, used 469K [0xa0940000, 0xa0e90000, 0xa5e90000)
  eden space 4416K,   0% used [0xa0940000, 0xa0940000, 0xa0d90000)
  from space 512K,  91% used [0xa0e10000, 0xa0e85500, 0xa0e90000)
  to   space 512K,   0% used [0xa0d90000, 0xa0d90000, 0xa0e10000)
 tenured generation   total 10944K, used 1495K [0xa5e90000, 0xa6940000, 0xb0940000)
   the space 10944K,  13% used [0xa5e90000, 0xa6005c88, 0xa6005e00, 0xa6940000)
 compacting perm gen  total 12288K, used 3742K [0xb0940000, 0xb1540000, 0xb4940000)
   the space 12288K,  30% used [0xb0940000, 0xb0ce7b70, 0xb0ce7c00, 0xb1540000)
No shared spaces configured.
}
Event: 1,269 GC heap before
{Heap before GC invocations=3 (full 0):
 def new generation   total 4928K, used 4885K [0xa0940000, 0xa0e90000, 0xa5e90000)
  eden space 4416K, 100% used [0xa0940000, 0xa0d90000, 0xa0d90000)
  from space 512K,  91% used [0xa0e10000, 0xa0e85500, 0xa0e90000)
  to   space 512K,   0% used [0xa0d90000, 0xa0d90000, 0xa0e10000)
 tenured generation   total 10944K, used 1495K [0xa5e90000, 0xa6940000, 0xb0940000)
   the space 10944K,  13% used [0xa5e90000, 0xa6005c88, 0xa6005e00, 0xa6940000)
 compacting perm gen  total 12288K, used 4189K [0xb0940000, 0xb1540000, 0xb4940000)
   the space 12288K,  34% used [0xb0940000, 0xb0d57768, 0xb0d57800, 0xb1540000)
No shared spaces configured.
Event: 1,276 GC heap after
Heap after GC invocations=4 (full 0):
 def new generation   total 4928K, used 389K [0xa0940000, 0xa0e90000, 0xa5e90000)
  eden space 4416K,   0% used [0xa0940000, 0xa0940000, 0xa0d90000)
  from space 512K,  76% used [0xa0d90000, 0xa0df14a8, 0xa0e10000)
  to   space 512K,   0% used [0xa0e10000, 0xa0e10000, 0xa0e90000)
 tenured generation   total 10944K, used 1603K [0xa5e90000, 0xa6940000, 0xb0940000)
   the space 10944K,  14% used [0xa5e90000, 0xa6020e18, 0xa6021000, 0xa6940000)
 compacting perm gen  total 12288K, used 4189K [0xb0940000, 0xb1540000, 0xb4940000)
   the space 12288K,  34% used [0xb0940000, 0xb0d57768, 0xb0d57800, 0xb1540000)
No shared spaces configured.
}
Event: 1,510 GC heap before
{Heap before GC invocations=4 (full 0):
 def new generation   total 4928K, used 4805K [0xa0940000, 0xa0e90000, 0xa5e90000)
  eden space 4416K, 100% used [0xa0940000, 0xa0d90000, 0xa0d90000)
  from space 512K,  76% used [0xa0d90000, 0xa0df14a8, 0xa0e10000)
  to   space 512K,   0% used [0xa0e10000, 0xa0e10000, 0xa0e90000)
 tenured generation   total 10944K, used 1603K [0xa5e90000, 0xa6940000, 0xb0940000)
   the space 10944K,  14% used [0xa5e90000, 0xa6020e18, 0xa6021000, 0xa6940000)
 compacting perm gen  total 12288K, used 5187K [0xb0940000, 0xb1540000, 0xb4940000)
   the space 12288K,  42% used [0xb0940000, 0xb0e50f98, 0xb0e51000, 0xb1540000)
No shared spaces configured.
Event: 1,519 GC heap after
Heap after GC invocations=5 (full 0):
 def new generation   total 4928K, used 512K [0xa0940000, 0xa0e90000, 0xa5e90000)
  eden space 4416K,   0% used [0xa0940000, 0xa0940000, 0xa0d90000)
  from space 512K, 100% used [0xa0e10000, 0xa0e90000, 0xa0e90000)
  to   space 512K,   0% used [0xa0d90000, 0xa0d90000, 0xa0e10000)
 tenured generation   total 10944K, used 2098K [0xa5e90000, 0xa6940000, 0xb0940000)
   the space 10944K,  19% used [0xa5e90000, 0xa609cb00, 0xa609cc00, 0xa6940000)
 compacting perm gen  total 12288K, used 5187K [0xb0940000, 0xb1540000, 0xb4940000)
   the space 12288K,  42% used [0xb0940000, 0xb0e50f98, 0xb0e51000, 0xb1540000)
No shared spaces configured.
}
Event: 1,667 GC heap before
{Heap before GC invocations=5 (full 0):
 def new generation   total 4928K, used 4928K [0xa0940000, 0xa0e90000, 0xa5e90000)
  eden space 4416K, 100% used [0xa0940000, 0xa0d90000, 0xa0d90000)
  from space 512K, 100% used [0xa0e10000, 0xa0e90000, 0xa0e90000)
  to   space 512K,   0% used [0xa0d90000, 0xa0d90000, 0xa0e10000)
 tenured generation   total 10944K, used 2098K [0xa5e90000, 0xa6940000, 0xb0940000)
   the space 10944K,  19% used [0xa5e90000, 0xa609cb00, 0xa609cc00, 0xa6940000)
 compacting perm gen  total 12288K, used 5587K [0xb0940000, 0xb1540000, 0xb4940000)
   the space 12288K,  45% used [0xb0940000, 0xb0eb4e88, 0xb0eb5000, 0xb1540000)
No shared spaces configured.
Event: 1,675 GC heap after
Heap after GC invocations=6 (full 0):
 def new generation   total 4928K, used 512K [0xa0940000, 0xa0e90000, 0xa5e90000)
  eden space 4416K,   0% used [0xa0940000, 0xa0940000, 0xa0d90000)
  from space 512K, 100% used [0xa0d90000, 0xa0e10000, 0xa0e10000)
  to   space 512K,   0% used [0xa0e10000, 0xa0e10000, 0xa0e90000)
 tenured generation   total 10944K, used 2659K [0xa5e90000, 0xa6940000, 0xb0940000)
   the space 10944K,  24% used [0xa5e90000, 0xa6128ce0, 0xa6128e00, 0xa6940000)
 compacting perm gen  total 12288K, used 5587K [0xb0940000, 0xb1540000, 0xb4940000)
   the space 12288K,  45% used [0xb0940000, 0xb0eb4e88, 0xb0eb5000, 0xb1540000)
No shared spaces configured.
}

Deoptimization events (0 events):
No events

Internal exceptions (10 events):
Event: 1,722 Thread 0xb6a0c000 Threw 0xa0aad320 at /HUDSON/workspace/jdk7u40-2-build-linux-i586-product/jdk7u40/hotspot/src/share/vm/prims/jvm.cpp:1244
Event: 1,722 Thread 0xb6a0c000 Threw 0xa0ab3da0 at /HUDSON/workspace/jdk7u40-2-build-linux-i586-product/jdk7u40/hotspot/src/share/vm/prims/jvm.cpp:1244
Event: 1,723 Thread 0xb6a0c000 Threw 0xa0ada3c8 at /HUDSON/workspace/jdk7u40-2-build-linux-i586-product/jdk7u40/hotspot/src/share/vm/prims/jvm.cpp:1244
Event: 1,723 Thread 0xb6a0c000 Threw 0xa0ae05c0 at /HUDSON/workspace/jdk7u40-2-build-linux-i586-product/jdk7u40/hotspot/src/share/vm/prims/jvm.cpp:1244
Event: 1,724 Thread 0xb6a0c000 Threw 0xa0aeb668 at /HUDSON/workspace/jdk7u40-2-build-linux-i586-product/jdk7u40/hotspot/src/share/vm/prims/jvm.cpp:1244
Event: 1,725 Thread 0xb6a0c000 Threw 0xa0af4a28 at /HUDSON/workspace/jdk7u40-2-build-linux-i586-product/jdk7u40/hotspot/src/share/vm/prims/jvm.cpp:1244
Event: 1,726 Thread 0xb6a0c000 Threw 0xa0afef08 at /HUDSON/workspace/jdk7u40-2-build-linux-i586-product/jdk7u40/hotspot/src/share/vm/prims/jvm.cpp:1244
Event: 1,726 Thread 0xb6a0c000 Threw 0xa0b05f80 at /HUDSON/workspace/jdk7u40-2-build-linux-i586-product/jdk7u40/hotspot/src/share/vm/prims/jvm.cpp:1244
Event: 1,727 Thread 0xb6a0c000 Threw 0xa0b0d308 at /HUDSON/workspace/jdk7u40-2-build-linux-i586-product/jdk7u40/hotspot/src/share/vm/prims/jvm.cpp:1244
Event: 1,729 Thread 0xb6a0c000 Threw 0xa0b171b8 at /HUDSON/workspace/jdk7u40-2-build-linux-i586-product/jdk7u40/hotspot/src/share/vm/prims/jvm.cpp:1244

Events (10 events):
Event: 1,725 loading class 0x9f973dd8
Event: 1,725 loading class 0x9f973dd8 done
Event: 1,726 loading class 0x9f994320
Event: 1,726 loading class 0x9f994320 done
Event: 1,726 loading class 0x9f9775a0
Event: 1,726 loading class 0x9f9775a0 done
Event: 1,727 loading class 0x9f98fc38
Event: 1,727 loading class 0x9f98fc38 done
Event: 1,729 loading class 0x9f91fde8
Event: 1,729 loading class 0x9f91fde8 done


Dynamic libraries:
08048000-08049000 r-xp 00000000 08:04 1717000    /usr/local/java/jdk1.7.0_40/bin/java
08049000-0804a000 rw-p 00000000 08:04 1717000    /usr/local/java/jdk1.7.0_40/bin/java
080d6000-080f7000 rw-p 00000000 00:00 0          [heap]
9f618000-9f700000 rw-p 00000000 00:00 0 
9f700000-9f784000 rw-p 00000000 00:00 0 
9f784000-9f800000 ---p 00000000 00:00 0 
9f88a000-9f8a5000 r-xp 00000000 08:04 2491230    /lib/i386-linux-gnu/libgcc_s.so.1
9f8a5000-9f8a6000 r--p 0001a000 08:04 2491230    /lib/i386-linux-gnu/libgcc_s.so.1
9f8a6000-9f8a7000 rw-p 0001b000 08:04 2491230    /lib/i386-linux-gnu/libgcc_s.so.1
9f8b9000-9f8bc000 rw-p 00000000 00:00 0 
9f8bc000-9f8c0000 r--s 0002d000 08:04 1717505    /usr/local/java/jdk1.7.0_40/jre/lib/ext/sunjce_provider.jar
9f8c0000-9f8f3000 r-xp 00000000 08:04 1717564    /usr/local/java/jdk1.7.0_40/jre/lib/i386/libsunec.so
9f8f3000-9f8f7000 rw-p 00032000 08:04 1717564    /usr/local/java/jdk1.7.0_40/jre/lib/i386/libsunec.so
9f8f7000-9f8fb000 rw-p 00000000 00:00 0 
9f8fb000-9f8fc000 r--s 00003000 08:04 1717507    /usr/local/java/jdk1.7.0_40/jre/lib/ext/sunec.jar
9f8fc000-9f900000 r--s 00037000 08:04 1717509    /usr/local/java/jdk1.7.0_40/jre/lib/ext/sunpkcs11.jar
9f900000-9fa00000 rw-p 00000000 00:00 0 
9fa00000-9fb00000 rw-p 00000000 00:00 0 
9fb00000-9fb02000 r--s 00019000 08:04 1717801    /usr/local/java/jdk1.7.0_40/jre/lib/jce.jar
9fb02000-9fb06000 r--s 0008a000 08:04 1717584    /usr/local/java/jdk1.7.0_40/jre/lib/jsse.jar
9fb06000-9fb09000 ---p 00000000 00:00 0 
9fb09000-9fb57000 rw-p 00000000 00:00 0          [stack:12301]
9fb57000-9fb6b000 r-xp 00000000 08:04 1717553    /usr/local/java/jdk1.7.0_40/jre/lib/i386/libnet.so
9fb6b000-9fb6c000 rw-p 00014000 08:04 1717553    /usr/local/java/jdk1.7.0_40/jre/lib/i386/libnet.so
9fb6c000-9fb6f000 ---p 00000000 00:00 0 
9fb6f000-9fbbd000 rw-p 00000000 00:00 0          [stack:12299]
9fbbd000-9fbbe000 r-xp 00000000 08:04 1976888    /home/guilherme/idea-IU-129.713/bin/libbreakgen.so
9fbbe000-9fbbf000 rw-p 00000000 08:04 1976888    /home/guilherme/idea-IU-129.713/bin/libbreakgen.so
9fbbf000-9fbc1000 r--s 00013000 08:04 1976990    /home/guilherme/idea-IU-129.713/lib/idea_rt.jar
9fbc1000-9fbd7000 r--s 00258000 08:04 5379945    /home/guilherme/idea-IU-129.713/plugins/testng/lib/testng.jar
9fbd7000-9fbdd000 r--s 00033000 08:04 4982889    /home/guilherme/.m2/repository/org/yaml/snakeyaml/1.6/snakeyaml-1.6.jar
9fbdd000-9fbdf000 r--s 00006000 08:04 4982891    /home/guilherme/.m2/repository/com/beust/jcommander/1.12/jcommander-1.12.jar
9fbdf000-9fbe4000 r--s 00040000 08:04 4982892    /home/guilherme/.m2/repository/org/beanshell/bsh/2.0b4/bsh-2.0b4.jar
9fbe4000-9fbee000 r--s 00087000 08:04 4465263    /home/guilherme/.m2/repository/org/testng/testng/6.1.1/testng-6.1.1.jar
9fbee000-9fbf1000 r--s 0001a000 08:04 5643337    /home/guilherme/.m2/repository/com/jcraft/jsch/0.1.23/jsch-0.1.23.jar
9fbf1000-9fbf3000 r--s 00007000 08:04 5643375    /home/guilherme/.m2/repository/org/apache/maven/wagon/wagon-ssh/1.0-alpha-5/wagon-ssh-1.0-alpha-5.jar
9fbf3000-9fbf4000 r--s 00001000 08:04 5645070    /home/guilherme/.m2/repository/org/apache/maven/maven-monitor/2.0/maven-monitor-2.0.jar
9fbf4000-9fbf6000 r--s 00002000 08:04 5380014    /home/guilherme/.m2/repository/org/codehaus/plexus/plexus-interactivity-api/1.0-alpha-4/plexus-interactivity-api-1.0-alpha-4.jar
9fbf6000-9fbf8000 r--s 00007000 08:04 5645055    /home/guilherme/.m2/repository/org/apache/maven/maven-plugin-descriptor/2.0/maven-plugin-descriptor-2.0.jar
9fbf8000-9fbfa000 r--s 00006000 08:04 5380013    /home/guilherme/.m2/repository/commons-cli/commons-cli/1.0/commons-cli-1.0.jar
9fbfa000-9fbfc000 r--s 00005000 08:04 5645038    /home/guilherme/.m2/repository/org/apache/maven/maven-plugin-registry/2.0/maven-plugin-registry-2.0.jar
9fbfc000-9fbfd000 r--s 00002000 08:04 5645035    /home/guilherme/.m2/repository/org/apache/maven/maven-error-diagnostics/2.0/maven-error-diagnostics-2.0.jar
9fbfd000-9fbff000 r--s 00000000 08:04 5643353    /home/guilherme/.m2/repository/doxia/doxia-sink-api/1.0-alpha-4/doxia-sink-api-1.0-alpha-4.jar
9fbff000-9fc00000 r--s 00001000 08:04 5643339    /home/guilherme/.m2/repository/org/apache/maven/reporting/maven-reporting-api/2.0/maven-reporting-api-2.0.jar
9fc00000-9fcff000 rw-p 00000000 00:00 0 
9fcff000-9fd00000 ---p 00000000 00:00 0 
9fd00000-9fd01000 r--s 00001000 08:04 5643369    /home/guilherme/.m2/repository/org/apache/maven/wagon/wagon-http-lightweight/1.0-alpha-5/wagon-http-lightweight-1.0-alpha-5.jar
9fd01000-9fd03000 r--s 00003000 08:04 5645032    /home/guilherme/.m2/repository/org/apache/maven/maven-plugin-parameter-documenter/2.0/maven-plugin-parameter-documenter-2.0.jar
9fd03000-9fd04000 r--s 00001000 08:04 5643349    /home/guilherme/.m2/repository/org/apache/maven/wagon/wagon-file/1.0-alpha-5/wagon-file-1.0-alpha-5.jar
9fd04000-9fd08000 r--s 0001e000 08:04 5643386    /home/guilherme/.m2/repository/org/apache/maven/maven-core/2.0/maven-core-2.0.jar
9fd08000-9fd09000 r--s 00007000 08:04 5643376    /home/guilherme/.m2/repository/org/apache/maven/shared/maven-plugin-testing-harness/1.1/maven-plugin-testing-harness-1.1.jar
9fd09000-9fd0b000 r--s 00005000 08:04 5769033    /home/guilherme/.m2/repository/org/apache/maven/shared/maven-common-artifact-filters/1.0/maven-common-artifact-filters-1.0.jar
9fd0b000-9fd0c000 r--s 00005000 08:04 5643351    /home/guilherme/.m2/repository/org/apache/maven/shared/maven-repository-builder/1.0-alpha-2/maven-repository-builder-1.0-alpha-2.jar
9fd0c000-9fd0e000 r--s 00008000 08:04 4603583    /home/guilherme/.m2/repository/classworlds/classworlds/1.1-alpha-2/classworlds-1.1-alpha-2.jar
9fd0e000-9fd0f000 r--s 00002000 08:04 4602128    /home/guilherme/.m2/repository/org/apache/maven/maven-archiver/2.2/maven-archiver-2.2.jar
9fd0f000-9fd11000 r--s 00006000 08:04 5515098    /home/guilherme/.m2/repository/org/apache/maven/maven-profile/2.0.4/maven-profile-2.0.4.jar
9fd11000-9fd13000 r--s 00012000 08:04 5381163    /home/guilherme/.m2/repository/org/apache/maven/maven-model/2.0.4/maven-model-2.0.4.jar
9fd13000-9fd15000 r--s 00009000 08:04 5252442    /home/guilherme/.m2/repository/org/apache/maven/maven-settings/2.0.4/maven-settings-2.0.4.jar
9fd15000-9fd18000 r--s 00018000 08:04 5252407    /home/guilherme/.m2/repository/org/apache/maven/maven-project/2.0.4/maven-project-2.0.4.jar
9fd18000-9fd1a000 r--s 00004000 08:04 4729740    /home/guilherme/.m2/repository/org/codehaus/plexus/plexus-active-collections/1.0-beta-2/plexus-active-collections-1.0-beta-2.jar
9fd1a000-9fd1c000 r--s 00009000 08:04 5381154    /home/guilherme/.m2/repository/org/apache/maven/wagon/wagon-provider-api/1.0-alpha-6/wagon-provider-api-1.0-alpha-6.jar
9fd1c000-9fd1d000 r--s 00004000 08:04 4729737    /home/guilherme/.m2/repository/org/apache/maven/maven-repository-metadata/2.0.2/maven-repository-metadata-2.0.2.jar
9fd1d000-9fd20000 r--s 0000a000 08:04 5381157    /home/guilherme/.m2/repository/org/apache/maven/maven-artifact-manager/2.0.2/maven-artifact-manager-2.0.2.jar
9fd20000-9fd23000 r--s 00011000 08:04 5643355    /home/guilherme/.m2/repository/org/apache/maven/maven-artifact/2.0.4/maven-artifact-2.0.4.jar
9fd23000-9fd25000 r--s 00008000 08:04 5250126    /home/guilherme/.m2/repository/org/apache/maven/shared/maven-shared-io/1.1/maven-shared-io-1.1.jar
9fd25000-9fd27000 r--s 00001000 08:04 4339221    /home/guilherme/.m2/repository/org/apache/maven/maven-plugin-api/2.0.4/maven-plugin-api-2.0.4.jar
9fd27000-9fd29000 r--s 00006000 08:04 4993795    /home/guilherme/.m2/repository/org/apache/maven/shared/file-management/1.1/file-management-1.1.jar
9fd29000-9fd2b000 r--s 00006000 08:04 5381160    /home/guilherme/.m2/repository/org/codehaus/plexus/plexus-io/1.0-alpha-2/plexus-io-1.0-alpha-2.jar
9fd2b000-9fd2e000 r--s 0001b000 08:04 4982890    /home/guilherme/.m2/repository/junit/junit/3.8.1/junit-3.8.1.jar
9fd2e000-9fd35000 r--s 00029000 08:04 4603586    /home/guilherme/.m2/repository/org/codehaus/plexus/plexus-container-default/1.0-alpha-9-stable-1/plexus-container-default-1.0-alpha-9-stable-1.jar
9fd35000-9fd39000 r--s 00030000 08:04 5769029    /home/guilherme/.m2/repository/org/codehaus/plexus/plexus-utils/1.5.1/plexus-utils-1.5.1.jar
9fd39000-9fd3d000 r--s 00027000 08:04 4472124    /home/guilherme/.m2/repository/org/codehaus/plexus/plexus-archiver/1.0-alpha-10/plexus-archiver-1.0-alpha-10.jar
9fd3d000-9fd42000 r--s 00018000 08:04 4339220    /home/guilherme/.m2/repository/aspectj/aspectjrt/1.5.3/aspectjrt-1.5.3.jar
9fd42000-9fd46000 r--s 0002b000 08:04 4338688    /home/guilherme/.m2/repository/org/apache/maven/plugins/maven-assembly-plugin/2.2-beta-2/maven-assembly-plugin-2.2-beta-2.jar
9fd46000-9fd48000 r--s 0000a000 08:04 5642959    /home/guilherme/.m2/repository/javax/ws/rs/jsr311-api/1.1.1/jsr311-api-1.1.1.jar
9fd48000-9fd4c000 r--s 0002a000 08:04 4339230    /home/guilherme/.m2/repository/commons-io/commons-io/2.4/commons-io-2.4.jar
9fd4c000-9fd50000 r--s 0002f000 08:04 5778338    /home/guilherme/.m2/repository/com/fasterxml/jackson/core/jackson-core/2.1.3/jackson-core-2.1.3.jar
9fd50000-9fd52000 r--s 00007000 08:04 5778333    /home/guilherme/.m2/repository/com/fasterxml/jackson/core/jackson-annotations/2.1.2/jackson-annotations-2.1.2.jar
9fd52000-9fd62000 r--s 000d2000 08:04 5769112    /home/guilherme/.m2/repository/com/fasterxml/jackson/core/jackson-databind/2.1.3/jackson-databind-2.1.3.jar
9fd62000-9fd65000 r--s 00018000 08:04 4207654    /home/guilherme/.m2/repository/org/mongojack/mongojack/2.0.0-RC5/mongojack-2.0.0-RC5.jar
9fd65000-9fd67000 r--s 0000a000 08:04 4196690    /home/guilherme/.m2/repository/org/json/json/20090211/json-20090211.jar
9fd67000-9fd6a000 r--s 0000b000 08:04 4196718    /home/guilherme/.m2/repository/javax/persistence/persistence-api/1.0.2/persistence-api-1.0.2.jar
9fd6a000-9fd6c000 r--s 0000c000 08:04 4196713    /home/guilherme/.m2/repository/de/undercouch/bson4jackson/1.3.0/bson4jackson-1.3.0.jar
9fd6c000-9fd71000 r--s 00043000 08:04 4196674    /home/guilherme/.m2/repository/org/mongodb/mongo-java-driver/2.7.2/mongo-java-driver-2.7.2.jar
9fd71000-9fd74000 r--s 00014000 08:04 4196701    /home/guilherme/.m2/repository/net/vz/mongodb/jackson/mongo-jackson-mapper/1.4.1/mongo-jackson-mapper-1.4.1.jar
9fd74000-9fd76000 r--s 0000a000 08:04 4723826    /home/guilherme/.m2/repository/commons-codec/commons-codec/1.3/commons-codec-1.3.jar
9fd76000-9fd78000 r--s 0000d000 08:04 5778757    /home/guilherme/.m2/repository/commons-logging/commons-logging/1.1.1/commons-logging-1.1.1.jar
9fd78000-9fd7d000 r--s 00025000 08:04 4208682    /home/guilherme/.m2/repository/org/apache/httpcomponents/httpcore/4.0-beta1/httpcore-4.0-beta1.jar
9fd7d000-9fd84000 r--s 00036000 08:04 4208679    /home/guilherme/.m2/repository/org/apache/httpcomponents/httpclient/4.0-alpha4/httpclient-4.0-alpha4.jar
9fd84000-9fd85000 r--s 00006000 08:04 4196782    /home/guilherme/.m2/repository/org/codehaus/jackson/jackson-xc/1.9.2/jackson-xc-1.9.2.jar
9fd85000-9fd86000 r--s 00004000 08:04 4196773    /home/guilherme/.m2/repository/org/codehaus/jackson/jackson-jaxrs/1.9.2/jackson-jaxrs-1.9.2.jar
9fd86000-9fd94000 r--s 000ad000 08:04 4196762    /home/guilherme/.m2/repository/org/codehaus/jackson/jackson-mapper-asl/1.9.2/jackson-mapper-asl-1.9.2.jar
9fd94000-9fd98000 r--s 00034000 08:04 4196724    /home/guilherme/.m2/repository/org/codehaus/jackson/jackson-core-asl/1.9.2/jackson-core-asl-1.9.2.jar
9fd98000-9fd9a000 r--s 00004000 08:04 4196725    /home/guilherme/.m2/repository/javax/xml/stream/stax-api/1.0-2/stax-api-1.0-2.jar
9fd9a000-9fd9d000 r--s 00017000 08:04 4196709    /home/guilherme/.m2/repository/javax/xml/bind/jaxb-api/2.2.2/jaxb-api-2.2.2.jar
9fd9d000-9fdb0000 r--s 000c7000 08:04 4196686    /home/guilherme/.m2/repository/com/sun/xml/bind/jaxb-impl/2.2.3-1/jaxb-impl-2.2.3-1.jar
9fdb0000-9fdb2000 r--s 0000f000 08:04 4196720    /home/guilherme/.m2/repository/org/codehaus/jettison/jettison/1.1/jettison-1.1.jar
9fdb2000-9fdb6000 r--s 00020000 08:04 4196675    /home/guilherme/.m2/repository/org/glassfish/jersey/media/jersey-media-json/2.0-m02/jersey-media-json-2.0-m02.jar
9fdb6000-9fdbf000 r--s 00042000 08:04 4196752    /home/guilherme/.m2/repository/org/glassfish/jersey/core/jersey-server/2.0-m02/jersey-server-2.0-m02.jar
9fdbf000-9fdc1000 r--s 00003000 08:04 4196733    /home/guilherme/.m2/repository/org/jvnet/tiger-types/1.4/tiger-types-1.4.jar
9fdc1000-9fdc6000 r--s 00047000 08:04 4196757    /home/guilherme/.m2/repository/org/glassfish/hk2/external/asm-all-repackaged/1.6.32/asm-all-repackaged-1.6.32.jar
9fdc6000-9fdc7000 r--s 00001000 08:04 4196691    /home/guilherme/.m2/repository/org/glassfish/hk2/external/javax.inject/1.6.32/javax.inject-1.6.32.jar
9fdc7000-9fdce000 r--s 0004a000 08:04 4196753    /home/guilherme/.m2/repository/org/glassfish/hk2/auto-depends/1.6.32/auto-depends-1.6.32.jar
9fdce000-9fdd0000 r--s 00006000 08:04 4196679    /home/guilherme/.m2/repository/org/glassfish/hk2/hk2-api/1.6.32/hk2-api-1.6.32.jar
9fdd0000-9fdd3000 r--s 00006000 08:04 4196737    /home/guilherme/.m2/repository/com/google/code/findbugs/jsr305/1.3.9/jsr305-1.3.9.jar
9fdd3000-9fdf3000 r--s 00173000 08:04 4196682    /home/guilherme/.m2/repository/com/google/guava/guava/11.0.1/guava-11.0.1.jar
9fdf3000-9fdf5000 r--s 0000e000 08:04 4196702    /home/guilherme/.m2/repository/javax/activation/activation/1.1/activation-1.1.jar
9fdf5000-9fdfb000 r--s 00059000 08:04 4196731    /home/guilherme/.m2/repository/javax/mail/mail/1.4/mail-1.4.jar
9fdfb000-9fdfe000 r--s 00012000 08:04 4196681    /home/guilherme/.m2/repository/javax/ws/rs/javax.ws.rs-api/2.0-m03/javax.ws.rs-api-2.0-m03.jar
9fdfe000-9fe09000 r--s 0006c000 08:04 4196687    /home/guilherme/.m2/repository/org/glassfish/jersey/core/jersey-common/2.0-m02/jersey-common-2.0-m02.jar
9fe09000-9fe0b000 r--s 00002000 08:04 4196697    /home/guilherme/.m2/repository/org/glassfish/jersey/containers/jersey-container-grizzly2-http/2.0-m02/jersey-container-grizzly2-http-2.0-m02.jar
9fe0b000-9fe19000 r--s 000a6000 08:04 4196758    /home/guilherme/.m2/repository/org/glassfish/grizzly/grizzly-framework/2.2.4/grizzly-framework-2.2.4.jar
9fe19000-9fe1e000 r--s 0003b000 08:04 4196742    /home/guilherme/.m2/repository/org/glassfish/grizzly/grizzly-http/2.2.4/grizzly-http-2.2.4.jar
9fe1e000-9fead000 r--s 00dda000 08:04 1717647    /usr/local/java/jdk1.7.0_40/jre/lib/jfxrt.jar
9fead000-9feae000 ---p 00000000 00:00 0 
9feae000-9ff2e000 rw-p 00000000 00:00 0          [stack:12298]
9ff2e000-9ff31000 ---p 00000000 00:00 0 
9ff31000-9ff7f000 rw-p 00000000 00:00 0          [stack:12297]
9ff7f000-9ff82000 ---p 00000000 00:00 0 
9ff82000-a0000000 rw-p 00000000 00:00 0          [stack:12296]
a0000000-a0200000 r--p 00000000 08:04 1449933    /usr/lib/locale/locale-archive
a0200000-a0221000 rw-p 00000000 00:00 0 
a0221000-a0300000 ---p 00000000 00:00 0 
a0300000-a0304000 r--s 00030000 08:04 4196693    /home/guilherme/.m2/repository/org/glassfish/grizzly/grizzly-http-server/2.2.4/grizzly-http-server-2.2.4.jar
a0304000-a030d000 r--s 000d3000 08:04 1717586    /usr/local/java/jdk1.7.0_40/jre/lib/javaws.jar
a030d000-a0310000 ---p 00000000 00:00 0 
a0310000-a035e000 rw-p 00000000 00:00 0          [stack:12295]
a035e000-a0361000 ---p 00000000 00:00 0 
a0361000-a03af000 rw-p 00000000 00:00 0          [stack:12294]
a03af000-a03b2000 ---p 00000000 00:00 0 
a03b2000-a0400000 rw-p 00000000 00:00 0          [stack:12293]
a0400000-a0500000 rw-p 00000000 00:00 0 
a0500000-a0501000 r--s 00004000 08:04 4196756    /home/guilherme/.m2/repository/org/glassfish/hk2/osgi-resource-locator/1.0.1/osgi-resource-locator-1.0.1.jar
a0501000-a0502000 r--s 00001000 08:04 4196767    /home/guilherme/.m2/repository/org/glassfish/grizzly/grizzly-rcm/2.2.4/grizzly-rcm-2.2.4.jar
a0502000-a0506000 r--s 0008a000 08:04 1717584    /usr/local/java/jdk1.7.0_40/jre/lib/jsse.jar
a0506000-a0510000 r--s 00371000 08:04 1717754    /usr/local/java/jdk1.7.0_40/jre/lib/charsets.jar
a0510000-a0523000 r--s 001a5000 08:04 1717649    /usr/local/java/jdk1.7.0_40/jre/lib/plugin.jar
a0523000-a052c000 r--s 00250000 08:04 1717499    /usr/local/java/jdk1.7.0_40/jre/lib/resources.jar
a052c000-a0544000 r--s 00406000 08:04 1717648    /usr/local/java/jdk1.7.0_40/jre/lib/deploy.jar
a0544000-a0545000 ---p 00000000 00:00 0 
a0545000-a0610000 rw-p 00000000 00:00 0          [stack:12292]
a0610000-a07cd000 r--s 039d3000 08:04 1717013    /usr/local/java/jdk1.7.0_40/jre/lib/rt.jar
a07cd000-a082f000 rw-p 00000000 00:00 0 
a082f000-a0849000 rw-p 00000000 00:00 0 
a0849000-a084f000 rw-p 00000000 00:00 0 
a084f000-a089f000 rw-p 00000000 00:00 0 
a089f000-a08a2000 rw-p 00000000 00:00 0 
a08a2000-a08c9000 rw-p 00000000 00:00 0 
a08c9000-a08cf000 rw-p 00000000 00:00 0 
a08cf000-a091f000 rw-p 00000000 00:00 0 
a091f000-a0925000 rw-p 00000000 00:00 0 
a0925000-a093f000 rw-p 00000000 00:00 0 
a093f000-a0e90000 rw-p 00000000 00:00 0 
a0e90000-a5e90000 rw-p 00000000 00:00 0 
a5e90000-a6940000 rw-p 00000000 00:00 0 
a6940000-b0940000 rw-p 00000000 00:00 0 
b0940000-b1540000 rw-p 00000000 00:00 0 
b1540000-b4940000 rw-p 00000000 00:00 0 
b4940000-b4942000 r--s 00009000 08:04 4196698    /home/guilherme/.m2/repository/org/glassfish/external/management-api/3.0.0-b012/management-api-3.0.0-b012.jar
b4942000-b4948000 r--s 0007d000 08:04 1717785    /usr/local/java/jdk1.7.0_40/jre/lib/jfr.jar
b4948000-b494e000 r--s 000a9000 08:04 5379941    /home/guilherme/idea-IU-129.713/plugins/testng/lib/testng-plugin.jar
b494e000-b4953000 rw-p 00000000 00:00 0 
b4953000-b49ce000 rw-p 00000000 00:00 0 
b49ce000-b4ad6000 rwxp 00000000 00:00 0 
b4ad6000-b69ce000 rw-p 00000000 00:00 0 
b69ce000-b69d9000 r-xp 00000000 08:04 2491278    /lib/i386-linux-gnu/libnss_files-2.17.so
b69d9000-b69da000 r--p 0000a000 08:04 2491278    /lib/i386-linux-gnu/libnss_files-2.17.so
b69da000-b69db000 rw-p 0000b000 08:04 2491278    /lib/i386-linux-gnu/libnss_files-2.17.so
b69db000-b69e5000 r-xp 00000000 08:04 2491282    /lib/i386-linux-gnu/libnss_nis-2.17.so
b69e5000-b69e6000 r--p 00009000 08:04 2491282    /lib/i386-linux-gnu/libnss_nis-2.17.so
b69e6000-b69e7000 rw-p 0000a000 08:04 2491282    /lib/i386-linux-gnu/libnss_nis-2.17.so
b69e7000-b69fc000 r-xp 00000000 08:04 2491272    /lib/i386-linux-gnu/libnsl-2.17.so
b69fc000-b69fd000 r--p 00014000 08:04 2491272    /lib/i386-linux-gnu/libnsl-2.17.so
b69fd000-b69fe000 rw-p 00015000 08:04 2491272    /lib/i386-linux-gnu/libnsl-2.17.so
b69fe000-b6a00000 rw-p 00000000 00:00 0 
b6a00000-b6afe000 rw-p 00000000 00:00 0 
b6afe000-b6b00000 ---p 00000000 00:00 0 
b6b00000-b6b02000 r--s 00004000 08:04 4196729    /home/guilherme/.m2/repository/org/glassfish/gmbal/gmbal-api-only/3.0.0-b023/gmbal-api-only-3.0.0-b023.jar
b6b02000-b6b04000 r--s 00019000 08:04 1717801    /usr/local/java/jdk1.7.0_40/jre/lib/jce.jar
b6b04000-b6b1b000 r-xp 00000000 08:04 1717575    /usr/local/java/jdk1.7.0_40/jre/lib/i386/libzip.so
b6b1b000-b6b1c000 rw-p 00017000 08:04 1717575    /usr/local/java/jdk1.7.0_40/jre/lib/i386/libzip.so
b6b1c000-b6b24000 rw-s 00000000 08:04 5779436    /tmp/hsperfdata_guilherme/12290
b6b24000-b6b47000 r-xp 00000000 08:04 1717538    /usr/local/java/jdk1.7.0_40/jre/lib/i386/libjava.so
b6b47000-b6b48000 rw-p 00022000 08:04 1717538    /usr/local/java/jdk1.7.0_40/jre/lib/i386/libjava.so
b6b48000-b6b4f000 r-xp 00000000 08:04 2491325    /lib/i386-linux-gnu/librt-2.17.so
b6b4f000-b6b50000 r--p 00006000 08:04 2491325    /lib/i386-linux-gnu/librt-2.17.so
b6b50000-b6b51000 rw-p 00007000 08:04 2491325    /lib/i386-linux-gnu/librt-2.17.so
b6b51000-b6b54000 ---p 00000000 00:00 0 
b6b54000-b6ba2000 rw-p 00000000 00:00 0          [stack:12291]
b6ba2000-b6be3000 r-xp 00000000 08:04 2491253    /lib/i386-linux-gnu/libm-2.17.so
b6be3000-b6be4000 r--p 00040000 08:04 2491253    /lib/i386-linux-gnu/libm-2.17.so
b6be4000-b6be5000 rw-p 00041000 08:04 2491253    /lib/i386-linux-gnu/libm-2.17.so
b6be5000-b716b000 r-xp 00000000 08:04 1717533    /usr/local/java/jdk1.7.0_40/jre/lib/i386/client/libjvm.so
b716b000-b718c000 rw-p 00586000 08:04 1717533    /usr/local/java/jdk1.7.0_40/jre/lib/i386/client/libjvm.so
b718c000-b75ad000 rw-p 00000000 00:00 0 
b75ad000-b775a000 r-xp 00000000 08:04 2491205    /lib/i386-linux-gnu/libc-2.17.so
b775a000-b775c000 r--p 001ad000 08:04 2491205    /lib/i386-linux-gnu/libc-2.17.so
b775c000-b775d000 rw-p 001af000 08:04 2491205    /lib/i386-linux-gnu/libc-2.17.so
b775d000-b7760000 rw-p 00000000 00:00 0 
b7760000-b7763000 r-xp 00000000 08:04 2491220    /lib/i386-linux-gnu/libdl-2.17.so
b7763000-b7764000 r--p 00002000 08:04 2491220    /lib/i386-linux-gnu/libdl-2.17.so
b7764000-b7765000 rw-p 00003000 08:04 2491220    /lib/i386-linux-gnu/libdl-2.17.so
b7765000-b7778000 r-xp 00000000 08:04 1717542    /usr/local/java/jdk1.7.0_40/jre/lib/i386/jli/libjli.so
b7778000-b7779000 rw-p 00012000 08:04 1717542    /usr/local/java/jdk1.7.0_40/jre/lib/i386/jli/libjli.so
b7779000-b777a000 rw-p 00000000 00:00 0 
b777a000-b7791000 r-xp 00000000 08:04 2491317    /lib/i386-linux-gnu/libpthread-2.17.so
b7791000-b7792000 r--p 00016000 08:04 2491317    /lib/i386-linux-gnu/libpthread-2.17.so
b7792000-b7793000 rw-p 00017000 08:04 2491317    /lib/i386-linux-gnu/libpthread-2.17.so
b7793000-b7795000 rw-p 00000000 00:00 0 
b7795000-b7796000 r--s 00000000 08:04 1717585    /usr/local/java/jdk1.7.0_40/jre/lib/management-agent.jar
b7796000-b7797000 r--p 005e0000 08:04 1449933    /usr/lib/locale/locale-archive
b7797000-b779e000 r-xp 00000000 08:04 2491274    /lib/i386-linux-gnu/libnss_compat-2.17.so
b779e000-b779f000 r--p 00006000 08:04 2491274    /lib/i386-linux-gnu/libnss_compat-2.17.so
b779f000-b77a0000 rw-p 00007000 08:04 2491274    /lib/i386-linux-gnu/libnss_compat-2.17.so
b77a0000-b77a1000 rw-p 00000000 00:00 0 
b77a1000-b77a2000 r--p 00000000 00:00 0 
b77a2000-b77ad000 r-xp 00000000 08:04 1717520    /usr/local/java/jdk1.7.0_40/jre/lib/i386/libverify.so
b77ad000-b77ae000 rw-p 0000b000 08:04 1717520    /usr/local/java/jdk1.7.0_40/jre/lib/i386/libverify.so
b77ae000-b77b0000 rw-p 00000000 00:00 0 
b77b0000-b77b1000 r-xp 00000000 00:00 0          [vdso]
b77b1000-b77d1000 r-xp 00000000 08:04 2491181    /lib/i386-linux-gnu/ld-2.17.so
b77d1000-b77d2000 r--p 0001f000 08:04 2491181    /lib/i386-linux-gnu/ld-2.17.so
b77d2000-b77d3000 rw-p 00020000 08:04 2491181    /lib/i386-linux-gnu/ld-2.17.so
bfbd7000-bfbfb000 rw-p 00000000 00:00 0          [stack]

VM Arguments:
jvm_args: -ea -Didea.launcher.port=7547 -Didea.launcher.bin.path=/home/guilherme/idea-IU-129.713/bin -Dfile.encoding=UTF-8 
java_command: com.intellij.rt.execution.application.AppMain org.testng.RemoteTestNGStarter -port 52982 -usedefaultlisteners false -socket36445 -temp /tmp/idea_testng1422106885423450542.tmp
Launcher Type: SUN_STANDARD

Environment Variables:
JAVA_HOME=/usr/local/java/jdk1.7.0_40
JRE_HOME=/usr/local/java/jre1.7.0_40
CLASSPATH=./../lib/bootstrap.jar:./../lib/extensions.jar:./../lib/util.jar:./../lib/jdom.jar:./../lib/log4j.jar:./../lib/trove4j.jar:./../lib/jna.jar:/usr/local/java/jdk1.7.0_40/lib/tools.jar
PATH=/usr/local/heroku/bin:/usr/lib/lightdm/lightdm:/usr/local/sbin:/usr/local/bin:/usr/sbin:/usr/bin:/sbin:/bin:/usr/games:/usr/local/games:/home/guilherme/bin:/usr/local/java/jdk1.7.0_40/bin:/home/guilherme/bin:/usr/local/java/jre1.7.0_40/bin
LD_LIBRARY_PATH=.:
SHELL=/bin/bash
DISPLAY=:0

Signal Handlers:
SIGSEGV: [libjvm.so+0x503d90], sa_mask[0]=0x7ffbfeff, sa_flags=0x10000004
SIGBUS: [libjvm.so+0x503d90], sa_mask[0]=0x7ffbfeff, sa_flags=0x10000004
SIGFPE: [libjvm.so+0x3fbe80], sa_mask[0]=0x7ffbfeff, sa_flags=0x10000004
SIGPIPE: [libjvm.so+0x3fbe80], sa_mask[0]=0x7ffbfeff, sa_flags=0x10000004
SIGXFSZ: [libjvm.so+0x3fbe80], sa_mask[0]=0x7ffbfeff, sa_flags=0x10000004
SIGILL: [libjvm.so+0x3fbe80], sa_mask[0]=0x7ffbfeff, sa_flags=0x10000004
SIGUSR1: SIG_DFL, sa_mask[0]=0x00000000, sa_flags=0x00000000
SIGUSR2: [libjvm.so+0x3fd370], sa_mask[0]=0x00000004, sa_flags=0x10000004
SIGHUP: [libjvm.so+0x3fe4c0], sa_mask[0]=0x7ffbfeff, sa_flags=0x10000004
SIGINT: [libjvm.so+0x3fe4c0], sa_mask[0]=0x7ffbfeff, sa_flags=0x10000004
SIGTERM: [libjvm.so+0x3fe4c0], sa_mask[0]=0x7ffbfeff, sa_flags=0x10000004
SIGQUIT: [libjvm.so+0x3fe4c0], sa_mask[0]=0x7ffbfeff, sa_flags=0x10000004


---------------  S Y S T E M  ---------------

OS:wheezy/sid

uname:Linux 3.8.0-31-generic #46-Ubuntu SMP Tue Sep 10 19:56:49 UTC 2013 i686
libc:glibc 2.17 NPTL 2.17 
rlimit: STACK 8192k, CORE 0k, NPROC 24106, NOFILE 4096, AS infinity
load average:0,80 0,68 0,72

/proc/meminfo:
MemTotal:        3102120 kB
MemFree:         1003884 kB
Buffers:           19904 kB
Cached:           175852 kB
SwapCached:           28 kB
Active:          1555392 kB
Inactive:         457588 kB
Active(anon):    1464272 kB
Inactive(anon):   373316 kB
Active(file):      91120 kB
Inactive(file):    84272 kB
Unevictable:          32 kB
Mlocked:              32 kB
HighTotal:       2231176 kB
HighFree:         222128 kB
LowTotal:         870944 kB
LowFree:          781756 kB
SwapTotal:       1999868 kB
SwapFree:        1998920 kB
Dirty:              5860 kB
Writeback:             0 kB
AnonPages:       1817340 kB
Mapped:           123004 kB
Shmem:             20364 kB
Slab:              34648 kB
SReclaimable:      14756 kB
SUnreclaim:        19892 kB
KernelStack:        5240 kB
PageTables:        13292 kB
NFS_Unstable:          0 kB
Bounce:                0 kB
WritebackTmp:          0 kB
CommitLimit:     3550928 kB
Committed_AS:    5215508 kB
VmallocTotal:     122880 kB
VmallocUsed:       46444 kB
VmallocChunk:      67060 kB
HardwareCorrupted:     0 kB
AnonHugePages:         0 kB
HugePages_Total:       0
HugePages_Free:        0
HugePages_Rsvd:        0
HugePages_Surp:        0
Hugepagesize:       2048 kB
DirectMap4k:       45048 kB
DirectMap2M:      868352 kB


CPU:total 2 (2 cores per cpu, 1 threads per core) family 15 model 6 stepping 5, cmov, cx8, fxsr, mmx, sse, sse2, sse3, tsc

/proc/cpuinfo:
processor	: 0
vendor_id	: GenuineIntel
cpu family	: 15
model		: 6
model name	: Intel(R) Pentium(R) D CPU 3.20GHz
stepping	: 5
microcode	: 0xb
cpu MHz		: 3200.000
cache size	: 2048 KB
physical id	: 0
siblings	: 2
core id		: 0
cpu cores	: 2
apicid		: 0
initial apicid	: 0
fdiv_bug	: no
hlt_bug		: no
f00f_bug	: no
coma_bug	: no
fpu		: yes
fpu_exception	: yes
cpuid level	: 6
wp		: yes
flags		: fpu vme de pse tsc msr pae mce cx8 apic sep mtrr pge mca cmov pat pse36 clflush dts acpi mmx fxsr sse sse2 ss ht tm pbe nx lm constant_tsc pebs bts pni dtes64 monitor ds_cpl est cid cx16 xtpr pdcm lahf_lm
bogomips	: 6399.16
clflush size	: 64
cache_alignment	: 128
address sizes	: 36 bits physical, 48 bits virtual
power management:

processor	: 1
vendor_id	: GenuineIntel
cpu family	: 15
model		: 6
model name	: Intel(R) Pentium(R) D CPU 3.20GHz
stepping	: 5
microcode	: 0xb
cpu MHz		: 3200.000
cache size	: 2048 KB
physical id	: 0
siblings	: 2
core id		: 1
cpu cores	: 2
apicid		: 1
initial apicid	: 1
fdiv_bug	: no
hlt_bug		: no
f00f_bug	: no
coma_bug	: no
fpu		: yes
fpu_exception	: yes
cpuid level	: 6
wp		: yes
flags		: fpu vme de pse tsc msr pae mce cx8 apic sep mtrr pge mca cmov pat pse36 clflush dts acpi mmx fxsr sse sse2 ss ht tm pbe nx lm constant_tsc pebs bts pni dtes64 monitor ds_cpl est cid cx16 xtpr pdcm lahf_lm
bogomips	: 6399.16
clflush size	: 64
cache_alignment	: 128
address sizes	: 36 bits physical, 48 bits virtual
power management:



Memory: 4k page, physical 3102120k(1003884k free), swap 1999868k(1998920k free)

vm_info: Java HotSpot(TM) Client VM (24.0-b56) for linux-x86 JRE (1.7.0_40-b43), built on Aug 26 2013 22:05:59 by "java_re" with gcc 4.3.0 20080428 (Red Hat 4.3.0-8)

time: Mon Sep 30 03:43:30 2013
elapsed time: 1 seconds

