#
# A fatal error has been detected by the Java Runtime Environment:
#
#  SIGILL (0x4) at pc=0xb6e07e10, pid=13377, tid=3065789248
#
# JRE version: Java(TM) SE Runtime Environment (7.0_40-b43) (build 1.7.0_40-b43)
# Java VM: Java HotSpot(TM) Client VM (24.0-b56 mixed mode linux-x86 )
# Problematic frame:
# V  [libjvm.so+0x200e10]  Events::log_exception(Thread*, char const*, ...)+0x20
#
# Failed to write core dump. Core dumps have been disabled. To enable core dumping, try "ulimit -c unlimited" before starting Java again
#
# If you would like to submit a bug report, please visit:
#   http://bugreport.sun.com/bugreport/crash.jsp
#

---------------  T H R E A D  ---------------

Current thread (0xb6a0c000):  JavaThread "main" [_thread_in_vm, id=13378, stack(0xb6b73000,0xb6bc4000)]

siginfo:si_signo=SIGILL: si_errno=0, si_code=2 (ILL_ILLOPN), si_addr=0xb6e07e10

Registers:
EAX=0x00000000, EBX=0xb719b868, ECX=0xb6a076f8, EDX=0x00000000
ESP=0xb6bc1900, EBP=0xb6bc1928, ESI=0xb6a076f8, EDI=0xb6a07ef0
EIP=0xb6e07e10, EFLAGS=0x00010286, CR2=0xb7795100

Top of Stack: (sp=0xb6bc1900)
0xb6bc1900:   b6a0c000 00000000 9ea14057 3fee023e
0xb6bc1910:   a07e0f58 b6a076f8 b715f474 b719b868
0xb6bc1920:   00000000 b096b600 b6bc1c28 b6f3180b
0xb6bc1930:   b6a0c000 b714c507 a09bd548 b715f474
0xb6bc1940:   000004dc b6bc1b6c b6a0c960 b6a0c960
0xb6bc1950:   b6bc19e0 b6bc1978 b6a0c000 b6a0c954
0xb6bc1960:   b6bc19e0 00000001 b6a0c958 b6fb8a5e
0xb6bc1970:   b719b868 07000000 b6bc1c88 b49de39a 

Instructions: (pc=0xb6e07e10)
0xb6e07df0:   55 89 e5 57 56 53 83 ec 1c e8 00 00 00 00 5b 81
0xb6e07e00:   c3 6a 3a 39 00 8b 83 10 f2 ff ff 80 38 00 75 08
0xb6e07e10:   8d 65 f4 5b 5e 5f 5d c3 8b 83 d4 fa ff ff 8d 7d
0xb6e07e20:   10 8b 30 8b 83 3c ea ff ff 8b 00 85 c0 75 e1 e8 

Register to memory mapping:

EAX=0x00000000 is an unknown value
EBX=0xb719b868: <offset 0x594868> in /usr/local/java/jdk1.7.0_40/jre/lib/i386/client/libjvm.so at 0xb6c07000
ECX=0xb6a076f8 is an unknown value
EDX=0x00000000 is an unknown value
ESP=0xb6bc1900 is pointing into the stack for thread: 0xb6a0c000
EBP=0xb6bc1928 is pointing into the stack for thread: 0xb6a0c000
ESI=0xb6a076f8 is an unknown value
EDI=0xb6a07ef0 is an unknown value


Stack: [0xb6b73000,0xb6bc4000],  sp=0xb6bc1900,  free space=314k
Native frames: (J=compiled Java code, j=interpreted, Vv=VM code, C=native code)
V  [libjvm.so+0x200e10]  Events::log_exception(Thread*, char const*, ...)+0x20
V  [libjvm.so+0x32a80b]  JVM_DoPrivileged+0x4eb
C  [libjava.so+0x9a4a]  Java_java_security_AccessController_doPrivileged__Ljava_security_PrivilegedExceptionAction_2Ljava_security_AccessControlContext_2+0x3a
j  java.security.AccessController.doPrivileged(Ljava/security/PrivilegedExceptionAction;Ljava/security/AccessControlContext;)Ljava/lang/Object;+0
j  java.net.URLClassLoader.findClass(Ljava/lang/String;)Ljava/lang/Class;+13
j  java.lang.ClassLoader.loadClass(Ljava/lang/String;Z)Ljava/lang/Class;+70
j  java.lang.ClassLoader.loadClass(Ljava/lang/String;Z)Ljava/lang/Class;+38
j  sun.misc.Launcher$AppClassLoader.loadClass(Ljava/lang/String;Z)Ljava/lang/Class;+36
j  java.lang.ClassLoader.loadClass(Ljava/lang/String;)Ljava/lang/Class;+3
v  ~StubRoutines::call_stub
V  [libjvm.so+0x2a7875]  JavaCalls::call_helper(JavaValue*, methodHandle*, JavaCallArguments*, Thread*)+0x315
V  [libjvm.so+0x3fa1e9]  os::os_exception_wrapper(void (*)(JavaValue*, methodHandle*, JavaCallArguments*, Thread*), JavaValue*, methodHandle*, JavaCallArguments*, Thread*)+0x19
V  [libjvm.so+0x2a64ef]  JavaCalls::call(JavaValue*, methodHandle, JavaCallArguments*, Thread*)+0x2f
V  [libjvm.so+0x2a672a]  JavaCalls::call_virtual(JavaValue*, KlassHandle, Symbol*, Symbol*, JavaCallArguments*, Thread*)+0x10a
V  [libjvm.so+0x2a67f5]  JavaCalls::call_virtual(JavaValue*, Handle, KlassHandle, Symbol*, Symbol*, Handle, Thread*)+0x55
V  [libjvm.so+0x49e559]  SystemDictionary::load_instance_class(Symbol*, Handle, Thread*)+0x489
V  [libjvm.so+0x49cc52]  SystemDictionary::resolve_instance_class_or_null(Symbol*, Handle, Handle, Thread*)+0x742
V  [libjvm.so+0x49d0b9]  SystemDictionary::resolve_or_null(Symbol*, Handle, Handle, Thread*)+0x49
V  [libjvm.so+0x49e5d0]  SystemDictionary::resolve_or_fail(Symbol*, Handle, Handle, bool, Thread*)+0x30
V  [libjvm.so+0x1d5cfb]  constantPoolOopDesc::klass_at_impl(constantPoolHandle, int, Thread*)+0x1cb
V  [libjvm.so+0x29fdb7]  InterpreterRuntime::_new(JavaThread*, constantPoolOopDesc*, int)+0x67
j  org.testng.internal.MethodHelper.topologicalSort([Lorg/testng/ITestNGMethod;Ljava/util/List;Ljava/util/List;)Lorg/testng/internal/Graph;+0
j  org.testng.internal.MethodHelper.sortMethods(ZLjava/util/List;Lorg/testng/internal/annotations/IAnnotationFinder;)Ljava/util/List;+104
j  org.testng.internal.MethodHelper.collectAndOrderMethods(Ljava/util/List;ZLorg/testng/internal/RunInfo;Lorg/testng/internal/annotations/IAnnotationFinder;ZLjava/util/List;)[Lorg/testng/ITestNGMethod;+39
j  org.testng.internal.TestNGMethodFinder.findConfiguration(Ljava/lang/Class;I)[Lorg/testng/ITestNGMethod;+396
j  org.testng.internal.TestNGMethodFinder.getBeforeSuiteMethods(Ljava/lang/Class;)[Lorg/testng/ITestNGMethod;+3
j  org.testng.TestClass.initMethods()V+36
j  org.testng.TestClass.init(Lorg/testng/IClass;Lorg/testng/ITestMethodFinder;Lorg/testng/internal/annotations/IAnnotationFinder;Lorg/testng/internal/RunInfo;Lorg/testng/xml/XmlTest;Lorg/testng/xml/XmlClass;)V+68
j  org.testng.TestClass.<init>(Lorg/testng/IClass;Lorg/testng/ITestMethodFinder;Lorg/testng/internal/annotations/IAnnotationFinder;Lorg/testng/internal/RunInfo;Lorg/testng/xml/XmlTest;Lorg/testng/xml/XmlClass;)V+34
j  org.testng.TestRunner.initMethods()V+160
j  org.testng.TestRunner.init()V+27
j  org.testng.TestRunner.init(Lorg/testng/internal/IConfiguration;Lorg/testng/ISuite;Lorg/testng/xml/XmlTest;Ljava/lang/String;Lorg/testng/internal/annotations/IAnnotationFinder;ZLjava/util/List;)V+254
j  org.testng.TestRunner.<init>(Lorg/testng/internal/IConfiguration;Lorg/testng/ISuite;Lorg/testng/xml/XmlTest;ZLjava/util/List;)V+277
j  org.testng.remote.RemoteTestNG$1.newTestRunner(Lorg/testng/ISuite;Lorg/testng/xml/XmlTest;Ljava/util/List;)Lorg/testng/TestRunner;+15
j  org.testng.remote.RemoteTestNG$DelegatingTestRunnerFactory.newTestRunner(Lorg/testng/ISuite;Lorg/testng/xml/XmlTest;Ljava/util/List;)Lorg/testng/TestRunner;+7
j  org.testng.SuiteRunner$ProxyTestRunnerFactory.newTestRunner(Lorg/testng/ISuite;Lorg/testng/xml/XmlTest;Ljava/util/List;)Lorg/testng/TestRunner;+7
j  org.testng.SuiteRunner.init(Lorg/testng/internal/IConfiguration;Lorg/testng/xml/XmlSuite;Ljava/lang/String;Lorg/testng/ITestRunnerFactory;ZLorg/testng/IMethodInterceptor;Ljava/util/List;Ljava/util/List;)V+190
j  org.testng.SuiteRunner.<init>(Lorg/testng/internal/IConfiguration;Lorg/testng/xml/XmlSuite;Ljava/lang/String;Lorg/testng/ITestRunnerFactory;ZLorg/testng/IMethodInterceptor;Ljava/util/List;Ljava/util/List;)V+115
j  org.testng.TestNG.createSuiteRunner(Lorg/testng/xml/XmlSuite;)Lorg/testng/SuiteRunner;+33
j  org.testng.TestNG.createSuiteRunners(Ljava/util/Map;Lorg/testng/xml/XmlSuite;)V+223
j  org.testng.TestNG.runSuitesLocally()Ljava/util/List;+48
j  org.testng.TestNG.run()V+77
j  org.testng.remote.RemoteTestNG.run()V+209
j  org.testng.remote.RemoteTestNG.initAndRun([Ljava/lang/String;Lorg/testng/CommandLineArgs;Lorg/testng/remote/RemoteArgs;)V+184
j  org.testng.remote.RemoteTestNG.main([Ljava/lang/String;)V+99
j  org.testng.RemoteTestNGStarter.main([Ljava/lang/String;)V+441
v  ~StubRoutines::call_stub
V  [libjvm.so+0x2a7875]  JavaCalls::call_helper(JavaValue*, methodHandle*, JavaCallArguments*, Thread*)+0x315
V  [libjvm.so+0x3fa1e9]  os::os_exception_wrapper(void (*)(JavaValue*, methodHandle*, JavaCallArguments*, Thread*), JavaValue*, methodHandle*, JavaCallArguments*, Thread*)+0x19
V  [libjvm.so+0x2a64ef]  JavaCalls::call(JavaValue*, methodHandle, JavaCallArguments*, Thread*)+0x2f
V  [libjvm.so+0x43f97e]  Reflection::invoke(instanceKlassHandle, methodHandle, Handle, bool, objArrayHandle, BasicType, objArrayHandle, bool, Thread*)+0x3fe
V  [libjvm.so+0x44043a]  Reflection::invoke_method(oopDesc*, Handle, objArrayHandle, Thread*)+0x15a
V  [libjvm.so+0x328c19]  JVM_InvokeMethod+0x209
C  [libjava.so+0x15232]  Java_sun_reflect_NativeMethodAccessorImpl_invoke0+0x32
j  sun.reflect.NativeMethodAccessorImpl.invoke0(Ljava/lang/reflect/Method;Ljava/lang/Object;[Ljava/lang/Object;)Ljava/lang/Object;+0
j  sun.reflect.NativeMethodAccessorImpl.invoke(Ljava/lang/Object;[Ljava/lang/Object;)Ljava/lang/Object;+87
j  sun.reflect.DelegatingMethodAccessorImpl.invoke(Ljava/lang/Object;[Ljava/lang/Object;)Ljava/lang/Object;+6
j  java.lang.reflect.Method.invoke(Ljava/lang/Object;[Ljava/lang/Object;)Ljava/lang/Object;+57
j  com.intellij.rt.execution.application.AppMain.main([Ljava/lang/String;)V+140
v  ~StubRoutines::call_stub
V  [libjvm.so+0x2a7875]  JavaCalls::call_helper(JavaValue*, methodHandle*, JavaCallArguments*, Thread*)+0x315
V  [libjvm.so+0x3fa1e9]  os::os_exception_wrapper(void (*)(JavaValue*, methodHandle*, JavaCallArguments*, Thread*), JavaValue*, methodHandle*, JavaCallArguments*, Thread*)+0x19
V  [libjvm.so+0x2a64ef]  JavaCalls::call(JavaValue*, methodHandle, JavaCallArguments*, Thread*)+0x2f
V  [libjvm.so+0x2e28b2]  jni_invoke_static(JNIEnv_*, JavaValue*, _jobject*, JNICallType, _jmethodID*, JNI_ArgumentPusher*, Thread*)+0x242
V  [libjvm.so+0x2f8ada]  jni_CallStaticVoidMethod+0xca
C  [libjli.so+0x2e8d]  JavaMain+0x8bd
C  [libpthread.so.0+0x6d78]  start_thread+0xd8

Java frames: (J=compiled Java code, j=interpreted, Vv=VM code)
j  java.security.AccessController.doPrivileged(Ljava/security/PrivilegedExceptionAction;Ljava/security/AccessControlContext;)Ljava/lang/Object;+0
j  java.net.URLClassLoader.findClass(Ljava/lang/String;)Ljava/lang/Class;+13
j  java.lang.ClassLoader.loadClass(Ljava/lang/String;Z)Ljava/lang/Class;+70
j  java.lang.ClassLoader.loadClass(Ljava/lang/String;Z)Ljava/lang/Class;+38
j  sun.misc.Launcher$AppClassLoader.loadClass(Ljava/lang/String;Z)Ljava/lang/Class;+36
j  java.lang.ClassLoader.loadClass(Ljava/lang/String;)Ljava/lang/Class;+3
v  ~StubRoutines::call_stub
j  org.testng.internal.MethodHelper.topologicalSort([Lorg/testng/ITestNGMethod;Ljava/util/List;Ljava/util/List;)Lorg/testng/internal/Graph;+0
j  org.testng.internal.MethodHelper.sortMethods(ZLjava/util/List;Lorg/testng/internal/annotations/IAnnotationFinder;)Ljava/util/List;+104
j  org.testng.internal.MethodHelper.collectAndOrderMethods(Ljava/util/List;ZLorg/testng/internal/RunInfo;Lorg/testng/internal/annotations/IAnnotationFinder;ZLjava/util/List;)[Lorg/testng/ITestNGMethod;+39
j  org.testng.internal.TestNGMethodFinder.findConfiguration(Ljava/lang/Class;I)[Lorg/testng/ITestNGMethod;+396
j  org.testng.internal.TestNGMethodFinder.getBeforeSuiteMethods(Ljava/lang/Class;)[Lorg/testng/ITestNGMethod;+3
j  org.testng.TestClass.initMethods()V+36
j  org.testng.TestClass.init(Lorg/testng/IClass;Lorg/testng/ITestMethodFinder;Lorg/testng/internal/annotations/IAnnotationFinder;Lorg/testng/internal/RunInfo;Lorg/testng/xml/XmlTest;Lorg/testng/xml/XmlClass;)V+68
j  org.testng.TestClass.<init>(Lorg/testng/IClass;Lorg/testng/ITestMethodFinder;Lorg/testng/internal/annotations/IAnnotationFinder;Lorg/testng/internal/RunInfo;Lorg/testng/xml/XmlTest;Lorg/testng/xml/XmlClass;)V+34
j  org.testng.TestRunner.initMethods()V+160
j  org.testng.TestRunner.init()V+27
j  org.testng.TestRunner.init(Lorg/testng/internal/IConfiguration;Lorg/testng/ISuite;Lorg/testng/xml/XmlTest;Ljava/lang/String;Lorg/testng/internal/annotations/IAnnotationFinder;ZLjava/util/List;)V+254
j  org.testng.TestRunner.<init>(Lorg/testng/internal/IConfiguration;Lorg/testng/ISuite;Lorg/testng/xml/XmlTest;ZLjava/util/List;)V+277
j  org.testng.remote.RemoteTestNG$1.newTestRunner(Lorg/testng/ISuite;Lorg/testng/xml/XmlTest;Ljava/util/List;)Lorg/testng/TestRunner;+15
j  org.testng.remote.RemoteTestNG$DelegatingTestRunnerFactory.newTestRunner(Lorg/testng/ISuite;Lorg/testng/xml/XmlTest;Ljava/util/List;)Lorg/testng/TestRunner;+7
j  org.testng.SuiteRunner$ProxyTestRunnerFactory.newTestRunner(Lorg/testng/ISuite;Lorg/testng/xml/XmlTest;Ljava/util/List;)Lorg/testng/TestRunner;+7
j  org.testng.SuiteRunner.init(Lorg/testng/internal/IConfiguration;Lorg/testng/xml/XmlSuite;Ljava/lang/String;Lorg/testng/ITestRunnerFactory;ZLorg/testng/IMethodInterceptor;Ljava/util/List;Ljava/util/List;)V+190
j  org.testng.SuiteRunner.<init>(Lorg/testng/internal/IConfiguration;Lorg/testng/xml/XmlSuite;Ljava/lang/String;Lorg/testng/ITestRunnerFactory;ZLorg/testng/IMethodInterceptor;Ljava/util/List;Ljava/util/List;)V+115
j  org.testng.TestNG.createSuiteRunner(Lorg/testng/xml/XmlSuite;)Lorg/testng/SuiteRunner;+33
j  org.testng.TestNG.createSuiteRunners(Ljava/util/Map;Lorg/testng/xml/XmlSuite;)V+223
j  org.testng.TestNG.runSuitesLocally()Ljava/util/List;+48
j  org.testng.TestNG.run()V+77
j  org.testng.remote.RemoteTestNG.run()V+209
j  org.testng.remote.RemoteTestNG.initAndRun([Ljava/lang/String;Lorg/testng/CommandLineArgs;Lorg/testng/remote/RemoteArgs;)V+184
j  org.testng.remote.RemoteTestNG.main([Ljava/lang/String;)V+99
j  org.testng.RemoteTestNGStarter.main([Ljava/lang/String;)V+441
v  ~StubRoutines::call_stub
j  sun.reflect.NativeMethodAccessorImpl.invoke0(Ljava/lang/reflect/Method;Ljava/lang/Object;[Ljava/lang/Object;)Ljava/lang/Object;+0
j  sun.reflect.NativeMethodAccessorImpl.invoke(Ljava/lang/Object;[Ljava/lang/Object;)Ljava/lang/Object;+87
j  sun.reflect.DelegatingMethodAccessorImpl.invoke(Ljava/lang/Object;[Ljava/lang/Object;)Ljava/lang/Object;+6
j  java.lang.reflect.Method.invoke(Ljava/lang/Object;[Ljava/lang/Object;)Ljava/lang/Object;+57
j  com.intellij.rt.execution.application.AppMain.main([Ljava/lang/String;)V+140
v  ~StubRoutines::call_stub

---------------  P R O C E S S  ---------------

Java Threads: ( => current thread )
  0x9fa7d800 JavaThread "ReaderThread" [_thread_in_native, id=13388, stack(0x9fb27000,0x9fb78000)]
  0x9fa57c00 JavaThread "Monitor Ctrl-Break" daemon [_thread_in_native, id=13386, stack(0x9fb8d000,0x9fbde000)]
  0xb6a74000 JavaThread "Service Thread" daemon [_thread_blocked, id=13384, stack(0xa030d000,0xa035e000)]
  0xb6a72000 JavaThread "C1 CompilerThread0" daemon [_thread_blocked, id=13383, stack(0x9ff7f000,0xa0000000)]
  0xb6a70800 JavaThread "Signal Dispatcher" daemon [_thread_blocked, id=13382, stack(0xa035e000,0xa03af000)]
  0xb6a60400 JavaThread "Finalizer" daemon [_thread_blocked, id=13381, stack(0xa03af000,0xa0400000)]
  0xb6a5dc00 JavaThread "Reference Handler" daemon [_thread_blocked, id=13380, stack(0xa0503000,0xa0554000)]
=>0xb6a0c000 JavaThread "main" [_thread_in_vm, id=13378, stack(0xb6b73000,0xb6bc4000)]

Other Threads:
  0xb6a5c000 VMThread [stack: 0xa0554000,0xa05d5000] [id=13379]
  0xb6a76400 WatcherThread [stack: 0x9fefe000,0x9ff7f000] [id=13385]

VM state:not at safepoint (normal execution)

VM Mutex/Monitor currently owned by a thread: None

Heap
 def new generation   total 4928K, used 982K [0xa0950000, 0xa0ea0000, 0xa5ea0000)
  eden space 4416K,  11% used [0xa0950000, 0xa09d0080, 0xa0da0000)
  from space 512K,  91% used [0xa0e20000, 0xa0e95a88, 0xa0ea0000)
  to   space 512K,   0% used [0xa0da0000, 0xa0da0000, 0xa0e20000)
 tenured generation   total 10944K, used 1494K [0xa5ea0000, 0xa6950000, 0xb0950000)
   the space 10944K,  13% used [0xa5ea0000, 0xa6015a58, 0xa6015c00, 0xa6950000)
 compacting perm gen  total 12288K, used 3792K [0xb0950000, 0xb1550000, 0xb4950000)
   the space 12288K,  30% used [0xb0950000, 0xb0d04280, 0xb0d04400, 0xb1550000)
No shared spaces configured.

Card table byte_map: [0xa08af000,0xa0950000] byte_map_base: 0xa03aa580

Polling page: 0xb77c3000

Code Cache  [0xb49db000, 0xb4ab3000, 0xb69db000)
 total_blobs=297 nmethods=159 adapters=75 free_code_cache=31934Kb largest_free_block=32700992

Compilation events (10 events):
Event: 0,929 Thread 0xb6a72000  155             java.util.WeakHashMap::hash (65 bytes)
Event: 0,929 Thread 0xb6a72000 nmethod 155 0xb4aa9c08 code [0xb4aa9d50, 0xb4aa9f34]
Event: 0,929 Thread 0xb6a72000  156             java.util.WeakHashMap::getTable (9 bytes)
Event: 0,929 Thread 0xb6a72000 nmethod 156 0xb4aaa148 code [0xb4aaa240, 0xb4aaa2dc]
Event: 0,930 Thread 0xb6a72000  157   !         java.util.WeakHashMap::expungeStaleEntries (139 bytes)
Event: 0,930 Thread 0xb6a72000 nmethod 157 0xb4aaa348 code [0xb4aaa4c0, 0xb4aaa9cc]
Event: 0,930 Thread 0xb6a72000  158             java.util.WeakHashMap::indexFor (6 bytes)
Event: 0,931 Thread 0xb6a72000 nmethod 158 0xb4aaaf88 code [0xb4aab080, 0xb4aab0f0]
Event: 0,932 Thread 0xb6a72000  159             java.util.LinkedHashMap::get (25 bytes)
Event: 0,932 Thread 0xb6a72000 nmethod 159 0xb4aab148 code [0xb4aab260, 0xb4aab3dc]

GC Heap History (6 events):
Event: 0,500 GC heap before
{Heap before GC invocations=0 (full 0):
 def new generation   total 4928K, used 4416K [0xa0950000, 0xa0ea0000, 0xa5ea0000)
  eden space 4416K, 100% used [0xa0950000, 0xa0da0000, 0xa0da0000)
  from space 512K,   0% used [0xa0da0000, 0xa0da0000, 0xa0e20000)
  to   space 512K,   0% used [0xa0e20000, 0xa0e20000, 0xa0ea0000)
 tenured generation   total 10944K, used 0K [0xa5ea0000, 0xa6950000, 0xb0950000)
   the space 10944K,   0% used [0xa5ea0000, 0xa5ea0000, 0xa5ea0200, 0xa6950000)
 compacting perm gen  total 12288K, used 2175K [0xb0950000, 0xb1550000, 0xb4950000)
   the space 12288K,  17% used [0xb0950000, 0xb0b6fd30, 0xb0b6fe00, 0xb1550000)
No shared spaces configured.
Event: 0,508 GC heap after
Heap after GC invocations=1 (full 0):
 def new generation   total 4928K, used 512K [0xa0950000, 0xa0ea0000, 0xa5ea0000)
  eden space 4416K,   0% used [0xa0950000, 0xa0950000, 0xa0da0000)
  from space 512K, 100% used [0xa0e20000, 0xa0ea0000, 0xa0ea0000)
  to   space 512K,   0% used [0xa0da0000, 0xa0da0000, 0xa0e20000)
 tenured generation   total 10944K, used 418K [0xa5ea0000, 0xa6950000, 0xb0950000)
   the space 10944K,   3% used [0xa5ea0000, 0xa5f08b30, 0xa5f08c00, 0xa6950000)
 compacting perm gen  total 12288K, used 2175K [0xb0950000, 0xb1550000, 0xb4950000)
   the space 12288K,  17% used [0xb0950000, 0xb0b6fd30, 0xb0b6fe00, 0xb1550000)
No shared spaces configured.
}
Event: 0,733 GC heap before
{Heap before GC invocations=1 (full 0):
 def new generation   total 4928K, used 4928K [0xa0950000, 0xa0ea0000, 0xa5ea0000)
  eden space 4416K, 100% used [0xa0950000, 0xa0da0000, 0xa0da0000)
  from space 512K, 100% used [0xa0e20000, 0xa0ea0000, 0xa0ea0000)
  to   space 512K,   0% used [0xa0da0000, 0xa0da0000, 0xa0e20000)
 tenured generation   total 10944K, used 418K [0xa5ea0000, 0xa6950000, 0xb0950000)
   the space 10944K,   3% used [0xa5ea0000, 0xa5f08b30, 0xa5f08c00, 0xa6950000)
 compacting perm gen  total 12288K, used 3436K [0xb0950000, 0xb1550000, 0xb4950000)
   the space 12288K,  27% used [0xb0950000, 0xb0cab128, 0xb0cab200, 0xb1550000)
No shared spaces configured.
Event: 0,744 GC heap after
Heap after GC invocations=2 (full 0):
 def new generation   total 4928K, used 512K [0xa0950000, 0xa0ea0000, 0xa5ea0000)
  eden space 4416K,   0% used [0xa0950000, 0xa0950000, 0xa0da0000)
  from space 512K, 100% used [0xa0da0000, 0xa0e20000, 0xa0e20000)
  to   space 512K,   0% used [0xa0e20000, 0xa0e20000, 0xa0ea0000)
 tenured generation   total 10944K, used 1072K [0xa5ea0000, 0xa6950000, 0xb0950000)
   the space 10944K,   9% used [0xa5ea0000, 0xa5fac1d0, 0xa5fac200, 0xa6950000)
 compacting perm gen  total 12288K, used 3436K [0xb0950000, 0xb1550000, 0xb4950000)
   the space 12288K,  27% used [0xb0950000, 0xb0cab128, 0xb0cab200, 0xb1550000)
No shared spaces configured.
}
Event: 0,897 GC heap before
{Heap before GC invocations=2 (full 0):
 def new generation   total 4928K, used 4928K [0xa0950000, 0xa0ea0000, 0xa5ea0000)
  eden space 4416K, 100% used [0xa0950000, 0xa0da0000, 0xa0da0000)
  from space 512K, 100% used [0xa0da0000, 0xa0e20000, 0xa0e20000)
  to   space 512K,   0% used [0xa0e20000, 0xa0e20000, 0xa0ea0000)
 tenured generation   total 10944K, used 1072K [0xa5ea0000, 0xa6950000, 0xb0950000)
   the space 10944K,   9% used [0xa5ea0000, 0xa5fac1d0, 0xa5fac200, 0xa6950000)
 compacting perm gen  total 12288K, used 3761K [0xb0950000, 0xb1550000, 0xb4950000)
   the space 12288K,  30% used [0xb0950000, 0xb0cfc740, 0xb0cfc800, 0xb1550000)
No shared spaces configured.
Event: 0,911 GC heap after
Heap after GC invocations=3 (full 0):
 def new generation   total 4928K, used 470K [0xa0950000, 0xa0ea0000, 0xa5ea0000)
  eden space 4416K,   0% used [0xa0950000, 0xa0950000, 0xa0da0000)
  from space 512K,  91% used [0xa0e20000, 0xa0e95a88, 0xa0ea0000)
  to   space 512K,   0% used [0xa0da0000, 0xa0da0000, 0xa0e20000)
 tenured generation   total 10944K, used 1494K [0xa5ea0000, 0xa6950000, 0xb0950000)
   the space 10944K,  13% used [0xa5ea0000, 0xa6015a58, 0xa6015c00, 0xa6950000)
 compacting perm gen  total 12288K, used 3761K [0xb0950000, 0xb1550000, 0xb4950000)
   the space 12288K,  30% used [0xb0950000, 0xb0cfc740, 0xb0cfc800, 0xb1550000)
No shared spaces configured.
}

Deoptimization events (0 events):
No events

Internal exceptions (10 events):
Event: 0,896 Thread 0xb6a0c000 Threw 0xa0d8bf60 at /HUDSON/workspace/jdk7u40-2-build-linux-i586-product/jdk7u40/hotspot/src/share/vm/prims/jvm.cpp:1244
Event: 0,897 Thread 0xb6a0c000 Threw 0xa0d96ee8 at /HUDSON/workspace/jdk7u40-2-build-linux-i586-product/jdk7u40/hotspot/src/share/vm/prims/jvm.cpp:1244
Event: 0,917 Thread 0xb6a0c000 Threw 0xa0953180 at /HUDSON/workspace/jdk7u40-2-build-linux-i586-product/jdk7u40/hotspot/src/share/vm/prims/jvm.cpp:1244
Event: 0,919 Thread 0xb6a0c000 Threw 0xa0961a78 at /HUDSON/workspace/jdk7u40-2-build-linux-i586-product/jdk7u40/hotspot/src/share/vm/prims/jvm.cpp:1244
Event: 0,921 Thread 0xb6a0c000 Threw 0xa096d4f0 at /HUDSON/workspace/jdk7u40-2-build-linux-i586-product/jdk7u40/hotspot/src/share/vm/prims/jvm.cpp:1244
Event: 0,922 Thread 0xb6a0c000 Threw 0xa0978f50 at /HUDSON/workspace/jdk7u40-2-build-linux-i586-product/jdk7u40/hotspot/src/share/vm/prims/jvm.cpp:1244
Event: 0,922 Thread 0xb6a0c000 Threw 0xa0983838 at /HUDSON/workspace/jdk7u40-2-build-linux-i586-product/jdk7u40/hotspot/src/share/vm/prims/jvm.cpp:1244
Event: 0,933 Thread 0xb6a0c000 Threw 0xa0998718 at /HUDSON/workspace/jdk7u40-2-build-linux-i586-product/jdk7u40/hotspot/src/share/vm/prims/jvm.cpp:1244
Event: 0,936 Thread 0xb6a0c000 Threw 0xa09ab998 at /HUDSON/workspace/jdk7u40-2-build-linux-i586-product/jdk7u40/hotspot/src/share/vm/prims/jvm.cpp:1244
Event: 0,938 Thread 0xb6a0c000 Threw 0xa09bd548 at /HUDSON/workspace/jdk7u40-2-build-linux-i586-product/jdk7u40/hotspot/src/share/vm/prims/jvm.cpp:1244

Events (10 events):
Event: 0,922 loading class 0x9fac3650
Event: 0,922 loading class 0x9fac3650 done
Event: 0,926 loading class 0xa07ddd60
Event: 0,926 loading class 0xa07ddd60 done
Event: 0,933 loading class 0x9fac1a30
Event: 0,933 loading class 0x9fac1a30 done
Event: 0,936 loading class 0x9fac1890
Event: 0,936 loading class 0x9fac1890 done
Event: 0,938 loading class 0x9fac2960
Event: 0,938 loading class 0x9fac2960 done


Dynamic libraries:
08048000-08049000 r-xp 00000000 08:04 1717000    /usr/local/java/jdk1.7.0_40/bin/java
08049000-0804a000 rw-p 00000000 08:04 1717000    /usr/local/java/jdk1.7.0_40/bin/java
08077000-08098000 rw-p 00000000 00:00 0          [heap]
9f818000-9f900000 rw-p 00000000 00:00 0 
9f900000-9f982000 rw-p 00000000 00:00 0 
9f982000-9fa00000 ---p 00000000 00:00 0 
9fa00000-9faf3000 rw-p 00000000 00:00 0 
9faf3000-9fb00000 ---p 00000000 00:00 0 
9fb21000-9fb23000 rw-p 00000000 00:00 0 
9fb23000-9fb27000 r--s 0008a000 08:04 1717584    /usr/local/java/jdk1.7.0_40/jre/lib/jsse.jar
9fb27000-9fb2a000 ---p 00000000 00:00 0 
9fb2a000-9fb78000 rw-p 00000000 00:00 0          [stack:13388]
9fb78000-9fb8c000 r-xp 00000000 08:04 1717553    /usr/local/java/jdk1.7.0_40/jre/lib/i386/libnet.so
9fb8c000-9fb8d000 rw-p 00014000 08:04 1717553    /usr/local/java/jdk1.7.0_40/jre/lib/i386/libnet.so
9fb8d000-9fb90000 ---p 00000000 00:00 0 
9fb90000-9fbde000 rw-p 00000000 00:00 0          [stack:13386]
9fbde000-9fbdf000 r-xp 00000000 08:04 1976888    /home/guilherme/idea-IU-129.713/bin/libbreakgen.so
9fbdf000-9fbe0000 rw-p 00000000 08:04 1976888    /home/guilherme/idea-IU-129.713/bin/libbreakgen.so
9fbe0000-9fbe2000 r--s 00013000 08:04 1976990    /home/guilherme/idea-IU-129.713/lib/idea_rt.jar
9fbe2000-9fbf8000 r--s 00258000 08:04 5379945    /home/guilherme/idea-IU-129.713/plugins/testng/lib/testng.jar
9fbf8000-9fbfe000 r--s 00033000 08:04 4982889    /home/guilherme/.m2/repository/org/yaml/snakeyaml/1.6/snakeyaml-1.6.jar
9fbfe000-9fc00000 r--s 00006000 08:04 4982891    /home/guilherme/.m2/repository/com/beust/jcommander/1.12/jcommander-1.12.jar
9fc00000-9fcff000 rw-p 00000000 00:00 0 
9fcff000-9fd00000 ---p 00000000 00:00 0 
9fd00000-9fd01000 rw-p 00000000 00:00 0 
9fd01000-9fd06000 r--s 00040000 08:04 4982892    /home/guilherme/.m2/repository/org/beanshell/bsh/2.0b4/bsh-2.0b4.jar
9fd06000-9fd10000 r--s 00087000 08:04 4465263    /home/guilherme/.m2/repository/org/testng/testng/6.1.1/testng-6.1.1.jar
9fd10000-9fd13000 r--s 0001a000 08:04 5643337    /home/guilherme/.m2/repository/com/jcraft/jsch/0.1.23/jsch-0.1.23.jar
9fd13000-9fd15000 r--s 00007000 08:04 5643375    /home/guilherme/.m2/repository/org/apache/maven/wagon/wagon-ssh/1.0-alpha-5/wagon-ssh-1.0-alpha-5.jar
9fd15000-9fd16000 r--s 00001000 08:04 5645070    /home/guilherme/.m2/repository/org/apache/maven/maven-monitor/2.0/maven-monitor-2.0.jar
9fd16000-9fd18000 r--s 00002000 08:04 5380014    /home/guilherme/.m2/repository/org/codehaus/plexus/plexus-interactivity-api/1.0-alpha-4/plexus-interactivity-api-1.0-alpha-4.jar
9fd18000-9fd1a000 r--s 00007000 08:04 5645055    /home/guilherme/.m2/repository/org/apache/maven/maven-plugin-descriptor/2.0/maven-plugin-descriptor-2.0.jar
9fd1a000-9fd1c000 r--s 00006000 08:04 5380013    /home/guilherme/.m2/repository/commons-cli/commons-cli/1.0/commons-cli-1.0.jar
9fd1c000-9fd1e000 r--s 00005000 08:04 5645038    /home/guilherme/.m2/repository/org/apache/maven/maven-plugin-registry/2.0/maven-plugin-registry-2.0.jar
9fd1e000-9fd1f000 r--s 00002000 08:04 5645035    /home/guilherme/.m2/repository/org/apache/maven/maven-error-diagnostics/2.0/maven-error-diagnostics-2.0.jar
9fd1f000-9fd21000 r--s 00000000 08:04 5643353    /home/guilherme/.m2/repository/doxia/doxia-sink-api/1.0-alpha-4/doxia-sink-api-1.0-alpha-4.jar
9fd21000-9fd22000 r--s 00001000 08:04 5643339    /home/guilherme/.m2/repository/org/apache/maven/reporting/maven-reporting-api/2.0/maven-reporting-api-2.0.jar
9fd22000-9fd23000 r--s 00001000 08:04 5643369    /home/guilherme/.m2/repository/org/apache/maven/wagon/wagon-http-lightweight/1.0-alpha-5/wagon-http-lightweight-1.0-alpha-5.jar
9fd23000-9fd25000 r--s 00003000 08:04 5645032    /home/guilherme/.m2/repository/org/apache/maven/maven-plugin-parameter-documenter/2.0/maven-plugin-parameter-documenter-2.0.jar
9fd25000-9fd26000 r--s 00001000 08:04 5643349    /home/guilherme/.m2/repository/org/apache/maven/wagon/wagon-file/1.0-alpha-5/wagon-file-1.0-alpha-5.jar
9fd26000-9fd2a000 r--s 0001e000 08:04 5643386    /home/guilherme/.m2/repository/org/apache/maven/maven-core/2.0/maven-core-2.0.jar
9fd2a000-9fd2b000 r--s 00007000 08:04 5643376    /home/guilherme/.m2/repository/org/apache/maven/shared/maven-plugin-testing-harness/1.1/maven-plugin-testing-harness-1.1.jar
9fd2b000-9fd2d000 r--s 00005000 08:04 5769033    /home/guilherme/.m2/repository/org/apache/maven/shared/maven-common-artifact-filters/1.0/maven-common-artifact-filters-1.0.jar
9fd2d000-9fd2e000 r--s 00005000 08:04 5643351    /home/guilherme/.m2/repository/org/apache/maven/shared/maven-repository-builder/1.0-alpha-2/maven-repository-builder-1.0-alpha-2.jar
9fd2e000-9fd30000 r--s 00008000 08:04 4603583    /home/guilherme/.m2/repository/classworlds/classworlds/1.1-alpha-2/classworlds-1.1-alpha-2.jar
9fd30000-9fd31000 r--s 00002000 08:04 4602128    /home/guilherme/.m2/repository/org/apache/maven/maven-archiver/2.2/maven-archiver-2.2.jar
9fd31000-9fd33000 r--s 00006000 08:04 5515098    /home/guilherme/.m2/repository/org/apache/maven/maven-profile/2.0.4/maven-profile-2.0.4.jar
9fd33000-9fd35000 r--s 00012000 08:04 5381163    /home/guilherme/.m2/repository/org/apache/maven/maven-model/2.0.4/maven-model-2.0.4.jar
9fd35000-9fd37000 r--s 00009000 08:04 5252442    /home/guilherme/.m2/repository/org/apache/maven/maven-settings/2.0.4/maven-settings-2.0.4.jar
9fd37000-9fd3a000 r--s 00018000 08:04 5252407    /home/guilherme/.m2/repository/org/apache/maven/maven-project/2.0.4/maven-project-2.0.4.jar
9fd3a000-9fd3c000 r--s 00004000 08:04 4729740    /home/guilherme/.m2/repository/org/codehaus/plexus/plexus-active-collections/1.0-beta-2/plexus-active-collections-1.0-beta-2.jar
9fd3c000-9fd3e000 r--s 00009000 08:04 5381154    /home/guilherme/.m2/repository/org/apache/maven/wagon/wagon-provider-api/1.0-alpha-6/wagon-provider-api-1.0-alpha-6.jar
9fd3e000-9fd3f000 r--s 00004000 08:04 4729737    /home/guilherme/.m2/repository/org/apache/maven/maven-repository-metadata/2.0.2/maven-repository-metadata-2.0.2.jar
9fd3f000-9fd42000 r--s 0000a000 08:04 5381157    /home/guilherme/.m2/repository/org/apache/maven/maven-artifact-manager/2.0.2/maven-artifact-manager-2.0.2.jar
9fd42000-9fd45000 r--s 00011000 08:04 5643355    /home/guilherme/.m2/repository/org/apache/maven/maven-artifact/2.0.4/maven-artifact-2.0.4.jar
9fd45000-9fd47000 r--s 00008000 08:04 5250126    /home/guilherme/.m2/repository/org/apache/maven/shared/maven-shared-io/1.1/maven-shared-io-1.1.jar
9fd47000-9fd49000 r--s 00001000 08:04 4339221    /home/guilherme/.m2/repository/org/apache/maven/maven-plugin-api/2.0.4/maven-plugin-api-2.0.4.jar
9fd49000-9fd4b000 r--s 00006000 08:04 4993795    /home/guilherme/.m2/repository/org/apache/maven/shared/file-management/1.1/file-management-1.1.jar
9fd4b000-9fd4d000 r--s 00006000 08:04 5381160    /home/guilherme/.m2/repository/org/codehaus/plexus/plexus-io/1.0-alpha-2/plexus-io-1.0-alpha-2.jar
9fd4d000-9fd50000 r--s 0001b000 08:04 4982890    /home/guilherme/.m2/repository/junit/junit/3.8.1/junit-3.8.1.jar
9fd50000-9fd57000 r--s 00029000 08:04 4603586    /home/guilherme/.m2/repository/org/codehaus/plexus/plexus-container-default/1.0-alpha-9-stable-1/plexus-container-default-1.0-alpha-9-stable-1.jar
9fd57000-9fd5b000 r--s 00030000 08:04 5769029    /home/guilherme/.m2/repository/org/codehaus/plexus/plexus-utils/1.5.1/plexus-utils-1.5.1.jar
9fd5b000-9fd5f000 r--s 00027000 08:04 4472124    /home/guilherme/.m2/repository/org/codehaus/plexus/plexus-archiver/1.0-alpha-10/plexus-archiver-1.0-alpha-10.jar
9fd5f000-9fd64000 r--s 00018000 08:04 4339220    /home/guilherme/.m2/repository/aspectj/aspectjrt/1.5.3/aspectjrt-1.5.3.jar
9fd64000-9fd68000 r--s 0002b000 08:04 4338688    /home/guilherme/.m2/repository/org/apache/maven/plugins/maven-assembly-plugin/2.2-beta-2/maven-assembly-plugin-2.2-beta-2.jar
9fd68000-9fd6a000 r--s 0000a000 08:04 5642959    /home/guilherme/.m2/repository/javax/ws/rs/jsr311-api/1.1.1/jsr311-api-1.1.1.jar
9fd6a000-9fd6e000 r--s 0002a000 08:04 4339230    /home/guilherme/.m2/repository/commons-io/commons-io/2.4/commons-io-2.4.jar
9fd6e000-9fd72000 r--s 0002f000 08:04 5778338    /home/guilherme/.m2/repository/com/fasterxml/jackson/core/jackson-core/2.1.3/jackson-core-2.1.3.jar
9fd72000-9fd74000 r--s 00007000 08:04 5778333    /home/guilherme/.m2/repository/com/fasterxml/jackson/core/jackson-annotations/2.1.2/jackson-annotations-2.1.2.jar
9fd74000-9fd84000 r--s 000d2000 08:04 5769112    /home/guilherme/.m2/repository/com/fasterxml/jackson/core/jackson-databind/2.1.3/jackson-databind-2.1.3.jar
9fd84000-9fd87000 r--s 00018000 08:04 4207654    /home/guilherme/.m2/repository/org/mongojack/mongojack/2.0.0-RC5/mongojack-2.0.0-RC5.jar
9fd87000-9fd89000 r--s 0000a000 08:04 4196690    /home/guilherme/.m2/repository/org/json/json/20090211/json-20090211.jar
9fd89000-9fd8c000 r--s 0000b000 08:04 4196718    /home/guilherme/.m2/repository/javax/persistence/persistence-api/1.0.2/persistence-api-1.0.2.jar
9fd8c000-9fd8e000 r--s 0000c000 08:04 4196713    /home/guilherme/.m2/repository/de/undercouch/bson4jackson/1.3.0/bson4jackson-1.3.0.jar
9fd8e000-9fd93000 r--s 00043000 08:04 4196674    /home/guilherme/.m2/repository/org/mongodb/mongo-java-driver/2.7.2/mongo-java-driver-2.7.2.jar
9fd93000-9fd96000 r--s 00014000 08:04 4196701    /home/guilherme/.m2/repository/net/vz/mongodb/jackson/mongo-jackson-mapper/1.4.1/mongo-jackson-mapper-1.4.1.jar
9fd96000-9fd98000 r--s 0000a000 08:04 4723826    /home/guilherme/.m2/repository/commons-codec/commons-codec/1.3/commons-codec-1.3.jar
9fd98000-9fd9a000 r--s 0000d000 08:04 5778757    /home/guilherme/.m2/repository/commons-logging/commons-logging/1.1.1/commons-logging-1.1.1.jar
9fd9a000-9fd9f000 r--s 00025000 08:04 4208682    /home/guilherme/.m2/repository/org/apache/httpcomponents/httpcore/4.0-beta1/httpcore-4.0-beta1.jar
9fd9f000-9fda6000 r--s 00036000 08:04 4208679    /home/guilherme/.m2/repository/org/apache/httpcomponents/httpclient/4.0-alpha4/httpclient-4.0-alpha4.jar
9fda6000-9fda7000 r--s 00006000 08:04 4196782    /home/guilherme/.m2/repository/org/codehaus/jackson/jackson-xc/1.9.2/jackson-xc-1.9.2.jar
9fda7000-9fda8000 r--s 00004000 08:04 4196773    /home/guilherme/.m2/repository/org/codehaus/jackson/jackson-jaxrs/1.9.2/jackson-jaxrs-1.9.2.jar
9fda8000-9fdb6000 r--s 000ad000 08:04 4196762    /home/guilherme/.m2/repository/org/codehaus/jackson/jackson-mapper-asl/1.9.2/jackson-mapper-asl-1.9.2.jar
9fdb6000-9fdba000 r--s 00034000 08:04 4196724    /home/guilherme/.m2/repository/org/codehaus/jackson/jackson-core-asl/1.9.2/jackson-core-asl-1.9.2.jar
9fdba000-9fdbc000 r--s 00004000 08:04 4196725    /home/guilherme/.m2/repository/javax/xml/stream/stax-api/1.0-2/stax-api-1.0-2.jar
9fdbc000-9fdbf000 r--s 00017000 08:04 4196709    /home/guilherme/.m2/repository/javax/xml/bind/jaxb-api/2.2.2/jaxb-api-2.2.2.jar
9fdbf000-9fdd2000 r--s 000c7000 08:04 4196686    /home/guilherme/.m2/repository/com/sun/xml/bind/jaxb-impl/2.2.3-1/jaxb-impl-2.2.3-1.jar
9fdd2000-9fdd4000 r--s 0000f000 08:04 4196720    /home/guilherme/.m2/repository/org/codehaus/jettison/jettison/1.1/jettison-1.1.jar
9fdd4000-9fdd8000 r--s 00020000 08:04 4196675    /home/guilherme/.m2/repository/org/glassfish/jersey/media/jersey-media-json/2.0-m02/jersey-media-json-2.0-m02.jar
9fdd8000-9fde1000 r--s 00042000 08:04 4196752    /home/guilherme/.m2/repository/org/glassfish/jersey/core/jersey-server/2.0-m02/jersey-server-2.0-m02.jar
9fde1000-9fde3000 r--s 00003000 08:04 4196733    /home/guilherme/.m2/repository/org/jvnet/tiger-types/1.4/tiger-types-1.4.jar
9fde3000-9fde8000 r--s 00047000 08:04 4196757    /home/guilherme/.m2/repository/org/glassfish/hk2/external/asm-all-repackaged/1.6.32/asm-all-repackaged-1.6.32.jar
9fde8000-9fde9000 r--s 00001000 08:04 4196691    /home/guilherme/.m2/repository/org/glassfish/hk2/external/javax.inject/1.6.32/javax.inject-1.6.32.jar
9fde9000-9fdf0000 r--s 0004a000 08:04 4196753    /home/guilherme/.m2/repository/org/glassfish/hk2/auto-depends/1.6.32/auto-depends-1.6.32.jar
9fdf0000-9fdf2000 r--s 00006000 08:04 4196679    /home/guilherme/.m2/repository/org/glassfish/hk2/hk2-api/1.6.32/hk2-api-1.6.32.jar
9fdf2000-9fdf5000 r--s 00006000 08:04 4196737    /home/guilherme/.m2/repository/com/google/code/findbugs/jsr305/1.3.9/jsr305-1.3.9.jar
9fdf5000-9fe15000 r--s 00173000 08:04 4196682    /home/guilherme/.m2/repository/com/google/guava/guava/11.0.1/guava-11.0.1.jar
9fe15000-9fe17000 r--s 0000e000 08:04 4196702    /home/guilherme/.m2/repository/javax/activation/activation/1.1/activation-1.1.jar
9fe17000-9fe1d000 r--s 00059000 08:04 4196731    /home/guilherme/.m2/repository/javax/mail/mail/1.4/mail-1.4.jar
9fe1d000-9fe20000 r--s 00012000 08:04 4196681    /home/guilherme/.m2/repository/javax/ws/rs/javax.ws.rs-api/2.0-m03/javax.ws.rs-api-2.0-m03.jar
9fe20000-9fe2b000 r--s 0006c000 08:04 4196687    /home/guilherme/.m2/repository/org/glassfish/jersey/core/jersey-common/2.0-m02/jersey-common-2.0-m02.jar
9fe2b000-9fe2d000 r--s 00002000 08:04 4196697    /home/guilherme/.m2/repository/org/glassfish/jersey/containers/jersey-container-grizzly2-http/2.0-m02/jersey-container-grizzly2-http-2.0-m02.jar
9fe2d000-9fe3b000 r--s 000a6000 08:04 4196758    /home/guilherme/.m2/repository/org/glassfish/grizzly/grizzly-framework/2.2.4/grizzly-framework-2.2.4.jar
9fe3b000-9fe40000 r--s 0003b000 08:04 4196742    /home/guilherme/.m2/repository/org/glassfish/grizzly/grizzly-http/2.2.4/grizzly-http-2.2.4.jar
9fe40000-9fe44000 r--s 00030000 08:04 4196693    /home/guilherme/.m2/repository/org/glassfish/grizzly/grizzly-http-server/2.2.4/grizzly-http-server-2.2.4.jar
9fe44000-9fed3000 r--s 00dda000 08:04 1717647    /usr/local/java/jdk1.7.0_40/jre/lib/jfxrt.jar
9fed3000-9fee6000 r--s 001a5000 08:04 1717649    /usr/local/java/jdk1.7.0_40/jre/lib/plugin.jar
9fee6000-9fefe000 r--s 00406000 08:04 1717648    /usr/local/java/jdk1.7.0_40/jre/lib/deploy.jar
9fefe000-9feff000 ---p 00000000 00:00 0 
9feff000-9ff7f000 rw-p 00000000 00:00 0          [stack:13385]
9ff7f000-9ff82000 ---p 00000000 00:00 0 
9ff82000-a0000000 rw-p 00000000 00:00 0          [stack:13383]
a0000000-a0200000 r--p 00000000 08:04 1449933    /usr/lib/locale/locale-archive
a0200000-a0221000 rw-p 00000000 00:00 0 
a0221000-a0300000 ---p 00000000 00:00 0 
a0300000-a0304000 r--s 0008a000 08:04 1717584    /usr/local/java/jdk1.7.0_40/jre/lib/jsse.jar
a0304000-a030d000 r--s 000d3000 08:04 1717586    /usr/local/java/jdk1.7.0_40/jre/lib/javaws.jar
a030d000-a0310000 ---p 00000000 00:00 0 
a0310000-a035e000 rw-p 00000000 00:00 0          [stack:13384]
a035e000-a0361000 ---p 00000000 00:00 0 
a0361000-a03af000 rw-p 00000000 00:00 0          [stack:13382]
a03af000-a03b2000 ---p 00000000 00:00 0 
a03b2000-a0400000 rw-p 00000000 00:00 0          [stack:13381]
a0400000-a04e3000 rw-p 00000000 00:00 0 
a04e3000-a0500000 ---p 00000000 00:00 0 
a0500000-a0501000 r--s 00004000 08:04 4196756    /home/guilherme/.m2/repository/org/glassfish/hk2/osgi-resource-locator/1.0.1/osgi-resource-locator-1.0.1.jar
a0501000-a0503000 r--s 00009000 08:04 4196698    /home/guilherme/.m2/repository/org/glassfish/external/management-api/3.0.0-b012/management-api-3.0.0-b012.jar
a0503000-a0506000 ---p 00000000 00:00 0 
a0506000-a0554000 rw-p 00000000 00:00 0          [stack:13380]
a0554000-a0555000 ---p 00000000 00:00 0 
a0555000-a0620000 rw-p 00000000 00:00 0          [stack:13379]
a0620000-a07dd000 r--s 039d3000 08:04 1717013    /usr/local/java/jdk1.7.0_40/jre/lib/rt.jar
a07dd000-a083f000 rw-p 00000000 00:00 0 
a083f000-a0859000 rw-p 00000000 00:00 0 
a0859000-a085f000 rw-p 00000000 00:00 0 
a085f000-a08af000 rw-p 00000000 00:00 0 
a08af000-a08b2000 rw-p 00000000 00:00 0 
a08b2000-a08d9000 rw-p 00000000 00:00 0 
a08d9000-a08df000 rw-p 00000000 00:00 0 
a08df000-a092f000 rw-p 00000000 00:00 0 
a092f000-a0935000 rw-p 00000000 00:00 0 
a0935000-a094f000 rw-p 00000000 00:00 0 
a094f000-a0ea0000 rw-p 00000000 00:00 0 
a0ea0000-a5ea0000 rw-p 00000000 00:00 0 
a5ea0000-a6950000 rw-p 00000000 00:00 0 
a6950000-b0950000 rw-p 00000000 00:00 0 
b0950000-b1550000 rw-p 00000000 00:00 0 
b1550000-b4950000 rw-p 00000000 00:00 0 
b4950000-b4951000 r--s 00001000 08:04 4196767    /home/guilherme/.m2/repository/org/glassfish/grizzly/grizzly-rcm/2.2.4/grizzly-rcm-2.2.4.jar
b4951000-b495b000 r--s 00371000 08:04 1717754    /usr/local/java/jdk1.7.0_40/jre/lib/charsets.jar
b495b000-b495f000 rw-p 00000000 00:00 0 
b495f000-b49db000 rw-p 00000000 00:00 0 
b49db000-b4ab3000 rwxp 00000000 00:00 0 
b4ab3000-b69db000 rw-p 00000000 00:00 0 
b69db000-b69f2000 r-xp 00000000 08:04 1717575    /usr/local/java/jdk1.7.0_40/jre/lib/i386/libzip.so
b69f2000-b69f3000 rw-p 00017000 08:04 1717575    /usr/local/java/jdk1.7.0_40/jre/lib/i386/libzip.so
b69f3000-b69fe000 r-xp 00000000 08:04 2491278    /lib/i386-linux-gnu/libnss_files-2.17.so
b69fe000-b69ff000 r--p 0000a000 08:04 2491278    /lib/i386-linux-gnu/libnss_files-2.17.so
b69ff000-b6a00000 rw-p 0000b000 08:04 2491278    /lib/i386-linux-gnu/libnss_files-2.17.so
b6a00000-b6afe000 rw-p 00000000 00:00 0 
b6afe000-b6b00000 ---p 00000000 00:00 0 
b6b00000-b6b02000 r--s 00004000 08:04 4196729    /home/guilherme/.m2/repository/org/glassfish/gmbal/gmbal-api-only/3.0.0-b023/gmbal-api-only-3.0.0-b023.jar
b6b02000-b6b08000 r--s 0007d000 08:04 1717785    /usr/local/java/jdk1.7.0_40/jre/lib/jfr.jar
b6b08000-b6b12000 r-xp 00000000 08:04 2491282    /lib/i386-linux-gnu/libnss_nis-2.17.so
b6b12000-b6b13000 r--p 00009000 08:04 2491282    /lib/i386-linux-gnu/libnss_nis-2.17.so
b6b13000-b6b14000 rw-p 0000a000 08:04 2491282    /lib/i386-linux-gnu/libnss_nis-2.17.so
b6b14000-b6b29000 r-xp 00000000 08:04 2491272    /lib/i386-linux-gnu/libnsl-2.17.so
b6b29000-b6b2a000 r--p 00014000 08:04 2491272    /lib/i386-linux-gnu/libnsl-2.17.so
b6b2a000-b6b2b000 rw-p 00015000 08:04 2491272    /lib/i386-linux-gnu/libnsl-2.17.so
b6b2b000-b6b2d000 rw-p 00000000 00:00 0 
b6b2d000-b6b2f000 r--s 00019000 08:04 1717801    /usr/local/java/jdk1.7.0_40/jre/lib/jce.jar
b6b2f000-b6b38000 r--s 00250000 08:04 1717499    /usr/local/java/jdk1.7.0_40/jre/lib/resources.jar
b6b38000-b6b3e000 r--s 000a9000 08:04 5379941    /home/guilherme/idea-IU-129.713/plugins/testng/lib/testng-plugin.jar
b6b3e000-b6b46000 rw-s 00000000 08:04 5779483    /tmp/hsperfdata_guilherme/13377
b6b46000-b6b69000 r-xp 00000000 08:04 1717538    /usr/local/java/jdk1.7.0_40/jre/lib/i386/libjava.so
b6b69000-b6b6a000 rw-p 00022000 08:04 1717538    /usr/local/java/jdk1.7.0_40/jre/lib/i386/libjava.so
b6b6a000-b6b71000 r-xp 00000000 08:04 2491325    /lib/i386-linux-gnu/librt-2.17.so
b6b71000-b6b72000 r--p 00006000 08:04 2491325    /lib/i386-linux-gnu/librt-2.17.so
b6b72000-b6b73000 rw-p 00007000 08:04 2491325    /lib/i386-linux-gnu/librt-2.17.so
b6b73000-b6b76000 ---p 00000000 00:00 0 
b6b76000-b6bc4000 rw-p 00000000 00:00 0          [stack:13378]
b6bc4000-b6c05000 r-xp 00000000 08:04 2491253    /lib/i386-linux-gnu/libm-2.17.so
b6c05000-b6c06000 r--p 00040000 08:04 2491253    /lib/i386-linux-gnu/libm-2.17.so
b6c06000-b6c07000 rw-p 00041000 08:04 2491253    /lib/i386-linux-gnu/libm-2.17.so
b6c07000-b718d000 r-xp 00000000 08:04 1717533    /usr/local/java/jdk1.7.0_40/jre/lib/i386/client/libjvm.so
b718d000-b71ae000 rw-p 00586000 08:04 1717533    /usr/local/java/jdk1.7.0_40/jre/lib/i386/client/libjvm.so
b71ae000-b75cf000 rw-p 00000000 00:00 0 
b75cf000-b777c000 r-xp 00000000 08:04 2491205    /lib/i386-linux-gnu/libc-2.17.so
b777c000-b777e000 r--p 001ad000 08:04 2491205    /lib/i386-linux-gnu/libc-2.17.so
b777e000-b777f000 rw-p 001af000 08:04 2491205    /lib/i386-linux-gnu/libc-2.17.so
b777f000-b7782000 rw-p 00000000 00:00 0 
b7782000-b7785000 r-xp 00000000 08:04 2491220    /lib/i386-linux-gnu/libdl-2.17.so
b7785000-b7786000 r--p 00002000 08:04 2491220    /lib/i386-linux-gnu/libdl-2.17.so
b7786000-b7787000 rw-p 00003000 08:04 2491220    /lib/i386-linux-gnu/libdl-2.17.so
b7787000-b779a000 r-xp 00000000 08:04 1717542    /usr/local/java/jdk1.7.0_40/jre/lib/i386/jli/libjli.so
b779a000-b779b000 rw-p 00012000 08:04 1717542    /usr/local/java/jdk1.7.0_40/jre/lib/i386/jli/libjli.so
b779b000-b779c000 rw-p 00000000 00:00 0 
b779c000-b77b3000 r-xp 00000000 08:04 2491317    /lib/i386-linux-gnu/libpthread-2.17.so
b77b3000-b77b4000 r--p 00016000 08:04 2491317    /lib/i386-linux-gnu/libpthread-2.17.so
b77b4000-b77b5000 rw-p 00017000 08:04 2491317    /lib/i386-linux-gnu/libpthread-2.17.so
b77b5000-b77b7000 rw-p 00000000 00:00 0 
b77b7000-b77b8000 r--s 00000000 08:04 1717585    /usr/local/java/jdk1.7.0_40/jre/lib/management-agent.jar
b77b8000-b77b9000 r--p 005e0000 08:04 1449933    /usr/lib/locale/locale-archive
b77b9000-b77c0000 r-xp 00000000 08:04 2491274    /lib/i386-linux-gnu/libnss_compat-2.17.so
b77c0000-b77c1000 r--p 00006000 08:04 2491274    /lib/i386-linux-gnu/libnss_compat-2.17.so
b77c1000-b77c2000 rw-p 00007000 08:04 2491274    /lib/i386-linux-gnu/libnss_compat-2.17.so
b77c2000-b77c3000 rw-p 00000000 00:00 0 
b77c3000-b77c4000 r--p 00000000 00:00 0 
b77c4000-b77cf000 r-xp 00000000 08:04 1717520    /usr/local/java/jdk1.7.0_40/jre/lib/i386/libverify.so
b77cf000-b77d0000 rw-p 0000b000 08:04 1717520    /usr/local/java/jdk1.7.0_40/jre/lib/i386/libverify.so
b77d0000-b77d2000 rw-p 00000000 00:00 0 
b77d2000-b77d3000 r-xp 00000000 00:00 0          [vdso]
b77d3000-b77f3000 r-xp 00000000 08:04 2491181    /lib/i386-linux-gnu/ld-2.17.so
b77f3000-b77f4000 r--p 0001f000 08:04 2491181    /lib/i386-linux-gnu/ld-2.17.so
b77f4000-b77f5000 rw-p 00020000 08:04 2491181    /lib/i386-linux-gnu/ld-2.17.so
bf8d7000-bf8fb000 rw-p 00000000 00:00 0          [stack]

VM Arguments:
jvm_args: -ea -Didea.launcher.port=7540 -Didea.launcher.bin.path=/home/guilherme/idea-IU-129.713/bin -Dfile.encoding=UTF-8 
java_command: com.intellij.rt.execution.application.AppMain org.testng.RemoteTestNGStarter -port 54581 -usedefaultlisteners false -socket42158 -temp /tmp/idea_testng7962182019283764293.tmp
Launcher Type: SUN_STANDARD

Environment Variables:
JAVA_HOME=/usr/local/java/jdk1.7.0_40
JRE_HOME=/usr/local/java/jre1.7.0_40
CLASSPATH=./../lib/bootstrap.jar:./../lib/extensions.jar:./../lib/util.jar:./../lib/jdom.jar:./../lib/log4j.jar:./../lib/trove4j.jar:./../lib/jna.jar:/usr/local/java/jdk1.7.0_40/lib/tools.jar
PATH=/usr/local/heroku/bin:/usr/lib/lightdm/lightdm:/usr/local/sbin:/usr/local/bin:/usr/sbin:/usr/bin:/sbin:/bin:/usr/games:/usr/local/games:/home/guilherme/bin:/usr/local/java/jdk1.7.0_40/bin:/home/guilherme/bin:/usr/local/java/jre1.7.0_40/bin
LD_LIBRARY_PATH=.:
SHELL=/bin/bash
DISPLAY=:0

Signal Handlers:
SIGSEGV: [libjvm.so+0x503d90], sa_mask[0]=0x7ffbfeff, sa_flags=0x10000004
SIGBUS: [libjvm.so+0x503d90], sa_mask[0]=0x7ffbfeff, sa_flags=0x10000004
SIGFPE: [libjvm.so+0x3fbe80], sa_mask[0]=0x7ffbfeff, sa_flags=0x10000004
SIGPIPE: [libjvm.so+0x3fbe80], sa_mask[0]=0x7ffbfeff, sa_flags=0x10000004
SIGXFSZ: [libjvm.so+0x3fbe80], sa_mask[0]=0x7ffbfeff, sa_flags=0x10000004
SIGILL: [libjvm.so+0x3fbe80], sa_mask[0]=0x7ffbfeff, sa_flags=0x10000004
SIGUSR1: SIG_DFL, sa_mask[0]=0x00000000, sa_flags=0x00000000
SIGUSR2: [libjvm.so+0x3fd370], sa_mask[0]=0x00000004, sa_flags=0x10000004
SIGHUP: [libjvm.so+0x3fe4c0], sa_mask[0]=0x7ffbfeff, sa_flags=0x10000004
SIGINT: [libjvm.so+0x3fe4c0], sa_mask[0]=0x7ffbfeff, sa_flags=0x10000004
SIGTERM: [libjvm.so+0x3fe4c0], sa_mask[0]=0x7ffbfeff, sa_flags=0x10000004
SIGQUIT: [libjvm.so+0x3fe4c0], sa_mask[0]=0x7ffbfeff, sa_flags=0x10000004


---------------  S Y S T E M  ---------------

OS:wheezy/sid

uname:Linux 3.8.0-31-generic #46-Ubuntu SMP Tue Sep 10 19:56:49 UTC 2013 i686
libc:glibc 2.17 NPTL 2.17 
rlimit: STACK 8192k, CORE 0k, NPROC 24106, NOFILE 4096, AS infinity
load average:1,02 0,88 0,78

/proc/meminfo:
MemTotal:        3102120 kB
MemFree:          967188 kB
Buffers:           22628 kB
Cached:           208244 kB
SwapCached:           28 kB
Active:          1569424 kB
Inactive:         480204 kB
Active(anon):    1465804 kB
Inactive(anon):   373492 kB
Active(file):     103620 kB
Inactive(file):   106712 kB
Unevictable:          32 kB
Mlocked:              32 kB
HighTotal:       2231176 kB
HighFree:         188276 kB
LowTotal:         870944 kB
LowFree:          778912 kB
SwapTotal:       1999868 kB
SwapFree:        1998920 kB
Dirty:              5992 kB
Writeback:             0 kB
AnonPages:       1818728 kB
Mapped:           123000 kB
Shmem:             20540 kB
Slab:              34820 kB
SReclaimable:      14888 kB
SUnreclaim:        19932 kB
KernelStack:        5216 kB
PageTables:        13332 kB
NFS_Unstable:          0 kB
Bounce:                0 kB
WritebackTmp:          0 kB
CommitLimit:     3550928 kB
Committed_AS:    5225924 kB
VmallocTotal:     122880 kB
VmallocUsed:       46444 kB
VmallocChunk:      67060 kB
HardwareCorrupted:     0 kB
AnonHugePages:         0 kB
HugePages_Total:       0
HugePages_Free:        0
HugePages_Rsvd:        0
HugePages_Surp:        0
Hugepagesize:       2048 kB
DirectMap4k:       45048 kB
DirectMap2M:      868352 kB


CPU:total 2 (2 cores per cpu, 1 threads per core) family 15 model 6 stepping 5, cmov, cx8, fxsr, mmx, sse, sse2, sse3, tsc

/proc/cpuinfo:
processor	: 0
vendor_id	: GenuineIntel
cpu family	: 15
model		: 6
model name	: Intel(R) Pentium(R) D CPU 3.20GHz
stepping	: 5
microcode	: 0xb
cpu MHz		: 3200.000
cache size	: 2048 KB
physical id	: 0
siblings	: 2
core id		: 0
cpu cores	: 2
apicid		: 0
initial apicid	: 0
fdiv_bug	: no
hlt_bug		: no
f00f_bug	: no
coma_bug	: no
fpu		: yes
fpu_exception	: yes
cpuid level	: 6
wp		: yes
flags		: fpu vme de pse tsc msr pae mce cx8 apic sep mtrr pge mca cmov pat pse36 clflush dts acpi mmx fxsr sse sse2 ss ht tm pbe nx lm constant_tsc pebs bts pni dtes64 monitor ds_cpl est cid cx16 xtpr pdcm lahf_lm
bogomips	: 6399.16
clflush size	: 64
cache_alignment	: 128
address sizes	: 36 bits physical, 48 bits virtual
power management:

processor	: 1
vendor_id	: GenuineIntel
cpu family	: 15
model		: 6
model name	: Intel(R) Pentium(R) D CPU 3.20GHz
stepping	: 5
microcode	: 0xb
cpu MHz		: 3200.000
cache size	: 2048 KB
physical id	: 0
siblings	: 2
core id		: 1
cpu cores	: 2
apicid		: 1
initial apicid	: 1
fdiv_bug	: no
hlt_bug		: no
f00f_bug	: no
coma_bug	: no
fpu		: yes
fpu_exception	: yes
cpuid level	: 6
wp		: yes
flags		: fpu vme de pse tsc msr pae mce cx8 apic sep mtrr pge mca cmov pat pse36 clflush dts acpi mmx fxsr sse sse2 ss ht tm pbe nx lm constant_tsc pebs bts pni dtes64 monitor ds_cpl est cid cx16 xtpr pdcm lahf_lm
bogomips	: 6399.16
clflush size	: 64
cache_alignment	: 128
address sizes	: 36 bits physical, 48 bits virtual
power management:



Memory: 4k page, physical 3102120k(967188k free), swap 1999868k(1998920k free)

vm_info: Java HotSpot(TM) Client VM (24.0-b56) for linux-x86 JRE (1.7.0_40-b43), built on Aug 26 2013 22:05:59 by "java_re" with gcc 4.3.0 20080428 (Red Hat 4.3.0-8)

time: Mon Sep 30 04:08:21 2013
elapsed time: 0 seconds

